<?xml version="1.0" encoding="UTF-8" ?>
<testsuites id="2026-08-03" name="report_287" tests="2" failures="63" skipped="0" flaky="0" time="0.000">
	<testsuite id="0" name="live_planning_scene_test" package="tests" timestamp="2026-08-04T03:11:13" hostname="localhost" tests="2" failures="63" errors="384" skipped="0" flaky="0" time="21.256">
		<testcase name="test_live_planning_bible_multi_knight_session" classname="live_planning_scene_test" time="20.960">
			<error message="ERROR: res://tests/live_planning_scene_test.gd:734" type="ABORT">
<![CDATA[
Godot Runtime Error !
  'Invalid assignment of property or key 'legacy_modifiers' with value of type 'Dictionary' on a base object of type 'Resource (PassiveData)'.'
	at '_make_passive' in res://core/factory/data_library.gd:734
	at 'build' in res://core/factory/classes/knight_factory.gd:31
	at '_ensure_init' in res://core/factory/data_library.gd:154
	at 'get_unit' in res://core/factory/data_library.gd:39
	at '_collect_placements' in res://bridge/test_battle_encounter_builder.gd:13
	at 'build_encounter' in res://bridge/test_battle_encounter_builder.gd:56
	at '_load_skirmish' in res://presentation/test_battle_map_view.gd:23
	at '_ready' in res://presentation/tactical_map_view.gd:158
	at '_ready' in res://presentation/test_battle_map_view.gd:12
	at 'test_live_planning_bible_multi_knight_session' in res://tests/live_planning_scene_test.gd:93
]]>
			</error>
			<error message="ERROR: res://tests/live_planning_scene_test.gd:734" type="ABORT">
<![CDATA[
Godot Runtime Error !
  'Invalid assignment of property or key 'legacy_modifiers' with value of type 'Dictionary' on a base object of type 'Resource (PassiveData)'.'
	at '_make_passive' in res://core/factory/data_library.gd:734
	at 'build' in res://core/factory/classes/knight_factory.gd:32
	at '_ensure_init' in res://core/factory/data_library.gd:154
	at 'get_unit' in res://core/factory/data_library.gd:39
	at '_collect_placements' in res://bridge/test_battle_encounter_builder.gd:13
	at 'build_encounter' in res://bridge/test_battle_encounter_builder.gd:56
	at '_load_skirmish' in res://presentation/test_battle_map_view.gd:23
	at '_ready' in res://presentation/tactical_map_view.gd:158
	at '_ready' in res://presentation/test_battle_map_view.gd:12
	at 'test_live_planning_bible_multi_knight_session' in res://tests/live_planning_scene_test.gd:93
]]>
			</error>
			<error message="ERROR: res://tests/live_planning_scene_test.gd:734" type="ABORT">
<![CDATA[
Godot Runtime Error !
  'Invalid assignment of property or key 'legacy_modifiers' with value of type 'Dictionary' on a base object of type 'Resource (PassiveData)'.'
	at '_make_passive' in res://core/factory/data_library.gd:734
	at 'build' in res://core/factory/classes/knight_factory.gd:34
	at '_ensure_init' in res://core/factory/data_library.gd:154
	at 'get_unit' in res://core/factory/data_library.gd:39
	at '_collect_placements' in res://bridge/test_battle_encounter_builder.gd:13
	at 'build_encounter' in res://bridge/test_battle_encounter_builder.gd:56
	at '_load_skirmish' in res://presentation/test_battle_map_view.gd:23
	at '_ready' in res://presentation/tactical_map_view.gd:158
	at '_ready' in res://presentation/test_battle_map_view.gd:12
	at 'test_live_planning_bible_multi_knight_session' in res://tests/live_planning_scene_test.gd:93
]]>
			</error>
			<error message="ERROR: res://tests/live_planning_scene_test.gd:734" type="ABORT">
<![CDATA[
Godot Runtime Error !
  'Invalid assignment of property or key 'legacy_modifiers' with value of type 'Dictionary' on a base object of type 'Resource (PassiveData)'.'
	at '_make_passive' in res://core/factory/data_library.gd:734
	at 'build' in res://core/factory/classes/knight_factory.gd:40
	at '_ensure_init' in res://core/factory/data_library.gd:154
	at 'get_unit' in res://core/factory/data_library.gd:39
	at '_collect_placements' in res://bridge/test_battle_encounter_builder.gd:13
	at 'build_encounter' in res://bridge/test_battle_encounter_builder.gd:56
	at '_load_skirmish' in res://presentation/test_battle_map_view.gd:23
	at '_ready' in res://presentation/tactical_map_view.gd:158
	at '_ready' in res://presentation/test_battle_map_view.gd:12
	at 'test_live_planning_bible_multi_knight_session' in res://tests/live_planning_scene_test.gd:93
]]>
			</error>
			<error message="ERROR: res://tests/live_planning_scene_test.gd:734" type="ABORT">
<![CDATA[
Godot Runtime Error !
  'Invalid assignment of property or key 'legacy_modifiers' with value of type 'Dictionary' on a base object of type 'Resource (PassiveData)'.'
	at '_make_passive' in res://core/factory/data_library.gd:734
	at 'build' in res://core/factory/classes/knight_factory.gd:45
	at '_ensure_init' in res://core/factory/data_library.gd:154
	at 'get_unit' in res://core/factory/data_library.gd:39
	at '_collect_placements' in res://bridge/test_battle_encounter_builder.gd:13
	at 'build_encounter' in res://bridge/test_battle_encounter_builder.gd:56
	at '_load_skirmish' in res://presentation/test_battle_map_view.gd:23
	at '_ready' in res://presentation/tactical_map_view.gd:158
	at '_ready' in res://presentation/test_battle_map_view.gd:12
	at 'test_live_planning_bible_multi_knight_session' in res://tests/live_planning_scene_test.gd:93
]]>
			</error>
			<error message="ERROR: res://tests/live_planning_scene_test.gd:734" type="ABORT">
<![CDATA[
Godot Runtime Error !
  'Invalid assignment of property or key 'legacy_modifiers' with value of type 'Dictionary' on a base object of type 'Resource (PassiveData)'.'
	at '_make_passive' in res://core/factory/data_library.gd:734
	at 'build' in res://core/factory/classes/knight_factory.gd:47
	at '_ensure_init' in res://core/factory/data_library.gd:154
	at 'get_unit' in res://core/factory/data_library.gd:39
	at '_collect_placements' in res://bridge/test_battle_encounter_builder.gd:13
	at 'build_encounter' in res://bridge/test_battle_encounter_builder.gd:56
	at '_load_skirmish' in res://presentation/test_battle_map_view.gd:23
	at '_ready' in res://presentation/tactical_map_view.gd:158
	at '_ready' in res://presentation/test_battle_map_view.gd:12
	at 'test_live_planning_bible_multi_knight_session' in res://tests/live_planning_scene_test.gd:93
]]>
			</error>
			<error message="ERROR: res://tests/live_planning_scene_test.gd:734" type="ABORT">
<![CDATA[
Godot Runtime Error !
  'Invalid assignment of property or key 'legacy_modifiers' with value of type 'Dictionary' on a base object of type 'Resource (PassiveData)'.'
	at '_make_passive' in res://core/factory/data_library.gd:734
	at 'build' in res://core/factory/classes/knight_factory.gd:48
	at '_ensure_init' in res://core/factory/data_library.gd:154
	at 'get_unit' in res://core/factory/data_library.gd:39
	at '_collect_placements' in res://bridge/test_battle_encounter_builder.gd:13
	at 'build_encounter' in res://bridge/test_battle_encounter_builder.gd:56
	at '_load_skirmish' in res://presentation/test_battle_map_view.gd:23
	at '_ready' in res://presentation/tactical_map_view.gd:158
	at '_ready' in res://presentation/test_battle_map_view.gd:12
	at 'test_live_planning_bible_multi_knight_session' in res://tests/live_planning_scene_test.gd:93
]]>
			</error>
			<error message="ERROR: res://tests/live_planning_scene_test.gd:734" type="ABORT">
<![CDATA[
Godot Runtime Error !
  'Invalid assignment of property or key 'legacy_modifiers' with value of type 'Dictionary' on a base object of type 'Resource (PassiveData)'.'
	at '_make_passive' in res://core/factory/data_library.gd:734
	at 'build' in res://core/factory/classes/knight_factory.gd:49
	at '_ensure_init' in res://core/factory/data_library.gd:154
	at 'get_unit' in res://core/factory/data_library.gd:39
	at '_collect_placements' in res://bridge/test_battle_encounter_builder.gd:13
	at 'build_encounter' in res://bridge/test_battle_encounter_builder.gd:56
	at '_load_skirmish' in res://presentation/test_battle_map_view.gd:23
	at '_ready' in res://presentation/tactical_map_view.gd:158
	at '_ready' in res://presentation/test_battle_map_view.gd:12
	at 'test_live_planning_bible_multi_knight_session' in res://tests/live_planning_scene_test.gd:93
]]>
			</error>
			<error message="ERROR: res://tests/live_planning_scene_test.gd:734" type="ABORT">
<![CDATA[
Godot Runtime Error !
  'Invalid assignment of property or key 'legacy_modifiers' with value of type 'Dictionary' on a base object of type 'Resource (PassiveData)'.'
	at '_make_passive' in res://core/factory/data_library.gd:734
	at 'build' in res://core/factory/classes/knight_factory.gd:50
	at '_ensure_init' in res://core/factory/data_library.gd:154
	at 'get_unit' in res://core/factory/data_library.gd:39
	at '_collect_placements' in res://bridge/test_battle_encounter_builder.gd:13
	at 'build_encounter' in res://bridge/test_battle_encounter_builder.gd:56
	at '_load_skirmish' in res://presentation/test_battle_map_view.gd:23
	at '_ready' in res://presentation/tactical_map_view.gd:158
	at '_ready' in res://presentation/test_battle_map_view.gd:12
	at 'test_live_planning_bible_multi_knight_session' in res://tests/live_planning_scene_test.gd:93
]]>
			</error>
			<error message="ERROR: res://tests/live_planning_scene_test.gd:734" type="ABORT">
<![CDATA[
Godot Runtime Error !
  'Invalid assignment of property or key 'legacy_modifiers' with value of type 'Dictionary' on a base object of type 'Resource (PassiveData)'.'
	at '_make_passive' in res://core/factory/data_library.gd:734
	at 'build' in res://core/factory/classes/knight_factory.gd:51
	at '_ensure_init' in res://core/factory/data_library.gd:154
	at 'get_unit' in res://core/factory/data_library.gd:39
	at '_collect_placements' in res://bridge/test_battle_encounter_builder.gd:13
	at 'build_encounter' in res://bridge/test_battle_encounter_builder.gd:56
	at '_load_skirmish' in res://presentation/test_battle_map_view.gd:23
	at '_ready' in res://presentation/tactical_map_view.gd:158
	at '_ready' in res://presentation/test_battle_map_view.gd:12
	at 'test_live_planning_bible_multi_knight_session' in res://tests/live_planning_scene_test.gd:93
]]>
			</error>
			<error message="ERROR: res://tests/live_planning_scene_test.gd:734" type="ABORT">
<![CDATA[
Godot Runtime Error !
  'Invalid assignment of property or key 'legacy_modifiers' with value of type 'Dictionary' on a base object of type 'Resource (PassiveData)'.'
	at '_make_passive' in res://core/factory/data_library.gd:734
	at 'build' in res://core/factory/classes/knight_factory.gd:53
	at '_ensure_init' in res://core/factory/data_library.gd:154
	at 'get_unit' in res://core/factory/data_library.gd:39
	at '_collect_placements' in res://bridge/test_battle_encounter_builder.gd:13
	at 'build_encounter' in res://bridge/test_battle_encounter_builder.gd:56
	at '_load_skirmish' in res://presentation/test_battle_map_view.gd:23
	at '_ready' in res://presentation/tactical_map_view.gd:158
	at '_ready' in res://presentation/test_battle_map_view.gd:12
	at 'test_live_planning_bible_multi_knight_session' in res://tests/live_planning_scene_test.gd:93
]]>
			</error>
			<error message="ERROR: res://tests/live_planning_scene_test.gd:734" type="ABORT">
<![CDATA[
Godot Runtime Error !
  'Invalid assignment of property or key 'legacy_modifiers' with value of type 'Dictionary' on a base object of type 'Resource (PassiveData)'.'
	at '_make_passive' in res://core/factory/data_library.gd:734
	at 'build' in res://core/factory/classes/knight_factory.gd:54
	at '_ensure_init' in res://core/factory/data_library.gd:154
	at 'get_unit' in res://core/factory/data_library.gd:39
	at '_collect_placements' in res://bridge/test_battle_encounter_builder.gd:13
	at 'build_encounter' in res://bridge/test_battle_encounter_builder.gd:56
	at '_load_skirmish' in res://presentation/test_battle_map_view.gd:23
	at '_ready' in res://presentation/tactical_map_view.gd:158
	at '_ready' in res://presentation/test_battle_map_view.gd:12
	at 'test_live_planning_bible_multi_knight_session' in res://tests/live_planning_scene_test.gd:93
]]>
			</error>
			<error message="ERROR: res://tests/live_planning_scene_test.gd:734" type="ABORT">
<![CDATA[
Godot Runtime Error !
  'Invalid assignment of property or key 'legacy_modifiers' with value of type 'Dictionary' on a base object of type 'Resource (PassiveData)'.'
	at '_make_passive' in res://core/factory/data_library.gd:734
	at 'build' in res://core/factory/classes/knight_factory.gd:55
	at '_ensure_init' in res://core/factory/data_library.gd:154
	at 'get_unit' in res://core/factory/data_library.gd:39
	at '_collect_placements' in res://bridge/test_battle_encounter_builder.gd:13
	at 'build_encounter' in res://bridge/test_battle_encounter_builder.gd:56
	at '_load_skirmish' in res://presentation/test_battle_map_view.gd:23
	at '_ready' in res://presentation/tactical_map_view.gd:158
	at '_ready' in res://presentation/test_battle_map_view.gd:12
	at 'test_live_planning_bible_multi_knight_session' in res://tests/live_planning_scene_test.gd:93
]]>
			</error>
			<error message="ERROR: res://tests/live_planning_scene_test.gd:734" type="ABORT">
<![CDATA[
Godot Runtime Error !
  'Invalid assignment of property or key 'legacy_modifiers' with value of type 'Dictionary' on a base object of type 'Resource (PassiveData)'.'
	at '_make_passive' in res://core/factory/data_library.gd:734
	at 'build' in res://core/factory/classes/knight_factory.gd:56
	at '_ensure_init' in res://core/factory/data_library.gd:154
	at 'get_unit' in res://core/factory/data_library.gd:39
	at '_collect_placements' in res://bridge/test_battle_encounter_builder.gd:13
	at 'build_encounter' in res://bridge/test_battle_encounter_builder.gd:56
	at '_load_skirmish' in res://presentation/test_battle_map_view.gd:23
	at '_ready' in res://presentation/tactical_map_view.gd:158
	at '_ready' in res://presentation/test_battle_map_view.gd:12
	at 'test_live_planning_bible_multi_knight_session' in res://tests/live_planning_scene_test.gd:93
]]>
			</error>
			<error message="ERROR: res://tests/live_planning_scene_test.gd:734" type="ABORT">
<![CDATA[
Godot Runtime Error !
  'Invalid assignment of property or key 'legacy_modifiers' with value of type 'Dictionary' on a base object of type 'Resource (PassiveData)'.'
	at '_make_passive' in res://core/factory/data_library.gd:734
	at 'build' in res://core/factory/classes/knight_factory.gd:57
	at '_ensure_init' in res://core/factory/data_library.gd:154
	at 'get_unit' in res://core/factory/data_library.gd:39
	at '_collect_placements' in res://bridge/test_battle_encounter_builder.gd:13
	at 'build_encounter' in res://bridge/test_battle_encounter_builder.gd:56
	at '_load_skirmish' in res://presentation/test_battle_map_view.gd:23
	at '_ready' in res://presentation/tactical_map_view.gd:158
	at '_ready' in res://presentation/test_battle_map_view.gd:12
	at 'test_live_planning_bible_multi_knight_session' in res://tests/live_planning_scene_test.gd:93
]]>
			</error>
			<error message="ERROR: res://tests/live_planning_scene_test.gd:734" type="ABORT">
<![CDATA[
Godot Runtime Error !
  'Invalid assignment of property or key 'legacy_modifiers' with value of type 'Dictionary' on a base object of type 'Resource (PassiveData)'.'
	at '_make_passive' in res://core/factory/data_library.gd:734
	at '_ensure_init' in res://core/factory/data_library.gd:157
	at 'get_unit' in res://core/factory/data_library.gd:39
	at '_collect_placements' in res://bridge/test_battle_encounter_builder.gd:13
	at 'build_encounter' in res://bridge/test_battle_encounter_builder.gd:56
	at '_load_skirmish' in res://presentation/test_battle_map_view.gd:23
	at '_ready' in res://presentation/tactical_map_view.gd:158
	at '_ready' in res://presentation/test_battle_map_view.gd:12
	at 'test_live_planning_bible_multi_knight_session' in res://tests/live_planning_scene_test.gd:93
]]>
			</error>
			<error message="ERROR: res://tests/live_planning_scene_test.gd:734" type="ABORT">
<![CDATA[
Godot Runtime Error !
  'Invalid assignment of property or key 'legacy_modifiers' with value of type 'Dictionary' on a base object of type 'Resource (PassiveData)'.'
	at '_make_passive' in res://core/factory/data_library.gd:734
	at 'build' in res://core/factory/classes/bruiser_factory.gd:35
	at '_ensure_init' in res://core/factory/data_library.gd:163
	at 'get_unit' in res://core/factory/data_library.gd:39
	at '_collect_placements' in res://bridge/test_battle_encounter_builder.gd:13
	at 'build_encounter' in res://bridge/test_battle_encounter_builder.gd:56
	at '_load_skirmish' in res://presentation/test_battle_map_view.gd:23
	at '_ready' in res://presentation/tactical_map_view.gd:158
	at '_ready' in res://presentation/test_battle_map_view.gd:12
	at 'test_live_planning_bible_multi_knight_session' in res://tests/live_planning_scene_test.gd:93
]]>
			</error>
			<error message="ERROR: res://tests/live_planning_scene_test.gd:734" type="ABORT">
<![CDATA[
Godot Runtime Error !
  'Invalid assignment of property or key 'legacy_modifiers' with value of type 'Dictionary' on a base object of type 'Resource (PassiveData)'.'
	at '_make_passive' in res://core/factory/data_library.gd:734
	at 'build' in res://core/factory/classes/bruiser_factory.gd:36
	at '_ensure_init' in res://core/factory/data_library.gd:163
	at 'get_unit' in res://core/factory/data_library.gd:39
	at '_collect_placements' in res://bridge/test_battle_encounter_builder.gd:13
	at 'build_encounter' in res://bridge/test_battle_encounter_builder.gd:56
	at '_load_skirmish' in res://presentation/test_battle_map_view.gd:23
	at '_ready' in res://presentation/tactical_map_view.gd:158
	at '_ready' in res://presentation/test_battle_map_view.gd:12
	at 'test_live_planning_bible_multi_knight_session' in res://tests/live_planning_scene_test.gd:93
]]>
			</error>
			<error message="ERROR: res://tests/live_planning_scene_test.gd:734" type="ABORT">
<![CDATA[
Godot Runtime Error !
  'Invalid assignment of property or key 'legacy_modifiers' with value of type 'Dictionary' on a base object of type 'Resource (PassiveData)'.'
	at '_make_passive' in res://core/factory/data_library.gd:734
	at 'build' in res://core/factory/classes/bruiser_factory.gd:37
	at '_ensure_init' in res://core/factory/data_library.gd:163
	at 'get_unit' in res://core/factory/data_library.gd:39
	at '_collect_placements' in res://bridge/test_battle_encounter_builder.gd:13
	at 'build_encounter' in res://bridge/test_battle_encounter_builder.gd:56
	at '_load_skirmish' in res://presentation/test_battle_map_view.gd:23
	at '_ready' in res://presentation/tactical_map_view.gd:158
	at '_ready' in res://presentation/test_battle_map_view.gd:12
	at 'test_live_planning_bible_multi_knight_session' in res://tests/live_planning_scene_test.gd:93
]]>
			</error>
			<error message="ERROR: res://tests/live_planning_scene_test.gd:734" type="ABORT">
<![CDATA[
Godot Runtime Error !
  'Invalid assignment of property or key 'legacy_modifiers' with value of type 'Dictionary' on a base object of type 'Resource (PassiveData)'.'
	at '_make_passive' in res://core/factory/data_library.gd:734
	at 'build' in res://core/factory/classes/bruiser_factory.gd:38
	at '_ensure_init' in res://core/factory/data_library.gd:163
	at 'get_unit' in res://core/factory/data_library.gd:39
	at '_collect_placements' in res://bridge/test_battle_encounter_builder.gd:13
	at 'build_encounter' in res://bridge/test_battle_encounter_builder.gd:56
	at '_load_skirmish' in res://presentation/test_battle_map_view.gd:23
	at '_ready' in res://presentation/tactical_map_view.gd:158
	at '_ready' in res://presentation/test_battle_map_view.gd:12
	at 'test_live_planning_bible_multi_knight_session' in res://tests/live_planning_scene_test.gd:93
]]>
			</error>
			<error message="ERROR: res://tests/live_planning_scene_test.gd:734" type="ABORT">
<![CDATA[
Godot Runtime Error !
  'Invalid assignment of property or key 'legacy_modifiers' with value of type 'Dictionary' on a base object of type 'Resource (PassiveData)'.'
	at '_make_passive' in res://core/factory/data_library.gd:734
	at 'build' in res://core/factory/classes/bruiser_factory.gd:39
	at '_ensure_init' in res://core/factory/data_library.gd:163
	at 'get_unit' in res://core/factory/data_library.gd:39
	at '_collect_placements' in res://bridge/test_battle_encounter_builder.gd:13
	at 'build_encounter' in res://bridge/test_battle_encounter_builder.gd:56
	at '_load_skirmish' in res://presentation/test_battle_map_view.gd:23
	at '_ready' in res://presentation/tactical_map_view.gd:158
	at '_ready' in res://presentation/test_battle_map_view.gd:12
	at 'test_live_planning_bible_multi_knight_session' in res://tests/live_planning_scene_test.gd:93
]]>
			</error>
			<error message="ERROR: res://tests/live_planning_scene_test.gd:734" type="ABORT">
<![CDATA[
Godot Runtime Error !
  'Invalid assignment of property or key 'legacy_modifiers' with value of type 'Dictionary' on a base object of type 'Resource (PassiveData)'.'
	at '_make_passive' in res://core/factory/data_library.gd:734
	at 'build' in res://core/factory/classes/bruiser_factory.gd:41
	at '_ensure_init' in res://core/factory/data_library.gd:163
	at 'get_unit' in res://core/factory/data_library.gd:39
	at '_collect_placements' in res://bridge/test_battle_encounter_builder.gd:13
	at 'build_encounter' in res://bridge/test_battle_encounter_builder.gd:56
	at '_load_skirmish' in res://presentation/test_battle_map_view.gd:23
	at '_ready' in res://presentation/tactical_map_view.gd:158
	at '_ready' in res://presentation/test_battle_map_view.gd:12
	at 'test_live_planning_bible_multi_knight_session' in res://tests/live_planning_scene_test.gd:93
]]>
			</error>
			<error message="ERROR: res://tests/live_planning_scene_test.gd:734" type="ABORT">
<![CDATA[
Godot Runtime Error !
  'Invalid assignment of property or key 'legacy_modifiers' with value of type 'Dictionary' on a base object of type 'Resource (PassiveData)'.'
	at '_make_passive' in res://core/factory/data_library.gd:734
	at 'build' in res://core/factory/classes/bruiser_factory.gd:42
	at '_ensure_init' in res://core/factory/data_library.gd:163
	at 'get_unit' in res://core/factory/data_library.gd:39
	at '_collect_placements' in res://bridge/test_battle_encounter_builder.gd:13
	at 'build_encounter' in res://bridge/test_battle_encounter_builder.gd:56
	at '_load_skirmish' in res://presentation/test_battle_map_view.gd:23
	at '_ready' in res://presentation/tactical_map_view.gd:158
	at '_ready' in res://presentation/test_battle_map_view.gd:12
	at 'test_live_planning_bible_multi_knight_session' in res://tests/live_planning_scene_test.gd:93
]]>
			</error>
			<error message="ERROR: res://tests/live_planning_scene_test.gd:734" type="ABORT">
<![CDATA[
Godot Runtime Error !
  'Invalid assignment of property or key 'legacy_modifiers' with value of type 'Dictionary' on a base object of type 'Resource (PassiveData)'.'
	at '_make_passive' in res://core/factory/data_library.gd:734
	at 'build' in res://core/factory/classes/bruiser_factory.gd:43
	at '_ensure_init' in res://core/factory/data_library.gd:163
	at 'get_unit' in res://core/factory/data_library.gd:39
	at '_collect_placements' in res://bridge/test_battle_encounter_builder.gd:13
	at 'build_encounter' in res://bridge/test_battle_encounter_builder.gd:56
	at '_load_skirmish' in res://presentation/test_battle_map_view.gd:23
	at '_ready' in res://presentation/tactical_map_view.gd:158
	at '_ready' in res://presentation/test_battle_map_view.gd:12
	at 'test_live_planning_bible_multi_knight_session' in res://tests/live_planning_scene_test.gd:93
]]>
			</error>
			<error message="ERROR: res://tests/live_planning_scene_test.gd:734" type="ABORT">
<![CDATA[
Godot Runtime Error !
  'Invalid assignment of property or key 'legacy_modifiers' with value of type 'Dictionary' on a base object of type 'Resource (PassiveData)'.'
	at '_make_passive' in res://core/factory/data_library.gd:734
	at 'build' in res://core/factory/classes/bruiser_factory.gd:44
	at '_ensure_init' in res://core/factory/data_library.gd:163
	at 'get_unit' in res://core/factory/data_library.gd:39
	at '_collect_placements' in res://bridge/test_battle_encounter_builder.gd:13
	at 'build_encounter' in res://bridge/test_battle_encounter_builder.gd:56
	at '_load_skirmish' in res://presentation/test_battle_map_view.gd:23
	at '_ready' in res://presentation/tactical_map_view.gd:158
	at '_ready' in res://presentation/test_battle_map_view.gd:12
	at 'test_live_planning_bible_multi_knight_session' in res://tests/live_planning_scene_test.gd:93
]]>
			</error>
			<error message="ERROR: res://tests/live_planning_scene_test.gd:734" type="ABORT">
<![CDATA[
Godot Runtime Error !
  'Invalid assignment of property or key 'legacy_modifiers' with value of type 'Dictionary' on a base object of type 'Resource (PassiveData)'.'
	at '_make_passive' in res://core/factory/data_library.gd:734
	at 'build' in res://core/factory/classes/bruiser_factory.gd:45
	at '_ensure_init' in res://core/factory/data_library.gd:163
	at 'get_unit' in res://core/factory/data_library.gd:39
	at '_collect_placements' in res://bridge/test_battle_encounter_builder.gd:13
	at 'build_encounter' in res://bridge/test_battle_encounter_builder.gd:56
	at '_load_skirmish' in res://presentation/test_battle_map_view.gd:23
	at '_ready' in res://presentation/tactical_map_view.gd:158
	at '_ready' in res://presentation/test_battle_map_view.gd:12
	at 'test_live_planning_bible_multi_knight_session' in res://tests/live_planning_scene_test.gd:93
]]>
			</error>
			<error message="ERROR: res://tests/live_planning_scene_test.gd:734" type="ABORT">
<![CDATA[
Godot Runtime Error !
  'Invalid assignment of property or key 'legacy_modifiers' with value of type 'Dictionary' on a base object of type 'Resource (PassiveData)'.'
	at '_make_passive' in res://core/factory/data_library.gd:734
	at 'build' in res://core/factory/classes/bruiser_factory.gd:47
	at '_ensure_init' in res://core/factory/data_library.gd:163
	at 'get_unit' in res://core/factory/data_library.gd:39
	at '_collect_placements' in res://bridge/test_battle_encounter_builder.gd:13
	at 'build_encounter' in res://bridge/test_battle_encounter_builder.gd:56
	at '_load_skirmish' in res://presentation/test_battle_map_view.gd:23
	at '_ready' in res://presentation/tactical_map_view.gd:158
	at '_ready' in res://presentation/test_battle_map_view.gd:12
	at 'test_live_planning_bible_multi_knight_session' in res://tests/live_planning_scene_test.gd:93
]]>
			</error>
			<error message="ERROR: res://tests/live_planning_scene_test.gd:734" type="ABORT">
<![CDATA[
Godot Runtime Error !
  'Invalid assignment of property or key 'legacy_modifiers' with value of type 'Dictionary' on a base object of type 'Resource (PassiveData)'.'
	at '_make_passive' in res://core/factory/data_library.gd:734
	at 'build' in res://core/factory/classes/bruiser_factory.gd:48
	at '_ensure_init' in res://core/factory/data_library.gd:163
	at 'get_unit' in res://core/factory/data_library.gd:39
	at '_collect_placements' in res://bridge/test_battle_encounter_builder.gd:13
	at 'build_encounter' in res://bridge/test_battle_encounter_builder.gd:56
	at '_load_skirmish' in res://presentation/test_battle_map_view.gd:23
	at '_ready' in res://presentation/tactical_map_view.gd:158
	at '_ready' in res://presentation/test_battle_map_view.gd:12
	at 'test_live_planning_bible_multi_knight_session' in res://tests/live_planning_scene_test.gd:93
]]>
			</error>
			<error message="ERROR: res://tests/live_planning_scene_test.gd:734" type="ABORT">
<![CDATA[
Godot Runtime Error !
  'Invalid assignment of property or key 'legacy_modifiers' with value of type 'Dictionary' on a base object of type 'Resource (PassiveData)'.'
	at '_make_passive' in res://core/factory/data_library.gd:734
	at 'build' in res://core/factory/classes/bruiser_factory.gd:49
	at '_ensure_init' in res://core/factory/data_library.gd:163
	at 'get_unit' in res://core/factory/data_library.gd:39
	at '_collect_placements' in res://bridge/test_battle_encounter_builder.gd:13
	at 'build_encounter' in res://bridge/test_battle_encounter_builder.gd:56
	at '_load_skirmish' in res://presentation/test_battle_map_view.gd:23
	at '_ready' in res://presentation/tactical_map_view.gd:158
	at '_ready' in res://presentation/test_battle_map_view.gd:12
	at 'test_live_planning_bible_multi_knight_session' in res://tests/live_planning_scene_test.gd:93
]]>
			</error>
			<error message="ERROR: res://tests/live_planning_scene_test.gd:734" type="ABORT">
<![CDATA[
Godot Runtime Error !
  'Invalid assignment of property or key 'legacy_modifiers' with value of type 'Dictionary' on a base object of type 'Resource (PassiveData)'.'
	at '_make_passive' in res://core/factory/data_library.gd:734
	at 'build' in res://core/factory/classes/bruiser_factory.gd:50
	at '_ensure_init' in res://core/factory/data_library.gd:163
	at 'get_unit' in res://core/factory/data_library.gd:39
	at '_collect_placements' in res://bridge/test_battle_encounter_builder.gd:13
	at 'build_encounter' in res://bridge/test_battle_encounter_builder.gd:56
	at '_load_skirmish' in res://presentation/test_battle_map_view.gd:23
	at '_ready' in res://presentation/tactical_map_view.gd:158
	at '_ready' in res://presentation/test_battle_map_view.gd:12
	at 'test_live_planning_bible_multi_knight_session' in res://tests/live_planning_scene_test.gd:93
]]>
			</error>
			<error message="ERROR: res://tests/live_planning_scene_test.gd:734" type="ABORT">
<![CDATA[
Godot Runtime Error !
  'Invalid assignment of property or key 'legacy_modifiers' with value of type 'Dictionary' on a base object of type 'Resource (PassiveData)'.'
	at '_make_passive' in res://core/factory/data_library.gd:734
	at 'build' in res://core/factory/classes/bruiser_factory.gd:51
	at '_ensure_init' in res://core/factory/data_library.gd:163
	at 'get_unit' in res://core/factory/data_library.gd:39
	at '_collect_placements' in res://bridge/test_battle_encounter_builder.gd:13
	at 'build_encounter' in res://bridge/test_battle_encounter_builder.gd:56
	at '_load_skirmish' in res://presentation/test_battle_map_view.gd:23
	at '_ready' in res://presentation/tactical_map_view.gd:158
	at '_ready' in res://presentation/test_battle_map_view.gd:12
	at 'test_live_planning_bible_multi_knight_session' in res://tests/live_planning_scene_test.gd:93
]]>
			</error>
			<error message="ERROR: res://tests/live_planning_scene_test.gd:61" type="ABORT">
<![CDATA[
Godot Runtime Error !
  'Invalid assignment of property or key 'ghost_move' with value of type 'int' on a base object of type 'Resource (AbilityModule)'.'
	at 'build' in res://core/factory/classes/bruiser_factory.gd:61
	at '_ensure_init' in res://core/factory/data_library.gd:163
	at 'get_unit' in res://core/factory/data_library.gd:39
	at '_collect_placements' in res://bridge/test_battle_encounter_builder.gd:13
	at 'build_encounter' in res://bridge/test_battle_encounter_builder.gd:56
	at '_load_skirmish' in res://presentation/test_battle_map_view.gd:23
	at '_ready' in res://presentation/tactical_map_view.gd:158
	at '_ready' in res://presentation/test_battle_map_view.gd:12
	at 'test_live_planning_bible_multi_knight_session' in res://tests/live_planning_scene_test.gd:93
]]>
			</error>
			<error message="ERROR: res://tests/live_planning_scene_test.gd:734" type="ABORT">
<![CDATA[
Godot Runtime Error !
  'Invalid assignment of property or key 'legacy_modifiers' with value of type 'Dictionary' on a base object of type 'Resource (PassiveData)'.'
	at '_make_passive' in res://core/factory/data_library.gd:734
	at 'build' in res://core/factory/classes/cavalier_factory.gd:25
	at '_ensure_init' in res://core/factory/data_library.gd:166
	at 'get_unit' in res://core/factory/data_library.gd:39
	at '_collect_placements' in res://bridge/test_battle_encounter_builder.gd:13
	at 'build_encounter' in res://bridge/test_battle_encounter_builder.gd:56
	at '_load_skirmish' in res://presentation/test_battle_map_view.gd:23
	at '_ready' in res://presentation/tactical_map_view.gd:158
	at '_ready' in res://presentation/test_battle_map_view.gd:12
	at 'test_live_planning_bible_multi_knight_session' in res://tests/live_planning_scene_test.gd:93
]]>
			</error>
			<error message="ERROR: res://tests/live_planning_scene_test.gd:734" type="ABORT">
<![CDATA[
Godot Runtime Error !
  'Invalid assignment of property or key 'legacy_modifiers' with value of type 'Dictionary' on a base object of type 'Resource (PassiveData)'.'
	at '_make_passive' in res://core/factory/data_library.gd:734
	at 'build' in res://core/factory/classes/cavalier_factory.gd:26
	at '_ensure_init' in res://core/factory/data_library.gd:166
	at 'get_unit' in res://core/factory/data_library.gd:39
	at '_collect_placements' in res://bridge/test_battle_encounter_builder.gd:13
	at 'build_encounter' in res://bridge/test_battle_encounter_builder.gd:56
	at '_load_skirmish' in res://presentation/test_battle_map_view.gd:23
	at '_ready' in res://presentation/tactical_map_view.gd:158
	at '_ready' in res://presentation/test_battle_map_view.gd:12
	at 'test_live_planning_bible_multi_knight_session' in res://tests/live_planning_scene_test.gd:93
]]>
			</error>
			<error message="ERROR: res://tests/live_planning_scene_test.gd:734" type="ABORT">
<![CDATA[
Godot Runtime Error !
  'Invalid assignment of property or key 'legacy_modifiers' with value of type 'Dictionary' on a base object of type 'Resource (PassiveData)'.'
	at '_make_passive' in res://core/factory/data_library.gd:734
	at 'build' in res://core/factory/classes/cavalier_factory.gd:27
	at '_ensure_init' in res://core/factory/data_library.gd:166
	at 'get_unit' in res://core/factory/data_library.gd:39
	at '_collect_placements' in res://bridge/test_battle_encounter_builder.gd:13
	at 'build_encounter' in res://bridge/test_battle_encounter_builder.gd:56
	at '_load_skirmish' in res://presentation/test_battle_map_view.gd:23
	at '_ready' in res://presentation/tactical_map_view.gd:158
	at '_ready' in res://presentation/test_battle_map_view.gd:12
	at 'test_live_planning_bible_multi_knight_session' in res://tests/live_planning_scene_test.gd:93
]]>
			</error>
			<error message="ERROR: res://tests/live_planning_scene_test.gd:734" type="ABORT">
<![CDATA[
Godot Runtime Error !
  'Invalid assignment of property or key 'legacy_modifiers' with value of type 'Dictionary' on a base object of type 'Resource (PassiveData)'.'
	at '_make_passive' in res://core/factory/data_library.gd:734
	at 'build' in res://core/factory/classes/cavalier_factory.gd:28
	at '_ensure_init' in res://core/factory/data_library.gd:166
	at 'get_unit' in res://core/factory/data_library.gd:39
	at '_collect_placements' in res://bridge/test_battle_encounter_builder.gd:13
	at 'build_encounter' in res://bridge/test_battle_encounter_builder.gd:56
	at '_load_skirmish' in res://presentation/test_battle_map_view.gd:23
	at '_ready' in res://presentation/tactical_map_view.gd:158
	at '_ready' in res://presentation/test_battle_map_view.gd:12
	at 'test_live_planning_bible_multi_knight_session' in res://tests/live_planning_scene_test.gd:93
]]>
			</error>
			<error message="ERROR: res://tests/live_planning_scene_test.gd:734" type="ABORT">
<![CDATA[
Godot Runtime Error !
  'Invalid assignment of property or key 'legacy_modifiers' with value of type 'Dictionary' on a base object of type 'Resource (PassiveData)'.'
	at '_make_passive' in res://core/factory/data_library.gd:734
	at 'build' in res://core/factory/classes/cavalier_factory.gd:29
	at '_ensure_init' in res://core/factory/data_library.gd:166
	at 'get_unit' in res://core/factory/data_library.gd:39
	at '_collect_placements' in res://bridge/test_battle_encounter_builder.gd:13
	at 'build_encounter' in res://bridge/test_battle_encounter_builder.gd:56
	at '_load_skirmish' in res://presentation/test_battle_map_view.gd:23
	at '_ready' in res://presentation/tactical_map_view.gd:158
	at '_ready' in res://presentation/test_battle_map_view.gd:12
	at 'test_live_planning_bible_multi_knight_session' in res://tests/live_planning_scene_test.gd:93
]]>
			</error>
			<error message="ERROR: res://tests/live_planning_scene_test.gd:734" type="ABORT">
<![CDATA[
Godot Runtime Error !
  'Invalid assignment of property or key 'legacy_modifiers' with value of type 'Dictionary' on a base object of type 'Resource (PassiveData)'.'
	at '_make_passive' in res://core/factory/data_library.gd:734
	at 'build' in res://core/factory/classes/cavalier_factory.gd:31
	at '_ensure_init' in res://core/factory/data_library.gd:166
	at 'get_unit' in res://core/factory/data_library.gd:39
	at '_collect_placements' in res://bridge/test_battle_encounter_builder.gd:13
	at 'build_encounter' in res://bridge/test_battle_encounter_builder.gd:56
	at '_load_skirmish' in res://presentation/test_battle_map_view.gd:23
	at '_ready' in res://presentation/tactical_map_view.gd:158
	at '_ready' in res://presentation/test_battle_map_view.gd:12
	at 'test_live_planning_bible_multi_knight_session' in res://tests/live_planning_scene_test.gd:93
]]>
			</error>
			<error message="ERROR: res://tests/live_planning_scene_test.gd:734" type="ABORT">
<![CDATA[
Godot Runtime Error !
  'Invalid assignment of property or key 'legacy_modifiers' with value of type 'Dictionary' on a base object of type 'Resource (PassiveData)'.'
	at '_make_passive' in res://core/factory/data_library.gd:734
	at 'build' in res://core/factory/classes/cavalier_factory.gd:32
	at '_ensure_init' in res://core/factory/data_library.gd:166
	at 'get_unit' in res://core/factory/data_library.gd:39
	at '_collect_placements' in res://bridge/test_battle_encounter_builder.gd:13
	at 'build_encounter' in res://bridge/test_battle_encounter_builder.gd:56
	at '_load_skirmish' in res://presentation/test_battle_map_view.gd:23
	at '_ready' in res://presentation/tactical_map_view.gd:158
	at '_ready' in res://presentation/test_battle_map_view.gd:12
	at 'test_live_planning_bible_multi_knight_session' in res://tests/live_planning_scene_test.gd:93
]]>
			</error>
			<error message="ERROR: res://tests/live_planning_scene_test.gd:734" type="ABORT">
<![CDATA[
Godot Runtime Error !
  'Invalid assignment of property or key 'legacy_modifiers' with value of type 'Dictionary' on a base object of type 'Resource (PassiveData)'.'
	at '_make_passive' in res://core/factory/data_library.gd:734
	at 'build' in res://core/factory/classes/cavalier_factory.gd:33
	at '_ensure_init' in res://core/factory/data_library.gd:166
	at 'get_unit' in res://core/factory/data_library.gd:39
	at '_collect_placements' in res://bridge/test_battle_encounter_builder.gd:13
	at 'build_encounter' in res://bridge/test_battle_encounter_builder.gd:56
	at '_load_skirmish' in res://presentation/test_battle_map_view.gd:23
	at '_ready' in res://presentation/tactical_map_view.gd:158
	at '_ready' in res://presentation/test_battle_map_view.gd:12
	at 'test_live_planning_bible_multi_knight_session' in res://tests/live_planning_scene_test.gd:93
]]>
			</error>
			<error message="ERROR: res://tests/live_planning_scene_test.gd:734" type="ABORT">
<![CDATA[
Godot Runtime Error !
  'Invalid assignment of property or key 'legacy_modifiers' with value of type 'Dictionary' on a base object of type 'Resource (PassiveData)'.'
	at '_make_passive' in res://core/factory/data_library.gd:734
	at 'build' in res://core/factory/classes/cavalier_factory.gd:34
	at '_ensure_init' in res://core/factory/data_library.gd:166
	at 'get_unit' in res://core/factory/data_library.gd:39
	at '_collect_placements' in res://bridge/test_battle_encounter_builder.gd:13
	at 'build_encounter' in res://bridge/test_battle_encounter_builder.gd:56
	at '_load_skirmish' in res://presentation/test_battle_map_view.gd:23
	at '_ready' in res://presentation/tactical_map_view.gd:158
	at '_ready' in res://presentation/test_battle_map_view.gd:12
	at 'test_live_planning_bible_multi_knight_session' in res://tests/live_planning_scene_test.gd:93
]]>
			</error>
			<error message="ERROR: res://tests/live_planning_scene_test.gd:734" type="ABORT">
<![CDATA[
Godot Runtime Error !
  'Invalid assignment of property or key 'legacy_modifiers' with value of type 'Dictionary' on a base object of type 'Resource (PassiveData)'.'
	at '_make_passive' in res://core/factory/data_library.gd:734
	at 'build' in res://core/factory/classes/cavalier_factory.gd:35
	at '_ensure_init' in res://core/factory/data_library.gd:166
	at 'get_unit' in res://core/factory/data_library.gd:39
	at '_collect_placements' in res://bridge/test_battle_encounter_builder.gd:13
	at 'build_encounter' in res://bridge/test_battle_encounter_builder.gd:56
	at '_load_skirmish' in res://presentation/test_battle_map_view.gd:23
	at '_ready' in res://presentation/tactical_map_view.gd:158
	at '_ready' in res://presentation/test_battle_map_view.gd:12
	at 'test_live_planning_bible_multi_knight_session' in res://tests/live_planning_scene_test.gd:93
]]>
			</error>
			<error message="ERROR: res://tests/live_planning_scene_test.gd:734" type="ABORT">
<![CDATA[
Godot Runtime Error !
  'Invalid assignment of property or key 'legacy_modifiers' with value of type 'Dictionary' on a base object of type 'Resource (PassiveData)'.'
	at '_make_passive' in res://core/factory/data_library.gd:734
	at 'build' in res://core/factory/classes/cavalier_factory.gd:37
	at '_ensure_init' in res://core/factory/data_library.gd:166
	at 'get_unit' in res://core/factory/data_library.gd:39
	at '_collect_placements' in res://bridge/test_battle_encounter_builder.gd:13
	at 'build_encounter' in res://bridge/test_battle_encounter_builder.gd:56
	at '_load_skirmish' in res://presentation/test_battle_map_view.gd:23
	at '_ready' in res://presentation/tactical_map_view.gd:158
	at '_ready' in res://presentation/test_battle_map_view.gd:12
	at 'test_live_planning_bible_multi_knight_session' in res://tests/live_planning_scene_test.gd:93
]]>
			</error>
			<error message="ERROR: res://tests/live_planning_scene_test.gd:734" type="ABORT">
<![CDATA[
Godot Runtime Error !
  'Invalid assignment of property or key 'legacy_modifiers' with value of type 'Dictionary' on a base object of type 'Resource (PassiveData)'.'
	at '_make_passive' in res://core/factory/data_library.gd:734
	at 'build' in res://core/factory/classes/cavalier_factory.gd:38
	at '_ensure_init' in res://core/factory/data_library.gd:166
	at 'get_unit' in res://core/factory/data_library.gd:39
	at '_collect_placements' in res://bridge/test_battle_encounter_builder.gd:13
	at 'build_encounter' in res://bridge/test_battle_encounter_builder.gd:56
	at '_load_skirmish' in res://presentation/test_battle_map_view.gd:23
	at '_ready' in res://presentation/tactical_map_view.gd:158
	at '_ready' in res://presentation/test_battle_map_view.gd:12
	at 'test_live_planning_bible_multi_knight_session' in res://tests/live_planning_scene_test.gd:93
]]>
			</error>
			<error message="ERROR: res://tests/live_planning_scene_test.gd:734" type="ABORT">
<![CDATA[
Godot Runtime Error !
  'Invalid assignment of property or key 'legacy_modifiers' with value of type 'Dictionary' on a base object of type 'Resource (PassiveData)'.'
	at '_make_passive' in res://core/factory/data_library.gd:734
	at 'build' in res://core/factory/classes/cavalier_factory.gd:39
	at '_ensure_init' in res://core/factory/data_library.gd:166
	at 'get_unit' in res://core/factory/data_library.gd:39
	at '_collect_placements' in res://bridge/test_battle_encounter_builder.gd:13
	at 'build_encounter' in res://bridge/test_battle_encounter_builder.gd:56
	at '_load_skirmish' in res://presentation/test_battle_map_view.gd:23
	at '_ready' in res://presentation/tactical_map_view.gd:158
	at '_ready' in res://presentation/test_battle_map_view.gd:12
	at 'test_live_planning_bible_multi_knight_session' in res://tests/live_planning_scene_test.gd:93
]]>
			</error>
			<error message="ERROR: res://tests/live_planning_scene_test.gd:734" type="ABORT">
<![CDATA[
Godot Runtime Error !
  'Invalid assignment of property or key 'legacy_modifiers' with value of type 'Dictionary' on a base object of type 'Resource (PassiveData)'.'
	at '_make_passive' in res://core/factory/data_library.gd:734
	at 'build' in res://core/factory/classes/cavalier_factory.gd:40
	at '_ensure_init' in res://core/factory/data_library.gd:166
	at 'get_unit' in res://core/factory/data_library.gd:39
	at '_collect_placements' in res://bridge/test_battle_encounter_builder.gd:13
	at 'build_encounter' in res://bridge/test_battle_encounter_builder.gd:56
	at '_load_skirmish' in res://presentation/test_battle_map_view.gd:23
	at '_ready' in res://presentation/tactical_map_view.gd:158
	at '_ready' in res://presentation/test_battle_map_view.gd:12
	at 'test_live_planning_bible_multi_knight_session' in res://tests/live_planning_scene_test.gd:93
]]>
			</error>
			<error message="ERROR: res://tests/live_planning_scene_test.gd:734" type="ABORT">
<![CDATA[
Godot Runtime Error !
  'Invalid assignment of property or key 'legacy_modifiers' with value of type 'Dictionary' on a base object of type 'Resource (PassiveData)'.'
	at '_make_passive' in res://core/factory/data_library.gd:734
	at 'build' in res://core/factory/classes/cavalier_factory.gd:41
	at '_ensure_init' in res://core/factory/data_library.gd:166
	at 'get_unit' in res://core/factory/data_library.gd:39
	at '_collect_placements' in res://bridge/test_battle_encounter_builder.gd:13
	at 'build_encounter' in res://bridge/test_battle_encounter_builder.gd:56
	at '_load_skirmish' in res://presentation/test_battle_map_view.gd:23
	at '_ready' in res://presentation/tactical_map_view.gd:158
	at '_ready' in res://presentation/test_battle_map_view.gd:12
	at 'test_live_planning_bible_multi_knight_session' in res://tests/live_planning_scene_test.gd:93
]]>
			</error>
			<error message="ERROR: res://tests/live_planning_scene_test.gd:734" type="ABORT">
<![CDATA[
Godot Runtime Error !
  'Invalid assignment of property or key 'legacy_modifiers' with value of type 'Dictionary' on a base object of type 'Resource (PassiveData)'.'
	at '_make_passive' in res://core/factory/data_library.gd:734
	at '_ensure_init' in res://core/factory/data_library.gd:169
	at 'get_unit' in res://core/factory/data_library.gd:39
	at '_collect_placements' in res://bridge/test_battle_encounter_builder.gd:13
	at 'build_encounter' in res://bridge/test_battle_encounter_builder.gd:56
	at '_load_skirmish' in res://presentation/test_battle_map_view.gd:23
	at '_ready' in res://presentation/tactical_map_view.gd:158
	at '_ready' in res://presentation/test_battle_map_view.gd:12
	at 'test_live_planning_bible_multi_knight_session' in res://tests/live_planning_scene_test.gd:93
]]>
			</error>
			<error message="ERROR: res://tests/live_planning_scene_test.gd:734" type="ABORT">
<![CDATA[
Godot Runtime Error !
  'Invalid assignment of property or key 'legacy_modifiers' with value of type 'Dictionary' on a base object of type 'Resource (PassiveData)'.'
	at '_make_passive' in res://core/factory/data_library.gd:734
	at '_ensure_init' in res://core/factory/data_library.gd:175
	at 'get_unit' in res://core/factory/data_library.gd:39
	at '_collect_placements' in res://bridge/test_battle_encounter_builder.gd:13
	at 'build_encounter' in res://bridge/test_battle_encounter_builder.gd:56
	at '_load_skirmish' in res://presentation/test_battle_map_view.gd:23
	at '_ready' in res://presentation/tactical_map_view.gd:158
	at '_ready' in res://presentation/test_battle_map_view.gd:12
	at 'test_live_planning_bible_multi_knight_session' in res://tests/live_planning_scene_test.gd:93
]]>
			</error>
			<error message="ERROR: res://tests/live_planning_scene_test.gd:734" type="ABORT">
<![CDATA[
Godot Runtime Error !
  'Invalid assignment of property or key 'legacy_modifiers' with value of type 'Dictionary' on a base object of type 'Resource (PassiveData)'.'
	at '_make_passive' in res://core/factory/data_library.gd:734
	at '_ensure_init' in res://core/factory/data_library.gd:181
	at 'get_unit' in res://core/factory/data_library.gd:39
	at '_collect_placements' in res://bridge/test_battle_encounter_builder.gd:13
	at 'build_encounter' in res://bridge/test_battle_encounter_builder.gd:56
	at '_load_skirmish' in res://presentation/test_battle_map_view.gd:23
	at '_ready' in res://presentation/tactical_map_view.gd:158
	at '_ready' in res://presentation/test_battle_map_view.gd:12
	at 'test_live_planning_bible_multi_knight_session' in res://tests/live_planning_scene_test.gd:93
]]>
			</error>
			<error message="ERROR: res://tests/live_planning_scene_test.gd:734" type="ABORT">
<![CDATA[
Godot Runtime Error !
  'Invalid assignment of property or key 'legacy_modifiers' with value of type 'Dictionary' on a base object of type 'Resource (PassiveData)'.'
	at '_make_passive' in res://core/factory/data_library.gd:734
	at '_ensure_init' in res://core/factory/data_library.gd:187
	at 'get_unit' in res://core/factory/data_library.gd:39
	at '_collect_placements' in res://bridge/test_battle_encounter_builder.gd:13
	at 'build_encounter' in res://bridge/test_battle_encounter_builder.gd:56
	at '_load_skirmish' in res://presentation/test_battle_map_view.gd:23
	at '_ready' in res://presentation/tactical_map_view.gd:158
	at '_ready' in res://presentation/test_battle_map_view.gd:12
	at 'test_live_planning_bible_multi_knight_session' in res://tests/live_planning_scene_test.gd:93
]]>
			</error>
			<error message="ERROR: res://tests/live_planning_scene_test.gd:734" type="ABORT">
<![CDATA[
Godot Runtime Error !
  'Invalid assignment of property or key 'legacy_modifiers' with value of type 'Dictionary' on a base object of type 'Resource (PassiveData)'.'
	at '_make_passive' in res://core/factory/data_library.gd:734
	at '_ensure_init' in res://core/factory/data_library.gd:193
	at 'get_unit' in res://core/factory/data_library.gd:39
	at '_collect_placements' in res://bridge/test_battle_encounter_builder.gd:13
	at 'build_encounter' in res://bridge/test_battle_encounter_builder.gd:56
	at '_load_skirmish' in res://presentation/test_battle_map_view.gd:23
	at '_ready' in res://presentation/tactical_map_view.gd:158
	at '_ready' in res://presentation/test_battle_map_view.gd:12
	at 'test_live_planning_bible_multi_knight_session' in res://tests/live_planning_scene_test.gd:93
]]>
			</error>
			<error message="ERROR: res://tests/live_planning_scene_test.gd:734" type="ABORT">
<![CDATA[
Godot Runtime Error !
  'Invalid assignment of property or key 'legacy_modifiers' with value of type 'Dictionary' on a base object of type 'Resource (PassiveData)'.'
	at '_make_passive' in res://core/factory/data_library.gd:734
	at '_ensure_init' in res://core/factory/data_library.gd:199
	at 'get_unit' in res://core/factory/data_library.gd:39
	at '_collect_placements' in res://bridge/test_battle_encounter_builder.gd:13
	at 'build_encounter' in res://bridge/test_battle_encounter_builder.gd:56
	at '_load_skirmish' in res://presentation/test_battle_map_view.gd:23
	at '_ready' in res://presentation/tactical_map_view.gd:158
	at '_ready' in res://presentation/test_battle_map_view.gd:12
	at 'test_live_planning_bible_multi_knight_session' in res://tests/live_planning_scene_test.gd:93
]]>
			</error>
			<error message="ERROR: res://tests/live_planning_scene_test.gd:734" type="ABORT">
<![CDATA[
Godot Runtime Error !
  'Invalid assignment of property or key 'legacy_modifiers' with value of type 'Dictionary' on a base object of type 'Resource (PassiveData)'.'
	at '_make_passive' in res://core/factory/data_library.gd:734
	at '_ensure_init' in res://core/factory/data_library.gd:205
	at 'get_unit' in res://core/factory/data_library.gd:39
	at '_collect_placements' in res://bridge/test_battle_encounter_builder.gd:13
	at 'build_encounter' in res://bridge/test_battle_encounter_builder.gd:56
	at '_load_skirmish' in res://presentation/test_battle_map_view.gd:23
	at '_ready' in res://presentation/tactical_map_view.gd:158
	at '_ready' in res://presentation/test_battle_map_view.gd:12
	at 'test_live_planning_bible_multi_knight_session' in res://tests/live_planning_scene_test.gd:93
]]>
			</error>
			<error message="ERROR: res://tests/live_planning_scene_test.gd:734" type="ABORT">
<![CDATA[
Godot Runtime Error !
  'Invalid assignment of property or key 'legacy_modifiers' with value of type 'Dictionary' on a base object of type 'Resource (PassiveData)'.'
	at '_make_passive' in res://core/factory/data_library.gd:734
	at '_ensure_init' in res://core/factory/data_library.gd:211
	at 'get_unit' in res://core/factory/data_library.gd:39
	at '_collect_placements' in res://bridge/test_battle_encounter_builder.gd:13
	at 'build_encounter' in res://bridge/test_battle_encounter_builder.gd:56
	at '_load_skirmish' in res://presentation/test_battle_map_view.gd:23
	at '_ready' in res://presentation/tactical_map_view.gd:158
	at '_ready' in res://presentation/test_battle_map_view.gd:12
	at 'test_live_planning_bible_multi_knight_session' in res://tests/live_planning_scene_test.gd:93
]]>
			</error>
			<error message="ERROR: res://tests/live_planning_scene_test.gd:734" type="ABORT">
<![CDATA[
Godot Runtime Error !
  'Invalid assignment of property or key 'legacy_modifiers' with value of type 'Dictionary' on a base object of type 'Resource (PassiveData)'.'
	at '_make_passive' in res://core/factory/data_library.gd:734
	at '_ensure_init' in res://core/factory/data_library.gd:217
	at 'get_unit' in res://core/factory/data_library.gd:39
	at '_collect_placements' in res://bridge/test_battle_encounter_builder.gd:13
	at 'build_encounter' in res://bridge/test_battle_encounter_builder.gd:56
	at '_load_skirmish' in res://presentation/test_battle_map_view.gd:23
	at '_ready' in res://presentation/tactical_map_view.gd:158
	at '_ready' in res://presentation/test_battle_map_view.gd:12
	at 'test_live_planning_bible_multi_knight_session' in res://tests/live_planning_scene_test.gd:93
]]>
			</error>
			<error message="ERROR: res://tests/live_planning_scene_test.gd:276" type="ABORT">
<![CDATA[
Godot Runtime Error !
  'Invalid access to property or key 'id' on a base object of type 'Nil'.'
	at '_ensure_init' in res://core/factory/data_library.gd:276
	at 'get_unit' in res://core/factory/data_library.gd:39
	at '_collect_placements' in res://bridge/test_battle_encounter_builder.gd:13
	at 'build_encounter' in res://bridge/test_battle_encounter_builder.gd:56
	at '_load_skirmish' in res://presentation/test_battle_map_view.gd:23
	at '_ready' in res://presentation/tactical_map_view.gd:158
	at '_ready' in res://presentation/test_battle_map_view.gd:12
	at 'test_live_planning_bible_multi_knight_session' in res://tests/live_planning_scene_test.gd:93
]]>
			</error>
			<error message="ERROR: res://tests/live_planning_scene_test.gd:112" type="ABORT">
<![CDATA[
Godot Runtime Error !
  'Invalid access to property or key 'id' on a base object of type 'Nil'.'
	at 'enabled_passives_for' in res://bridge/test_battle_session.gd:112
	at 'player_unit_config' in res://bridge/test_battle_session.gd:135
	at '_collect_placements' in res://bridge/test_battle_encounter_builder.gd:18
	at 'build_encounter' in res://bridge/test_battle_encounter_builder.gd:56
	at '_load_skirmish' in res://presentation/test_battle_map_view.gd:23
	at '_ready' in res://presentation/tactical_map_view.gd:158
	at '_ready' in res://presentation/test_battle_map_view.gd:12
	at 'test_live_planning_bible_multi_knight_session' in res://tests/live_planning_scene_test.gd:93
]]>
			</error>
			<error message="ERROR: res://tests/live_planning_scene_test.gd:112" type="ABORT">
<![CDATA[
Godot Runtime Error !
  'Invalid access to property or key 'id' on a base object of type 'Nil'.'
	at 'enabled_passives_for' in res://bridge/test_battle_session.gd:112
	at 'player_unit_config' in res://bridge/test_battle_session.gd:135
	at '_collect_placements' in res://bridge/test_battle_encounter_builder.gd:18
	at 'build_encounter' in res://bridge/test_battle_encounter_builder.gd:56
	at '_start_combat' in res://presentation/test_battle_map_view.gd:40
	at '_ready' in res://presentation/tactical_map_view.gd:162
	at '_ready' in res://presentation/test_battle_map_view.gd:12
	at 'test_live_planning_bible_multi_knight_session' in res://tests/live_planning_scene_test.gd:93
]]>
			</error>
			<error message="ERROR: res://tests/live_planning_scene_test.gd:112" type="ABORT">
<![CDATA[
Godot Runtime Error !
  'Invalid access to property or key 'id' on a base object of type 'Nil'.'
	at 'enabled_passives_for' in res://bridge/test_battle_session.gd:112
	at 'player_unit_config' in res://bridge/test_battle_session.gd:135
	at '_collect_placements' in res://bridge/test_battle_encounter_builder.gd:18
	at 'build_board' in res://bridge/test_battle_encounter_builder.gd:73
	at '_start_combat' in res://presentation/test_battle_map_view.gd:41
	at '_ready' in res://presentation/tactical_map_view.gd:162
	at '_ready' in res://presentation/test_battle_map_view.gd:12
	at 'test_live_planning_bible_multi_knight_session' in res://tests/live_planning_scene_test.gd:93
]]>
			</error>
			<error message="ERROR: res://tests/live_planning_scene_test.gd:117" type="ABORT">
<![CDATA[
Godot Runtime Error !
  'Invalid access to property or key 'zero_ap_adjacent_enemies' on a base object of type 'Resource (AbilityModule)'.'
	at 'get_action_point_cost' in res://core/systems/ability_system.gd:117
	at 'planning_display_ap_left' in res://core/systems/ability_system.gd:860
	at 'planning_display_ap_left' in res://presentation/combat_planning_input.gd:2954
	at '_refresh_info' in res://presentation/tactical_side_panels.gd:681
	at '_on_selection_changed' in res://presentation/tactical_side_panels.gd:506
	at '_emit_planning_selection' in res://presentation/combat_director.gd:232
	at 'select_unit' in res://presentation/combat_director.gd:222
	at '_start_combat' in res://presentation/test_battle_map_view.gd:47
	at '_ready' in res://presentation/tactical_map_view.gd:162
	at '_ready' in res://presentation/test_battle_map_view.gd:12
	at 'test_live_planning_bible_multi_knight_session' in res://tests/live_planning_scene_test.gd:93
]]>
			</error>
			<error message="ERROR: res://tests/live_planning_scene_test.gd:117" type="ABORT">
<![CDATA[
Godot Runtime Error !
  'Invalid access to property or key 'zero_ap_adjacent_enemies' on a base object of type 'Resource (AbilityModule)'.'
	at 'get_action_point_cost' in res://core/systems/ability_system.gd:117
	at 'planning_display_ap_left' in res://core/systems/ability_system.gd:860
	at 'planning_display_ap_left' in res://presentation/combat_planning_input.gd:2954
	at '_add_stats_cells' in res://presentation/tactical_timeline_grid.gd:586
	at '_add_party_row' in res://presentation/tactical_timeline_grid.gd:229
	at 'rebuild' in res://presentation/tactical_timeline_grid.gd:121
	at '_refresh_timeline' in res://presentation/tactical_combat_hud.gd:470
	at '<anonymous lambda>' in res://presentation/tactical_combat_hud.gd:65
	at '_emit_planning_selection' in res://presentation/combat_director.gd:232
	at 'select_unit' in res://presentation/combat_director.gd:222
	at '_start_combat' in res://presentation/test_battle_map_view.gd:47
	at '_ready' in res://presentation/tactical_map_view.gd:162
	at '_ready' in res://presentation/test_battle_map_view.gd:12
	at 'test_live_planning_bible_multi_knight_session' in res://tests/live_planning_scene_test.gd:93
]]>
			</error>
			<error message="ERROR: res://tests/live_planning_scene_test.gd:52" type="ABORT">
<![CDATA[
Godot Runtime Error !
  'Invalid access to property or key 'id' on a base object of type 'Nil'.'
	at 'get_player_class_ids' in res://core/factory/data_library.gd:52
	at '_refresh_class_options' in res://presentation/test_battle_debug_panel.gd:179
	at 'setup' in res://presentation/test_battle_debug_panel.gd:42
	at '_ready' in res://presentation/test_battle_map_view.gd:16
	at 'test_live_planning_bible_multi_knight_session' in res://tests/live_planning_scene_test.gd:93
]]>
			</error>
			<error message="ERROR: res://tests/live_planning_scene_test.gd:200" type="ABORT">
<![CDATA[
Godot Runtime Error !
  'Invalid access to property or key 'display_name' on a base object of type 'Nil'.'
	at '_rebuild_passive_list' in res://presentation/test_battle_debug_panel.gd:200
	at 'setup' in res://presentation/test_battle_debug_panel.gd:43
	at '_ready' in res://presentation/test_battle_map_view.gd:16
	at 'test_live_planning_bible_multi_knight_session' in res://tests/live_planning_scene_test.gd:93
]]>
			</error>
			<error message="ERROR: res://tests/live_planning_scene_test.gd:117" type="ABORT">
<![CDATA[
Godot Runtime Error !
  'Invalid access to property or key 'zero_ap_adjacent_enemies' on a base object of type 'Resource (AbilityModule)'.'
	at 'get_action_point_cost' in res://core/systems/ability_system.gd:117
	at 'planning_display_ap_left' in res://core/systems/ability_system.gd:860
	at 'planning_display_ap_left' in res://presentation/combat_planning_input.gd:2954
	at '_refresh_info' in res://presentation/tactical_side_panels.gd:681
	at '<anonymous lambda>' in res://presentation/tactical_side_panels.gd:122
	at 'restore_committed_display' in res://presentation/tactical_planning_overlay.gd:364
	at '_restore_hover_preview' in res://presentation/combat_planning_input.gd:1417
	at '_refresh_selected_interaction_preview' in res://presentation/combat_planning_input.gd:1313
	at '_refresh_planning_hover_at_current_cell' in res://presentation/combat_planning_input.gd:815
	at '_run_planning_selection_refresh' in res://presentation/combat_planning_input.gd:826
]]>
			</error>
			<error message="ERROR: res://tests/live_planning_scene_test.gd:117" type="ABORT">
<![CDATA[
Godot Runtime Error !
  'Invalid access to property or key 'zero_ap_adjacent_enemies' on a base object of type 'Resource (AbilityModule)'.'
	at 'get_action_point_cost' in res://core/systems/ability_system.gd:117
	at 'planning_display_ap_left' in res://core/systems/ability_system.gd:860
	at 'planning_display_ap_left' in res://presentation/combat_planning_input.gd:2954
	at '_timeline_mp_key' in res://presentation/tactical_combat_hud.gd:448
	at '_on_live_preview_changed' in res://presentation/tactical_combat_hud.gd:425
	at 'restore_committed_display' in res://presentation/tactical_planning_overlay.gd:364
	at '_restore_hover_preview' in res://presentation/combat_planning_input.gd:1417
	at '_refresh_selected_interaction_preview' in res://presentation/combat_planning_input.gd:1313
	at '_refresh_planning_hover_at_current_cell' in res://presentation/combat_planning_input.gd:815
	at '_run_planning_selection_refresh' in res://presentation/combat_planning_input.gd:826
]]>
			</error>
			<error message="ERROR: res://tests/live_planning_scene_test.gd:117" type="ABORT">
<![CDATA[
Godot Runtime Error !
  'Invalid access to property or key 'zero_ap_adjacent_enemies' on a base object of type 'Resource (AbilityModule)'.'
	at 'get_action_point_cost' in res://core/systems/ability_system.gd:117
	at 'planning_display_ap_left' in res://core/systems/ability_system.gd:860
	at 'planning_display_ap_left' in res://presentation/combat_planning_input.gd:2954
	at '_add_stats_cells' in res://presentation/tactical_timeline_grid.gd:586
	at '_add_party_row' in res://presentation/tactical_timeline_grid.gd:229
	at 'rebuild' in res://presentation/tactical_timeline_grid.gd:121
	at '_refresh_timeline' in res://presentation/tactical_combat_hud.gd:470
	at '_on_live_preview_changed' in res://presentation/tactical_combat_hud.gd:433
	at 'restore_committed_display' in res://presentation/tactical_planning_overlay.gd:364
	at '_restore_hover_preview' in res://presentation/combat_planning_input.gd:1417
	at '_refresh_selected_interaction_preview' in res://presentation/combat_planning_input.gd:1313
	at '_refresh_planning_hover_at_current_cell' in res://presentation/combat_planning_input.gd:815
	at '_run_planning_selection_refresh' in res://presentation/combat_planning_input.gd:826
]]>
			</error>
			<error message="ERROR: res://tests/live_planning_scene_test.gd:117" type="ABORT">
<![CDATA[
Godot Runtime Error !
  'Invalid access to property or key 'zero_ap_adjacent_enemies' on a base object of type 'Resource (AbilityModule)'.'
	at 'get_action_point_cost' in res://core/systems/ability_system.gd:117
	at 'planning_display_ap_left' in res://core/systems/ability_system.gd:860
	at 'planning_display_ap_left' in res://presentation/combat_planning_input.gd:2954
	at '_refresh_info' in res://presentation/tactical_side_panels.gd:681
	at '<anonymous lambda>' in res://presentation/tactical_side_panels.gd:117
	at 'set_hover_coord' in res://presentation/combat_intent_state.gd:77
	at 'on_hover_moved' in res://presentation/combat_planning_input.gd:993
	at '_update_hover_coord' in res://presentation/tactical_map_view.gd:523
	at '_process' in res://presentation/tactical_map_view.gd:394
]]>
			</error>
			<error message="ERROR: res://tests/live_planning_scene_test.gd:117" type="ABORT">
<![CDATA[
Godot Runtime Error !
  'Invalid access to property or key 'zero_ap_adjacent_enemies' on a base object of type 'Resource (AbilityModule)'.'
	at 'get_action_point_cost' in res://core/systems/ability_system.gd:117
	at 'planning_display_ap_left' in res://core/systems/ability_system.gd:860
	at 'planning_display_ap_left' in res://presentation/combat_planning_input.gd:2954
	at '_refresh_info' in res://presentation/tactical_side_panels.gd:681
	at '<anonymous lambda>' in res://presentation/tactical_side_panels.gd:122
	at 'restore_committed_display' in res://presentation/tactical_planning_overlay.gd:364
	at '_restore_hover_preview' in res://presentation/combat_planning_input.gd:1417
	at '_run_hover_heavy_refresh' in res://presentation/combat_planning_input.gd:1099
	at '_flush_hover_heavy_sync' in res://presentation/combat_planning_input.gd:1081
	at 'on_hover_moved' in res://presentation/combat_planning_input.gd:1030
	at '_update_hover_coord' in res://presentation/tactical_map_view.gd:523
	at '_process' in res://presentation/tactical_map_view.gd:394
]]>
			</error>
			<error message="ERROR: res://tests/live_planning_scene_test.gd:117" type="ABORT">
<![CDATA[
Godot Runtime Error !
  'Invalid access to property or key 'zero_ap_adjacent_enemies' on a base object of type 'Resource (AbilityModule)'.'
	at 'get_action_point_cost' in res://core/systems/ability_system.gd:117
	at 'planning_display_ap_left' in res://core/systems/ability_system.gd:860
	at 'planning_display_ap_left' in res://presentation/combat_planning_input.gd:2954
	at '_timeline_mp_key' in res://presentation/tactical_combat_hud.gd:448
	at '_on_live_preview_changed' in res://presentation/tactical_combat_hud.gd:425
	at 'restore_committed_display' in res://presentation/tactical_planning_overlay.gd:364
	at '_restore_hover_preview' in res://presentation/combat_planning_input.gd:1417
	at '_run_hover_heavy_refresh' in res://presentation/combat_planning_input.gd:1099
	at '_flush_hover_heavy_sync' in res://presentation/combat_planning_input.gd:1081
	at 'on_hover_moved' in res://presentation/combat_planning_input.gd:1030
	at '_update_hover_coord' in res://presentation/tactical_map_view.gd:523
	at '_process' in res://presentation/tactical_map_view.gd:394
]]>
			</error>
			<error message="ERROR: res://tests/live_planning_scene_test.gd:117" type="ABORT">
<![CDATA[
Godot Runtime Error !
  'Invalid access to property or key 'zero_ap_adjacent_enemies' on a base object of type 'Resource (AbilityModule)'.'
	at 'get_action_point_cost' in res://core/systems/ability_system.gd:117
	at 'planning_display_ap_left' in res://core/systems/ability_system.gd:860
	at 'planning_display_ap_left' in res://presentation/combat_planning_input.gd:2954
	at '_refresh_info' in res://presentation/tactical_side_panels.gd:681
	at '<anonymous lambda>' in res://presentation/tactical_side_panels.gd:553
]]>
			</error>
			<error message="ERROR: res://tests/live_planning_scene_test.gd:95" type="ABORT">
<![CDATA[
Godot Runtime Error !
  'Invalid access to property or key 'id' on a base object of type 'Nil'.'
	at 'set_all_passives_enabled' in res://bridge/test_battle_session.gd:95
	at 'reset_defaults' in res://bridge/test_battle_session.gd:68
	at '_boot_multi_knight_session' in res://tests/live_planning_scene_test.gd:317
	at 'test_live_planning_bible_multi_knight_session' in res://tests/live_planning_scene_test.gd:98
]]>
			</error>
			<error message="ERROR: res://tests/live_planning_scene_test.gd:112" type="ABORT">
<![CDATA[
Godot Runtime Error !
  'Invalid access to property or key 'id' on a base object of type 'Nil'.'
	at 'enabled_passives_for' in res://bridge/test_battle_session.gd:112
	at 'player_unit_config' in res://bridge/test_battle_session.gd:135
	at '_collect_placements' in res://bridge/test_battle_encounter_builder.gd:18
	at 'build_encounter' in res://bridge/test_battle_encounter_builder.gd:56
	at 'apply_training_board' in res://presentation/test_battle_map_view.gd:64
	at '_boot_multi_knight_session' in res://tests/live_planning_scene_test.gd:320
	at 'test_live_planning_bible_multi_knight_session' in res://tests/live_planning_scene_test.gd:98
]]>
			</error>
			<error message="ERROR: res://tests/live_planning_scene_test.gd:112" type="ABORT">
<![CDATA[
Godot Runtime Error !
  'Invalid access to property or key 'id' on a base object of type 'Nil'.'
	at 'enabled_passives_for' in res://bridge/test_battle_session.gd:112
	at 'player_unit_config' in res://bridge/test_battle_session.gd:135
	at '_collect_placements' in res://bridge/test_battle_encounter_builder.gd:18
	at 'build_board' in res://bridge/test_battle_encounter_builder.gd:73
	at 'apply_training_board' in res://presentation/test_battle_map_view.gd:65
	at '_boot_multi_knight_session' in res://tests/live_planning_scene_test.gd:320
	at 'test_live_planning_bible_multi_knight_session' in res://tests/live_planning_scene_test.gd:98
]]>
			</error>
			<error message="ERROR: res://tests/live_planning_scene_test.gd:117" type="ABORT">
<![CDATA[
Godot Runtime Error !
  'Invalid access to property or key 'zero_ap_adjacent_enemies' on a base object of type 'Resource (AbilityModule)'.'
	at 'get_action_point_cost' in res://core/systems/ability_system.gd:117
	at 'planning_display_ap_left' in res://core/systems/ability_system.gd:860
	at 'planning_display_ap_left' in res://presentation/combat_planning_input.gd:2954
	at '_refresh_info' in res://presentation/tactical_side_panels.gd:681
	at '_on_selection_changed' in res://presentation/tactical_side_panels.gd:506
	at '_emit_planning_selection' in res://presentation/combat_director.gd:232
	at 'select_unit' in res://presentation/combat_director.gd:222
	at 'apply_training_board' in res://presentation/test_battle_map_view.gd:70
	at '_boot_multi_knight_session' in res://tests/live_planning_scene_test.gd:320
	at 'test_live_planning_bible_multi_knight_session' in res://tests/live_planning_scene_test.gd:98
]]>
			</error>
			<error message="ERROR: res://tests/live_planning_scene_test.gd:117" type="ABORT">
<![CDATA[
Godot Runtime Error !
  'Invalid access to property or key 'zero_ap_adjacent_enemies' on a base object of type 'Resource (AbilityModule)'.'
	at 'get_action_point_cost' in res://core/systems/ability_system.gd:117
	at 'planning_display_ap_left' in res://core/systems/ability_system.gd:860
	at 'planning_display_ap_left' in res://presentation/combat_planning_input.gd:2954
	at '_add_stats_cells' in res://presentation/tactical_timeline_grid.gd:586
	at '_add_party_row' in res://presentation/tactical_timeline_grid.gd:229
	at 'rebuild' in res://presentation/tactical_timeline_grid.gd:121
	at '_refresh_timeline' in res://presentation/tactical_combat_hud.gd:470
	at '<anonymous lambda>' in res://presentation/tactical_combat_hud.gd:65
	at '_emit_planning_selection' in res://presentation/combat_director.gd:232
	at 'select_unit' in res://presentation/combat_director.gd:222
	at 'apply_training_board' in res://presentation/test_battle_map_view.gd:70
	at '_boot_multi_knight_session' in res://tests/live_planning_scene_test.gd:320
	at 'test_live_planning_bible_multi_knight_session' in res://tests/live_planning_scene_test.gd:98
]]>
			</error>
			<error message="ERROR: res://tests/live_planning_scene_test.gd:117" type="ABORT">
<![CDATA[
Godot Runtime Error !
  'Invalid access to property or key 'zero_ap_adjacent_enemies' on a base object of type 'Resource (AbilityModule)'.'
	at 'get_action_point_cost' in res://core/systems/ability_system.gd:117
	at 'planning_display_ap_left' in res://core/systems/ability_system.gd:860
	at 'planning_display_ap_left' in res://presentation/combat_planning_input.gd:2954
	at '_refresh_info' in res://presentation/tactical_side_panels.gd:681
	at '<anonymous lambda>' in res://presentation/tactical_side_panels.gd:122
	at 'restore_committed_display' in res://presentation/tactical_planning_overlay.gd:364
	at '_restore_hover_preview' in res://presentation/combat_planning_input.gd:1417
	at '_refresh_selected_interaction_preview' in res://presentation/combat_planning_input.gd:1313
	at '_refresh_planning_hover_at_current_cell' in res://presentation/combat_planning_input.gd:815
	at '_run_planning_selection_refresh' in res://presentation/combat_planning_input.gd:826
]]>
			</error>
			<error message="ERROR: res://tests/live_planning_scene_test.gd:117" type="ABORT">
<![CDATA[
Godot Runtime Error !
  'Invalid access to property or key 'zero_ap_adjacent_enemies' on a base object of type 'Resource (AbilityModule)'.'
	at 'get_action_point_cost' in res://core/systems/ability_system.gd:117
	at 'planning_display_ap_left' in res://core/systems/ability_system.gd:860
	at 'planning_display_ap_left' in res://presentation/combat_planning_input.gd:2954
	at '_timeline_mp_key' in res://presentation/tactical_combat_hud.gd:448
	at '_on_live_preview_changed' in res://presentation/tactical_combat_hud.gd:425
	at 'restore_committed_display' in res://presentation/tactical_planning_overlay.gd:364
	at '_restore_hover_preview' in res://presentation/combat_planning_input.gd:1417
	at '_refresh_selected_interaction_preview' in res://presentation/combat_planning_input.gd:1313
	at '_refresh_planning_hover_at_current_cell' in res://presentation/combat_planning_input.gd:815
	at '_run_planning_selection_refresh' in res://presentation/combat_planning_input.gd:826
]]>
			</error>
			<error message="ERROR: res://tests/live_planning_scene_test.gd:117" type="ABORT">
<![CDATA[
Godot Runtime Error !
  'Invalid access to property or key 'zero_ap_adjacent_enemies' on a base object of type 'Resource (AbilityModule)'.'
	at 'get_action_point_cost' in res://core/systems/ability_system.gd:117
	at 'planning_display_ap_left' in res://core/systems/ability_system.gd:860
	at 'planning_display_ap_left' in res://presentation/combat_planning_input.gd:2954
	at '_refresh_info' in res://presentation/tactical_side_panels.gd:681
	at '<anonymous lambda>' in res://presentation/tactical_side_panels.gd:553
]]>
			</error>
			<error message="ERROR: res://tests/live_planning_scene_test.gd:117" type="ABORT">
<![CDATA[
Godot Runtime Error !
  'Invalid access to property or key 'zero_ap_adjacent_enemies' on a base object of type 'Resource (AbilityModule)'.'
	at 'get_action_point_cost' in res://core/systems/ability_system.gd:117
	at 'planning_display_ap_left' in res://core/systems/ability_system.gd:860
	at 'planning_display_ap_left' in res://presentation/combat_planning_input.gd:2954
	at '_refresh_info' in res://presentation/tactical_side_panels.gd:681
	at '<anonymous lambda>' in res://presentation/tactical_side_panels.gd:117
	at 'set_hover_coord' in res://presentation/combat_intent_state.gd:77
	at 'on_hover_moved' in res://presentation/combat_planning_input.gd:993
	at '_reposition_mouse_to_unit' in res://tests/live_planning_scene_test.gd:1197
	at '_select_unit_live' in res://tests/live_planning_scene_test.gd:815
	at '_wait_ability_settle' in res://tests/live_planning_scene_test.gd:1979
]]>
			</error>
			<error message="ERROR: res://tests/live_planning_scene_test.gd:117" type="ABORT">
<![CDATA[
Godot Runtime Error !
  'Invalid access to property or key 'zero_ap_adjacent_enemies' on a base object of type 'Resource (AbilityModule)'.'
	at 'get_action_point_cost' in res://core/systems/ability_system.gd:117
	at 'planning_display_ap_left' in res://core/systems/ability_system.gd:860
	at 'planning_display_ap_left' in res://presentation/combat_planning_input.gd:2954
	at '_refresh_info' in res://presentation/tactical_side_panels.gd:681
	at '<anonymous lambda>' in res://presentation/tactical_side_panels.gd:122
	at 'restore_committed_display' in res://presentation/tactical_planning_overlay.gd:364
	at '_restore_hover_preview' in res://presentation/combat_planning_input.gd:1417
	at '_refresh_selected_interaction_preview' in res://presentation/combat_planning_input.gd:1313
	at '_run_hover_heavy_refresh' in res://presentation/combat_planning_input.gd:1117
	at '_flush_hover_heavy_sync' in res://presentation/combat_planning_input.gd:1081
	at 'on_hover_moved' in res://presentation/combat_planning_input.gd:1033
	at '_reposition_mouse_to_unit' in res://tests/live_planning_scene_test.gd:1197
	at '_select_unit_live' in res://tests/live_planning_scene_test.gd:815
	at '_wait_ability_settle' in res://tests/live_planning_scene_test.gd:1979
]]>
			</error>
			<error message="ERROR: res://tests/live_planning_scene_test.gd:117" type="ABORT">
<![CDATA[
Godot Runtime Error !
  'Invalid access to property or key 'zero_ap_adjacent_enemies' on a base object of type 'Resource (AbilityModule)'.'
	at 'get_action_point_cost' in res://core/systems/ability_system.gd:117
	at 'planning_display_ap_left' in res://core/systems/ability_system.gd:860
	at 'planning_display_ap_left' in res://presentation/combat_planning_input.gd:2954
	at '_timeline_mp_key' in res://presentation/tactical_combat_hud.gd:448
	at '_on_live_preview_changed' in res://presentation/tactical_combat_hud.gd:425
	at 'restore_committed_display' in res://presentation/tactical_planning_overlay.gd:364
	at '_restore_hover_preview' in res://presentation/combat_planning_input.gd:1417
	at '_refresh_selected_interaction_preview' in res://presentation/combat_planning_input.gd:1313
	at '_run_hover_heavy_refresh' in res://presentation/combat_planning_input.gd:1117
	at '_flush_hover_heavy_sync' in res://presentation/combat_planning_input.gd:1081
	at 'on_hover_moved' in res://presentation/combat_planning_input.gd:1033
	at '_reposition_mouse_to_unit' in res://tests/live_planning_scene_test.gd:1197
	at '_select_unit_live' in res://tests/live_planning_scene_test.gd:815
	at '_wait_ability_settle' in res://tests/live_planning_scene_test.gd:1979
]]>
			</error>
			<error message="ERROR: res://tests/live_planning_scene_test.gd:117" type="ABORT">
<![CDATA[
Godot Runtime Error !
  'Invalid access to property or key 'zero_ap_adjacent_enemies' on a base object of type 'Resource (AbilityModule)'.'
	at 'get_action_point_cost' in res://core/systems/ability_system.gd:117
	at 'planning_display_ap_left' in res://core/systems/ability_system.gd:860
	at 'planning_display_ap_left' in res://presentation/combat_planning_input.gd:2954
	at '_refresh_info' in res://presentation/tactical_side_panels.gd:681
	at '<anonymous lambda>' in res://presentation/tactical_side_panels.gd:122
	at 'restore_committed_display' in res://presentation/tactical_planning_overlay.gd:364
	at '_restore_hover_preview' in res://presentation/combat_planning_input.gd:1417
	at '_refresh_selected_interaction_preview' in res://presentation/combat_planning_input.gd:1313
	at '_run_hover_heavy_refresh' in res://presentation/combat_planning_input.gd:1117
	at '_flush_hover_heavy_sync' in res://presentation/combat_planning_input.gd:1081
	at 'on_hover_moved' in res://presentation/combat_planning_input.gd:1033
	at '_update_hover_coord' in res://presentation/tactical_map_view.gd:523
	at '_process' in res://presentation/tactical_map_view.gd:394
]]>
			</error>
			<error message="ERROR: res://tests/live_planning_scene_test.gd:117" type="ABORT">
<![CDATA[
Godot Runtime Error !
  'Invalid access to property or key 'zero_ap_adjacent_enemies' on a base object of type 'Resource (AbilityModule)'.'
	at 'get_action_point_cost' in res://core/systems/ability_system.gd:117
	at 'planning_display_ap_left' in res://core/systems/ability_system.gd:860
	at 'planning_display_ap_left' in res://presentation/combat_planning_input.gd:2954
[...]
	at '_probe_cell' in res://tests/live_planning_scene_test.gd:1312
	at '_wait_ability_settle' in res://tests/live_planning_scene_test.gd:1979
]]>
			</failure>
			<failure message="FAILED: res://tests/live_planning_scene_test.gd:519" type="FAILURE">
<![CDATA[
Expecting: not to be '<null>'
	at '_journey_knight1_shield_bash' in res://tests/live_planning_scene_test.gd:519
	at '_probe_cell' in res://tests/live_planning_scene_test.gd:1312
	at '_wait_ability_settle' in res://tests/live_planning_scene_test.gd:1979
]]>
			</failure>
			<failure message="FAILED: res://tests/live_planning_scene_test.gd:1963" type="FAILURE">
<![CDATA[
k2/phase4/enemy: path must end at (1, 3), got [(1, 3), (2, 3), (3, 3), (4, 3)]
	at '_assert_preview_path_ends' in res://tests/live_planning_scene_test.gd:1963
	at '_audit_surface' in res://tests/live_planning_scene_test.gd:1345
	at '_probe_cell' in res://tests/live_planning_scene_test.gd:1310
	at '_wait_ability_settle' in res://tests/live_planning_scene_test.gd:1979
]]>
			</failure>
			<failure message="FAILED: res://tests/live_planning_scene_test.gd:1373" type="FAILURE">
<![CDATA[
k2/phase4/enemy: icon must contain âš”ï¸, got ðŸ‘Ÿ
	at '_audit_surface' in res://tests/live_planning_scene_test.gd:1373
	at '_probe_cell' in res://tests/live_planning_scene_test.gd:1310
	at '_wait_ability_settle' in res://tests/live_planning_scene_test.gd:1979
]]>
			</failure>
			<failure message="FAILED: res://tests/live_planning_scene_test.gd:1073" type="FAILURE">
<![CDATA[
k2/selection: hook must write action
	at '_assert_k2_hook_committed' in res://tests/live_planning_scene_test.gd:1073
	at '_journey_knight2_chain_hook' in res://tests/live_planning_scene_test.gd:590
	at '_wait_ability_settle' in res://tests/live_planning_scene_test.gd:1979
	at 'await_planning_commit_sequence' in res://presentation/tactical_unit_layer.gd:289
]]>
			</failure>
			<failure message="FAILED: res://tests/live_planning_scene_test.gd:1077" type="FAILURE">
<![CDATA[
k2/selection: hook spends AP
	at '_assert_k2_hook_committed' in res://tests/live_planning_scene_test.gd:1077
	at '_journey_knight2_chain_hook' in res://tests/live_planning_scene_test.gd:590
	at '_wait_ability_settle' in res://tests/live_planning_scene_test.gd:1979
	at 'await_planning_commit_sequence' in res://presentation/tactical_unit_layer.gd:289
]]>
			</failure>
			<failure message="FAILED: res://tests/live_planning_scene_test.gd:1081" type="FAILURE">
<![CDATA[
k2/selection: hook target missing
	at '_assert_k2_hook_committed' in res://tests/live_planning_scene_test.gd:1081
	at '_journey_knight2_chain_hook' in res://tests/live_planning_scene_test.gd:590
	at '_wait_ability_settle' in res://tests/live_planning_scene_test.gd:1979
	at 'await_planning_commit_sequence' in res://presentation/tactical_unit_layer.gd:289
]]>
			</failure>
			<failure message="FAILED: res://tests/live_planning_scene_test.gd:1073" type="FAILURE">
<![CDATA[
k2/drag: hook must write action
	at '_assert_k2_hook_committed' in res://tests/live_planning_scene_test.gd:1073
	at '_journey_knight2_chain_hook' in res://tests/live_planning_scene_test.gd:596
	at '_wait_ability_settle' in res://tests/live_planning_scene_test.gd:1979
	at 'await_planning_commit_sequence' in res://presentation/tactical_unit_layer.gd:289
]]>
			</failure>
			<failure message="FAILED: res://tests/live_planning_scene_test.gd:1077" type="FAILURE">
<![CDATA[
k2/drag: hook spends AP
	at '_assert_k2_hook_committed' in res://tests/live_planning_scene_test.gd:1077
	at '_journey_knight2_chain_hook' in res://tests/live_planning_scene_test.gd:596
	at '_wait_ability_settle' in res://tests/live_planning_scene_test.gd:1979
	at 'await_planning_commit_sequence' in res://presentation/tactical_unit_layer.gd:289
]]>
			</failure>
			<failure message="FAILED: res://tests/live_planning_scene_test.gd:1081" type="FAILURE">
<![CDATA[
k2/drag: hook target missing
	at '_assert_k2_hook_committed' in res://tests/live_planning_scene_test.gd:1081
	at '_journey_knight2_chain_hook' in res://tests/live_planning_scene_test.gd:596
	at '_wait_ability_settle' in res://tests/live_planning_scene_test.gd:1979
	at 'await_planning_commit_sequence' in res://presentation/tactical_unit_layer.gd:289
]]>
			</failure>
			<failure message="FAILED: res://tests/live_planning_scene_test.gd:601" type="FAILURE">
<![CDATA[
Expecting:
 0
 but was
 1
	at '_journey_knight2_chain_hook' in res://tests/live_planning_scene_test.gd:601
	at '_wait_ability_settle' in res://tests/live_planning_scene_test.gd:1979
	at 'await_planning_commit_sequence' in res://presentation/tactical_unit_layer.gd:289
]]>
			</failure>
			<failure message="FAILED: res://tests/live_planning_scene_test.gd:603" type="FAILURE">
<![CDATA[
Expecting: not to be '<null>'
	at '_journey_knight2_chain_hook' in res://tests/live_planning_scene_test.gd:603
	at '_wait_ability_settle' in res://tests/live_planning_scene_test.gd:1979
	at 'await_planning_commit_sequence' in res://presentation/tactical_unit_layer.gd:289
]]>
			</failure>
			<failure message="FAILED: res://tests/live_planning_scene_test.gd:1358" type="FAILURE">
<![CDATA[
k3/hover/east: preview ghost missing at (6, 4); path=[(5, 4), (6, 4)] slots={ "pre": [], "action": [<RefCounted#-9223368761120114106>], "post": [], "invalid": false, "_preview_validated": true } approach=n/a preview_board=<RefCounted#-9223368792141187289>
	at '_audit_surface' in res://tests/live_planning_scene_test.gd:1358
	at '_preview_unit' in res://tests/live_planning_scene_test.gd:1995
]]>
			</failure>
			<failure message="FAILED: res://tests/live_planning_scene_test.gd:1337" type="FAILURE">
<![CDATA[
k3/hover/end: preview path must not be empty at (6, 3)
	at '_audit_surface' in res://tests/live_planning_scene_test.gd:1337
	at '_probe_cell' in res://tests/live_planning_scene_test.gd:1310
	at '_wait_ability_settle' in res://tests/live_planning_scene_test.gd:1979
]]>
			</failure>
			<failure message="FAILED: res://tests/live_planning_scene_test.gd:1953" type="FAILURE">
<![CDATA[
k3/hover/end: preview path empty (expected end (6, 3))
	at '_assert_preview_path_ends' in res://tests/live_planning_scene_test.gd:1953
	at '_audit_surface' in res://tests/live_planning_scene_test.gd:1345
	at '_probe_cell' in res://tests/live_planning_scene_test.gd:1310
	at '_wait_ability_settle' in res://tests/live_planning_scene_test.gd:1979
]]>
			</failure>
			<failure message="FAILED: res://tests/live_planning_scene_test.gd:1358" type="FAILURE">
<![CDATA[
k3/hover/end: preview ghost missing at (6, 3); path=[] slots={ "pre": [], "action": [], "post": [], "invalid": "Invalid target or distance for this ability." } approach=n/a preview_board=<null>
	at '_audit_surface' in res://tests/live_planning_scene_test.gd:1358
	at '_preview_unit' in res://tests/live_planning_scene_test.gd:1995
]]>
			</failure>
			<failure message="FAILED: res://tests/live_planning_scene_test.gd:1337" type="FAILURE">
<![CDATA[
k3/selection/pre_tap: preview path must not be empty at (6, 3)
	at '_audit_surface' in res://tests/live_planning_scene_test.gd:1337
	at '_probe_cell' in res://tests/live_planning_scene_test.gd:1310
	at '_wait_ability_settle' in res://tests/live_planning_scene_test.gd:1979
]]>
			</failure>
			<failure message="FAILED: res://tests/live_planning_scene_test.gd:1895" type="FAILURE">
<![CDATA[
k3/selection/pre_tap: preview path expected [(5, 4), (6, 4), (6, 3)] got []; events=[0:(-999, -999):(-999, -999):[], 0:(5, 4):(1, 4):[(4, 4), (3, 4), (2, 4), (1, 4)]]; plan=[1:(5, 4):[]:-1]
	at '_assert_preview_path_equals' in res://tests/live_planning_scene_test.gd:1895
	at '_audit_surface' in res://tests/live_planning_scene_test.gd:1341
	at '_probe_cell' in res://tests/live_planning_scene_test.gd:1310
	at '_wait_ability_settle' in res://tests/live_planning_scene_test.gd:1979
]]>
			</failure>
			<failure message="FAILED: res://tests/live_planning_scene_test.gd:1358" type="FAILURE">
<![CDATA[
k3/selection/pre_tap: preview ghost missing at (6, 3); path=[] slots={ "pre": [], "action": [], "post": [], "invalid": "Invalid target or distance for this ability." } approach=n/a preview_board=<null>
	at '_audit_surface' in res://tests/live_planning_scene_test.gd:1358
	at '_preview_unit' in res://tests/live_planning_scene_test.gd:1995
]]>
			</failure>
			<failure message="FAILED: res://tests/live_planning_scene_test.gd:2349" type="FAILURE">
<![CDATA[
k3/selection/release: commit must not run when preview slots are invalid
	at '_assert_commit_ratifies_preview' in res://tests/live_planning_scene_test.gd:2349
	at '_tap_cell' in res://tests/live_planning_scene_test.gd:899
]]>
			</failure>
			<failure message="FAILED: res://tests/live_planning_scene_test.gd:1107" type="FAILURE">
<![CDATA[
k3/selection: trample target
	at '_assert_k3_trample_committed' in res://tests/live_planning_scene_test.gd:1107
	at '_journey_knight3_trampling_advance' in res://tests/live_planning_scene_test.gd:664
	at '_wait_ability_settle' in res://tests/live_planning_scene_test.gd:1979
]]>
			</failure>
			<failure message="FAILED: res://tests/live_planning_scene_test.gd:1110" type="FAILURE">
<![CDATA[
k3/selection: trample spends AP
	at '_assert_k3_trample_committed' in res://tests/live_planning_scene_test.gd:1110
	at '_journey_knight3_trampling_advance' in res://tests/live_planning_scene_test.gd:664
	at '_wait_ability_settle' in res://tests/live_planning_scene_test.gd:1979
]]>
			</failure>
			<failure message="FAILED: res://tests/live_planning_scene_test.gd:1819" type="FAILURE">
<![CDATA[
k3: endpoint paint failed at step 2
	at '_drag_through_cells_with_route_checks' in res://tests/live_planning_scene_test.gd:1819
	at '_hop_drag_to_cell' in res://tests/live_planning_scene_test.gd:1284
]]>
			</failure>
			<failure message="FAILED: res://tests/live_planning_scene_test.gd:1895" type="FAILURE">
<![CDATA[
k3/preview_path_2: preview path expected [(5, 4), (6, 4), (6, 3)] got []; events=[0:(-999, -999):(-999, -999):[], 0:(5, 4):(1, 4):[(4, 4), (3, 4), (2, 4), (1, 4)]]; plan=[1:(5, 4):[]:-1]
	at '_assert_preview_path_equals' in res://tests/live_planning_scene_test.gd:1895
	at '_drag_through_cells_with_route_checks' in res://tests/live_planning_scene_test.gd:1823
]]>
			</failure>
			<failure message="FAILED: res://tests/live_planning_scene_test.gd:2349" type="FAILURE">
<![CDATA[
k3/release: commit must not run when preview slots are invalid
	at '_assert_commit_ratifies_preview' in res://tests/live_planning_scene_test.gd:2349
	at '_drag_through_cells_with_route_checks' in res://tests/live_planning_scene_test.gd:1846
]]>
			</failure>
			<failure message="FAILED: res://tests/live_planning_scene_test.gd:1100" type="FAILURE">
<![CDATA[
k3/drag: trample waypoints
	at '_assert_k3_trample_committed' in res://tests/live_planning_scene_test.gd:1100
	at '_journey_knight3_trampling_advance' in res://tests/live_planning_scene_test.gd:670
	at '_drag_through_cells_with_route_checks' in res://tests/live_planning_scene_test.gd:1846
]]>
			</failure>
			<failure message="FAILED: res://tests/live_planning_scene_test.gd:1103" type="FAILURE">
<![CDATA[
k3/drag: trample end position
	at '_assert_k3_trample_committed' in res://tests/live_planning_scene_test.gd:1103
	at '_journey_knight3_trampling_advance' in res://tests/live_planning_scene_test.gd:670
	at '_drag_through_cells_with_route_checks' in res://tests/live_planning_scene_test.gd:1846
]]>
			</failure>
			<failure message="FAILED: res://tests/live_planning_scene_test.gd:1110" type="FAILURE">
<![CDATA[
k3/drag: trample spends AP
	at '_assert_k3_trample_committed' in res://tests/live_planning_scene_test.gd:1110
	at '_journey_knight3_trampling_advance' in res://tests/live_planning_scene_test.gd:670
	at '_drag_through_cells_with_route_checks' in res://tests/live_planning_scene_test.gd:1846
]]>
			</failure>
			<failure message="FAILED: res://tests/live_planning_scene_test.gd:2753" type="FAILURE">
<![CDATA[
k3/drag/post_commit/red: action-range gate expected false got true
	at '_assert_red_live' in res://tests/live_planning_scene_test.gd:2753
	at '_audit_surface' in res://tests/live_planning_scene_test.gd:1392
	at '_probe_cell' in res://tests/live_planning_scene_test.gd:1310
	at '_wait_ability_settle' in res://tests/live_planning_scene_test.gd:1979
]]>
			</failure>
			<failure message="FAILED: res://tests/live_planning_scene_test.gd:2756" type="FAILURE">
<![CDATA[
k3/drag/post_commit/red: overlay red expected false got true
	at '_assert_red_live' in res://tests/live_planning_scene_test.gd:2756
	at '_audit_surface' in res://tests/live_planning_scene_test.gd:1392
	at '_probe_cell' in res://tests/live_planning_scene_test.gd:1310
	at '_wait_ability_settle' in res://tests/live_planning_scene_test.gd:1979
]]>
			</failure>
			<failure message="FAILED: res://tests/live_planning_scene_test.gd:1895" type="FAILURE">
<![CDATA[
k3/post/hover_east: preview path expected [(5, 4), (6, 4), (6, 3), (7, 3)] got [(5, 4), (6, 4), (7, 4), (7, 3)]; events=[0:(5, 4):(7, 3):[(6, 4), (7, 4), (7, 3)]]; plan=[]
	at '_assert_preview_path_equals' in res://tests/live_planning_scene_test.gd:1895
	at '_audit_surface' in res://tests/live_planning_scene_test.gd:1341
	at '_probe_cell' in res://tests/live_planning_scene_test.gd:1310
	at '_wait_ability_settle' in res://tests/live_planning_scene_test.gd:1979
]]>
			</failure>
			<failure message="FAILED: res://tests/live_planning_scene_test.gd:1337" type="FAILURE">
<![CDATA[
k3/post/hover_dest: preview path must not be empty at (8, 2)
	at '_audit_surface' in res://tests/live_planning_scene_test.gd:1337
	at '_probe_cell' in res://tests/live_planning_scene_test.gd:1310
	at '_wait_ability_settle' in res://tests/live_planning_scene_test.gd:1979
]]>
			</failure>
			<failure message="FAILED: res://tests/live_planning_scene_test.gd:1953" type="FAILURE">
<![CDATA[
k3/post/hover_dest: preview path empty (expected end (8, 2))
	at '_assert_preview_path_ends' in res://tests/live_planning_scene_test.gd:1953
	at '_audit_surface' in res://tests/live_planning_scene_test.gd:1345
	at '_probe_cell' in res://tests/live_planning_scene_test.gd:1310
	at '_wait_ability_settle' in res://tests/live_planning_scene_test.gd:1979
]]>
			</failure>
			<failure message="FAILED: res://tests/live_planning_scene_test.gd:1358" type="FAILURE">
<![CDATA[
k3/post/hover_dest: preview ghost missing at (8, 2); path=[] slots={ "pre": [], "action": [], "post": [], "invalid": "No valid actions generated." } approach=n/a preview_board=<null>
	at '_audit_surface' in res://tests/live_planning_scene_test.gd:1358
	at '_preview_unit' in res://tests/live_planning_scene_test.gd:1995
]]>
			</failure>
			<failure message="FAILED: res://tests/live_planning_scene_test.gd:1373" type="FAILURE">
<![CDATA[
k3/post/hover_dest: icon must contain ðŸ‘Ÿ, got âˆ…
	at '_audit_surface' in res://tests/live_planning_scene_test.gd:1373
	at '_preview_unit' in res://tests/live_planning_scene_test.gd:1995
]]>
			</failure>
			<failure message="FAILED: res://tests/live_planning_scene_test.gd:1269" type="FAILURE">
<![CDATA[
k3/post/step_1: drag must be armed before hop to (7, 3)
	at '_hop_drag_to_cell' in res://tests/live_planning_scene_test.gd:1269
	at '_drag_through_cells_with_route_checks' in res://tests/live_planning_scene_test.gd:1787
]]>
			</failure>
			<failure message="FAILED: res://tests/live_planning_scene_test.gd:1879" type="FAILURE">
<![CDATA[
k3/post/drag_route_1: drag route expected [(6, 3), (7, 3)] got []
	at '_assert_drag_route_equals' in res://tests/live_planning_scene_test.gd:1879
	at '_drag_through_cells_with_route_checks' in res://tests/live_planning_scene_test.gd:1805
]]>
			</failure>
			<failure message="FAILED: res://tests/live_planning_scene_test.gd:1895" type="FAILURE">
<![CDATA[
k3/post/preview_path_1: preview path expected [(5, 4), (6, 4), (6, 3), (7, 3)] got []; events=[6:(-999, -999):(-999, -999):[]]; plan=[0:(6, 3):[(6, 4), (6, 3)]:-1]
	at '_assert_preview_path_equals' in res://tests/live_planning_scene_test.gd:1895
	at '_drag_through_cells_with_route_checks' in res://tests/live_planning_scene_test.gd:1811
]]>
			</failure>
			<failure message="FAILED: res://tests/live_planning_scene_test.gd:1814" type="FAILURE">
<![CDATA[
k3/post: post drag must show blue move tiles
	at '_drag_through_cells_with_route_checks' in res://tests/live_planning_scene_test.gd:1814
]]>
			</failure>
			<failure message="FAILED: res://tests/live_planning_scene_test.gd:1269" type="FAILURE">
<![CDATA[
k3/post/step_2: drag must be armed before hop to (8, 3)
	at '_hop_drag_to_cell' in res://tests/live_planning_scene_test.gd:1269
	at '_drag_through_cells_with_route_checks' in res://tests/live_planning_scene_test.gd:1787
]]>
			</failure>
			<failure message="FAILED: res://tests/live_planning_scene_test.gd:1879" type="FAILURE">
<![CDATA[
k3/post/drag_route_2: drag route expected [(6, 3), (7, 3), (8, 3)] got []
	at '_assert_drag_route_equals' in res://tests/live_planning_scene_test.gd:1879
	at '_drag_through_cells_with_route_checks' in res://tests/live_planning_scene_test.gd:1805
]]>
			</failure>
			<failure message="FAILED: res://tests/live_planning_scene_test.gd:1895" type="FAILURE">
<![CDATA[
k3/post/preview_path_2: preview path expected [(5, 4), (6, 4), (6, 3), (7, 3), (8, 3)] got []; events=[6:(-999, -999):(-999, -999):[]]; plan=[0:(6, 3):[(6, 4), (6, 3)]:-1]
	at '_assert_preview_path_equals' in res://tests/live_planning_scene_test.gd:1895
	at '_drag_through_cells_with_route_checks' in res://tests/live_planning_scene_test.gd:1811
]]>
			</failure>
			<failure message="FAILED: res://tests/live_planning_scene_test.gd:1814" type="FAILURE">
<![CDATA[
k3/post: post drag must show blue move tiles
	at '_drag_through_cells_with_route_checks' in res://tests/live_planning_scene_test.gd:1814
]]>
			</failure>
			<failure message="FAILED: res://tests/live_planning_scene_test.gd:1269" type="FAILURE">
<![CDATA[
k3/post/step_3: drag must be armed before hop to (8, 2)
	at '_hop_drag_to_cell' in res://tests/live_planning_scene_test.gd:1269
	at '_drag_through_cells_with_route_checks' in res://tests/live_planning_scene_test.gd:1787
]]>
			</failure>
			<failure message="FAILED: res://tests/live_planning_scene_test.gd:1879" type="FAILURE">
<![CDATA[
k3/post/drag_route_3: drag route expected [(6, 3), (7, 3), (8, 3), (8, 2)] got []
	at '_assert_drag_route_equals' in res://tests/live_planning_scene_test.gd:1879
	at '_drag_through_cells_with_route_checks' in res://tests/live_planning_scene_test.gd:1805
]]>
			</failure>
			<failure message="FAILED: res://tests/live_planning_scene_test.gd:1895" type="FAILURE">
<![CDATA[
k3/post/preview_path_3: preview path expected [(5, 4), (6, 4), (6, 3), (7, 3), (8, 3), (8, 2)] got []; events=[6:(-999, -999):(-999, -999):[]]; plan=[0:(6, 3):[(6, 4), (6, 3)]:-1]
	at '_assert_preview_path_equals' in res://tests/live_planning_scene_test.gd:1895
	at '_drag_through_cells_with_route_checks' in res://tests/live_planning_scene_test.gd:1811
]]>
			</failure>
			<failure message="FAILED: res://tests/live_planning_scene_test.gd:1814" type="FAILURE">
<![CDATA[
k3/post: post drag must show blue move tiles
	at '_drag_through_cells_with_route_checks' in res://tests/live_planning_scene_test.gd:1814
]]>
			</failure>
			<failure message="FAILED: res://tests/live_planning_scene_test.gd:2349" type="FAILURE">
<![CDATA[
k3/post/release: commit must not run when preview slots are invalid
	at '_assert_commit_ratifies_preview' in res://tests/live_planning_scene_test.gd:2349
	at '_drag_through_cells_with_route_checks' in res://tests/live_planning_scene_test.gd:1846
]]>
			</failure>
			<failure message="FAILED: res://tests/live_planning_scene_test.gd:1118" type="FAILURE">
<![CDATA[
k3/post: post-move missing
	at '_assert_k3_post_move_committed' in res://tests/live_planning_scene_test.gd:1118
	at '_journey_knight3_trampling_advance' in res://tests/live_planning_scene_test.gd:708
	at '_drag_through_cells_with_route_checks' in res://tests/live_planning_scene_test.gd:1846
]]>
			</failure>
		</testcase>
	</testsuite>
</testsuites>
