<?xml version="1.0" encoding="UTF-8" ?>
<testsuites id="2026-08-07" name="report_377" tests="1" failures="7" skipped="0" flaky="0" time="0.000">
	<testsuite id="0" name="live_lancer_class_test" package="tests" timestamp="2026-08-07T07:49:34" hostname="localhost" tests="1" failures="7" errors="0" skipped="0" flaky="0" time="9.155">
		<testcase name="test_live_lancer_every_skill" classname="live_lancer_class_test" time="9.138">
			<failure message="FAILED: res://tests/live_lancer_class_test.gd:505" type="FAILURE">
<![CDATA[
lancer_sweeping_halberd: expected PUSH/PULL displacement was not observed
	at '_assert_live_observation' in res://tests/live_lancer_class_test.gd:505
	at '_run_live_batch' in res://tests/live_lancer_class_test.gd:416
	at '_commit_live_click' in res://tests/live_lancer_class_test.gd:619
]]>
			</failure>
			<failure message="FAILED: res://tests/live_lancer_class_test.gd:505" type="FAILURE">
<![CDATA[
lancer_harpoon_toss: expected PUSH/PULL displacement was not observed
	at '_assert_live_observation' in res://tests/live_lancer_class_test.gd:505
	at '_run_live_batch' in res://tests/live_lancer_class_test.gd:416
	at '_commit_glorious_charge' in res://tests/live_lancer_class_test.gd:553
	at '_commit_live_click' in res://tests/live_lancer_class_test.gd:619
]]>
			</failure>
			<failure message="FAILED: res://tests/live_lancer_class_test.gd:402" type="FAILURE">
<![CDATA[
lancer_flanking_maneuver: live preview/commit slots rejected a Bible-valid target: { "pre": [], "action": [<RefCounted#-9223364288448550251>], "post": [], "invalid": "cannot_use_ability" }
	at '_run_live_batch' in res://tests/live_lancer_class_test.gd:402
]]>
			</failure>
			<failure message="FAILED: res://tests/live_lancer_class_test.gd:406" type="FAILURE">
<![CDATA[
lancer_flanking_maneuver: live commit did not write the selected ability; slots=action=lancer_flanking_maneuver plan=lancer_line_breaker@1,lancer_spear_wall@2,lancer_meteor_drop@3
	at '_run_live_batch' in res://tests/live_lancer_class_test.gd:406
]]>
			</failure>
			<failure message="FAILED: res://tests/live_lancer_class_test.gd:527" type="FAILURE">
<![CDATA[
lancer_spear_wall: expected spear-wall terrain was not created
	at '_assert_live_observation' in res://tests/live_lancer_class_test.gd:527
	at '_run_live_batch' in res://tests/live_lancer_class_test.gd:416
]]>
			</failure>
			<failure message="FAILED: res://tests/live_lancer_class_test.gd:481" type="FAILURE">
<![CDATA[
lancer_flanking_maneuver: committed skill never resolved as ABILITY_USED; plan=lancer_line_breaker@1,lancer_spear_wall@2,lancer_meteor_drop@3
	at '_assert_live_observation' in res://tests/live_lancer_class_test.gd:481
	at '_run_live_batch' in res://tests/live_lancer_class_test.gd:416
]]>
			</failure>
			<failure message="FAILED: res://tests/live_lancer_class_test.gd:495" type="FAILURE">
<![CDATA[
lancer_flanking_maneuver: expected movement was not observed
	at '_assert_live_observation' in res://tests/live_lancer_class_test.gd:495
	at '_run_live_batch' in res://tests/live_lancer_class_test.gd:416
]]>
			</failure>
		</testcase>
	</testsuite>
</testsuites>
