<?xml version="1.0" encoding="UTF-8" ?>
<testsuites id="2026-08-23" name="report_1447" tests="2" failures="2" skipped="0" flaky="0" time="0.000">
	<testsuite id="0" name="live_planning_scene_test" package="tests" timestamp="2026-08-24T05:23:44" hostname="localhost" tests="2" failures="2" errors="0" skipped="0" flaky="0" time="12.757">
		<testcase name="test_live_swap_session" classname="live_planning_scene_test" time="10.077">
			<failure message="FAILED: res://tests/live_planning_scene_test.gd:2747" type="FAILURE">
<![CDATA[
walk_swap/swap: animation route must match preview leg; preview=[(3, 5), (3, 4)] animation=[(4, 5)] plan=[0:(3, 4):[(3, 5), (3, 4)]:-1, 1:(2, 4):[]:2]
	at '_assert_animation_route_matches_preview' in res://tests/live_planning_scene_test.gd:2747
	at '_wait_planning_move_tween' in res://tests/live_planning_scene_test.gd:1123
]]>
			</failure>
			<failure message="FAILED: res://tests/live_planning_scene_test.gd:375" type="FAILURE">
<![CDATA[
walk_swap: premove must own an active walk tween
	at '_assert_premove_is_visibly_in_progress' in res://tests/live_planning_scene_test.gd:375
	at '_journey_walk_then_swap' in res://tests/live_planning_scene_test.gd:327
	at '_commit_via_slots_at_cell' in res://tests/live_planning_scene_test.gd:1009
	at '_assert_commit_ratifies_preview' in res://tests/live_planning_scene_test.gd:2686
	at '_assert_animation_route_matches_preview' in res://tests/live_planning_scene_test.gd:2747
	at '_wait_planning_move_tween' in res://tests/live_planning_scene_test.gd:1123
]]>
			</failure>
		</testcase>
		<testcase name="test_live_push_through_premove_session" classname="live_planning_scene_test" time="2.647">
		</testcase>
	</testsuite>
</testsuites>
