<?xml version="1.0" encoding="UTF-8" ?>
<testsuites id="2026-08-08" name="report_402" tests="2" failures="0" skipped="0" flaky="0" time="0.000">
	<testsuite id="0" name="live_planning_scene_test" package="tests" timestamp="2026-08-08T17:51:42" hostname="localhost" tests="2" failures="0" errors="0" skipped="0" flaky="0" time="27.514">
		<testcase name="test_live_planning_bible_multi_knight_session" classname="live_planning_scene_test" time="20.234">
		</testcase>
		<testcase name="test_live_swap_session" classname="live_planning_scene_test" time="7.254">
		</testcase>
	</testsuite>
</testsuites>
