<?xml version="1.0" encoding="UTF-8" ?>
<testsuites id="2026-08-23" name="report_1450" tests="2" failures="3" skipped="0" flaky="0" time="0.000">
	<testsuite id="0" name="live_planning_scene_test" package="tests" timestamp="2026-08-24T05:31:53" hostname="localhost" tests="2" failures="3" errors="0" skipped="0" flaky="0" time="14.231">
		<testcase name="test_live_swap_session" classname="live_planning_scene_test" time="11.085">
			<failure message="FAILED: res://tests/live_planning_scene_test.gd:1054" type="FAILURE">
<![CDATA[
walk_swap/after_walk/k1: sprite must stand on 3,4, got actor grid 2,4; route trace=[{ "kind": &"commit_event", "unit_id": 1, "from": (4, 5), "to": (3, 4), "path": [(4, 4), (3, 4)], "move_timing": 1 }, { "kind": &"animation", "unit_id": 1, "start": (4, 5), "cells": [(4, 4), (3, 4)], "use_run": false, "step_time": 0.24, "actual_cells": [(4, 4), (3, 4)], "stage": &"walk", "finished_cell": (3, 4) }, { "kind": &"animation", "unit_id": 1, "start": (3, 4), "cells": [(2, 4)], "use_run": false, "step_time": 0.24, "actual_cells": [(2, 4)], "stage": &"swap", "finished_cell": (2, 4) }, { "kind": &"animation", "unit_id": 2, "start": (2, 4), "cells": [(3, 4)], "use_run": false, "step_time": 0.24, "actual_cells": [(3, 4)], "stage": &"swap", "finished_cell": (3, 4) }]; plan=[0:(3, 4):[]:-1, 1:(2, 4):[]:2]; preview_path=[]; drag_route=[]; click_slots=[pre:0:(3, 4):[], pre:1:(2, 4):[]]
	at '_assert_actor_on_cell' in res://tests/live_planning_scene_test.gd:1054
	at '_journey_swap_ally_out_of_range_parity' in res://tests/live_planning_scene_test.gd:302
	at '_wait_planning_move_tween' in res://tests/live_planning_scene_test.gd:1126
]]>
			</failure>
			<failure message="FAILED: res://tests/live_planning_scene_test.gd:1054" type="FAILURE">
<![CDATA[
walk_swap/after_walk/ally: sprite must stand on 2,4, got actor grid 3,4; route trace=[{ "kind": &"commit_event", "unit_id": 1, "from": (4, 5), "to": (3, 4), "path": [(4, 4), (3, 4)], "move_timing": 1 }, { "kind": &"animation", "unit_id": 1, "start": (4, 5), "cells": [(4, 4), (3, 4)], "use_run": false, "step_time": 0.24, "actual_cells": [(4, 4), (3, 4)], "stage": &"walk", "finished_cell": (3, 4) }, { "kind": &"animation", "unit_id": 1, "start": (3, 4), "cells": [(2, 4)], "use_run": false, "step_time": 0.24, "actual_cells": [(2, 4)], "stage": &"swap", "finished_cell": (2, 4) }, { "kind": &"animation", "unit_id": 2, "start": (2, 4), "cells": [(3, 4)], "use_run": false, "step_time": 0.24, "actual_cells": [(3, 4)], "stage": &"swap", "finished_cell": (3, 4) }]; plan=[]; preview_path=[]; drag_route=[]; click_slots=[pre:0:(3, 4):[], pre:1:(2, 4):[]]
	at '_assert_actor_on_cell' in res://tests/live_planning_scene_test.gd:1054
	at '_journey_swap_ally_out_of_range_parity' in res://tests/live_planning_scene_test.gd:303
	at '_wait_planning_move_tween' in res://tests/live_planning_scene_test.gd:1126
]]>
			</failure>
			<failure message="FAILED: res://tests/live_planning_scene_test.gd:385" type="FAILURE">
<![CDATA[
walk_swap/walk: premove actor must be between origin and destination, got (72.0, 96.0)
	at '_assert_premove_is_visibly_in_progress' in res://tests/live_planning_scene_test.gd:385
	at '_drag_through_cells' in res://tests/live_planning_scene_test.gd:1804
]]>
			</failure>
		</testcase>
		<testcase name="test_live_push_through_premove_session" classname="live_planning_scene_test" time="3.112">
		</testcase>
	</testsuite>
</testsuites>
