<?xml version="1.0" encoding="UTF-8" ?>
<testsuites id="2026-08-22" name="report_1424" tests="1" failures="1" skipped="0" flaky="0" time="0.000">
	<testsuite id="0" name="live_bruiser_class_test" package="tests" timestamp="2026-08-22T22:04:28" hostname="localhost" tests="1" failures="1" errors="0" skipped="0" flaky="0" time="32.659">
		<testcase name="test_live_bruiser_multi_skill_session" classname="live_bruiser_class_test" time="32.636">
			<failure message="FAILED: res://tests/live_bruiser_class_test.gd:677" type="FAILURE">
<![CDATA[
bruiser_charge_strike actor=2 pos=(1, 3) target=(3, 3) plan=bruiser_charge_strike@2:awaiting: strike aim range must include the enemy; tiles=[(1, 2), (0, 3), (2, 3), (1, 4)]
	at '_run_live_batch' in res://tests/live_bruiser_class_test.gd:677
	at 'sync_attack_hover' in res://tests/live_overlay_qa_mixin.gd:26
]]>
			</failure>
		</testcase>
	</testsuite>
</testsuites>
