<?xml version="1.0" encoding="UTF-8" ?>
<testsuites id="2026-08-22" name="report_1439" tests="1" failures="1" skipped="0" flaky="0" time="0.000">
	<testsuite id="0" name="live_lancer_class_test" package="tests" timestamp="2026-08-23T03:58:20" hostname="localhost" tests="1" failures="1" errors="0" skipped="0" flaky="0" time="28.142">
		<testcase name="test_live_lancer_every_skill" classname="live_lancer_class_test" time="28.126">
			<failure message="FAILED: res://tests/live_lancer_class_test.gd:529" type="FAILURE">
<![CDATA[
lancer_flanking_maneuver: primary effect type
	at '_assert_contract' in res://tests/live_lancer_class_test.gd:529
	at '_run_live_batch' in res://tests/live_lancer_class_test.gd:435
]]>
			</failure>
		</testcase>
	</testsuite>
</testsuites>
