<?xml version="1.0" encoding="UTF-8" ?>
<testsuites id="2026-08-03" name="report_280" tests="2" failures="50" skipped="0" flaky="0" time="0.000">
	<testsuite id="0" name="live_planning_scene_test" package="tests" timestamp="2026-08-04T02:25:33" hostname="localhost" tests="2" failures="50" errors="775" skipped="0" flaky="0" time="21.906">
		<testcase name="test_live_planning_bible_multi_knight_session" classname="live_planning_scene_test" time="21.364">
			<error message="ERROR: res://tests/live_planning_scene_test.gd:281" type="ABORT">
<![CDATA[
Godot Runtime Error !
  'Invalid access to property or key 'legacy_modifiers' on a base object of type 'Resource (AbilityModule)'.'
	at 'ensure_if_collided_followup_move' in res://data/definitions/ability_module_bridge.gd:281
	at 'build' in res://core/factory/classes/bruiser_factory.gd:184
	at '_ensure_init' in res://core/factory/data_library.gd:163
	at 'get_unit' in res://core/factory/data_library.gd:39
	at '_collect_placements' in res://bridge/test_battle_encounter_builder.gd:13
	at 'build_encounter' in res://bridge/test_battle_encounter_builder.gd:56
	at '_load_skirmish' in res://presentation/test_battle_map_view.gd:23
	at '_ready' in res://presentation/tactical_map_view.gd:158
	at '_ready' in res://presentation/test_battle_map_view.gd:12
	at 'test_live_planning_bible_multi_knight_session' in res://tests/live_planning_scene_test.gd:93
]]>
			</error>
			<error message="ERROR: res://tests/live_planning_scene_test.gd:1057" type="ABORT">
<![CDATA[
Godot Runtime Error !
  'Invalid access to property or key 'type' on a base object of type 'Resource (AbilityModule)'.'
	at 'apply_effect_dict' in res://ui/class_library_schema.gd:1057
	at 'effects_from_dict_array' in res://ui/class_library_schema.gd:1081
	at 'apply_ability_dict' in res://ui/class_library_schema.gd:1311
	at 'apply_unit_dict' in res://ui/class_library_schema.gd:1424
	at 'apply_unit_overrides' in res://ui/class_library_schema.gd:1033
	at 'apply_saved_unit_overrides' in res://ui/class_library_schema.gd:1037
	at '_ensure_init' in res://core/factory/data_library.gd:280
	at 'get_unit' in res://core/factory/data_library.gd:39
	at '_collect_placements' in res://bridge/test_battle_encounter_builder.gd:13
	at 'build_encounter' in res://bridge/test_battle_encounter_builder.gd:56
	at '_load_skirmish' in res://presentation/test_battle_map_view.gd:23
	at '_ready' in res://presentation/tactical_map_view.gd:158
	at '_ready' in res://presentation/test_battle_map_view.gd:12
	at 'test_live_planning_bible_multi_knight_session' in res://tests/live_planning_scene_test.gd:93
]]>
			</error>
			<error message="ERROR: res://tests/live_planning_scene_test.gd:1057" type="ABORT">
<![CDATA[
Godot Runtime Error !
  'Invalid access to property or key 'type' on a base object of type 'Resource (AbilityModule)'.'
	at 'apply_effect_dict' in res://ui/class_library_schema.gd:1057
	at 'effects_from_dict_array' in res://ui/class_library_schema.gd:1081
	at 'apply_ability_dict' in res://ui/class_library_schema.gd:1311
	at 'apply_unit_dict' in res://ui/class_library_schema.gd:1424
	at 'apply_unit_overrides' in res://ui/class_library_schema.gd:1033
	at 'apply_saved_unit_overrides' in res://ui/class_library_schema.gd:1037
	at '_ensure_init' in res://core/factory/data_library.gd:280
	at 'get_unit' in res://core/factory/data_library.gd:39
	at '_collect_placements' in res://bridge/test_battle_encounter_builder.gd:13
	at 'build_encounter' in res://bridge/test_battle_encounter_builder.gd:56
	at '_load_skirmish' in res://presentation/test_battle_map_view.gd:23
	at '_ready' in res://presentation/tactical_map_view.gd:158
	at '_ready' in res://presentation/test_battle_map_view.gd:12
	at 'test_live_planning_bible_multi_knight_session' in res://tests/live_planning_scene_test.gd:93
]]>
			</error>
			<error message="ERROR: res://tests/live_planning_scene_test.gd:1057" type="ABORT">
<![CDATA[
Godot Runtime Error !
  'Invalid access to property or key 'type' on a base object of type 'Resource (AbilityModule)'.'
	at 'apply_effect_dict' in res://ui/class_library_schema.gd:1057
	at 'effects_from_dict_array' in res://ui/class_library_schema.gd:1081
	at 'apply_ability_dict' in res://ui/class_library_schema.gd:1311
	at 'apply_unit_dict' in res://ui/class_library_schema.gd:1424
	at 'apply_unit_overrides' in res://ui/class_library_schema.gd:1033
	at 'apply_saved_unit_overrides' in res://ui/class_library_schema.gd:1037
	at '_ensure_init' in res://core/factory/data_library.gd:280
	at 'get_unit' in res://core/factory/data_library.gd:39
	at '_collect_placements' in res://bridge/test_battle_encounter_builder.gd:13
	at 'build_encounter' in res://bridge/test_battle_encounter_builder.gd:56
	at '_load_skirmish' in res://presentation/test_battle_map_view.gd:23
	at '_ready' in res://presentation/tactical_map_view.gd:158
	at '_ready' in res://presentation/test_battle_map_view.gd:12
	at 'test_live_planning_bible_multi_knight_session' in res://tests/live_planning_scene_test.gd:93
]]>
			</error>
			<error message="ERROR: res://tests/live_planning_scene_test.gd:1057" type="ABORT">
<![CDATA[
Godot Runtime Error !
  'Invalid access to property or key 'type' on a base object of type 'Resource (AbilityModule)'.'
	at 'apply_effect_dict' in res://ui/class_library_schema.gd:1057
	at 'effects_from_dict_array' in res://ui/class_library_schema.gd:1081
	at 'apply_ability_dict' in res://ui/class_library_schema.gd:1311
	at 'apply_unit_dict' in res://ui/class_library_schema.gd:1424
	at 'apply_unit_overrides' in res://ui/class_library_schema.gd:1033
	at 'apply_saved_unit_overrides' in res://ui/class_library_schema.gd:1037
	at '_ensure_init' in res://core/factory/data_library.gd:280
	at 'get_unit' in res://core/factory/data_library.gd:39
	at '_collect_placements' in res://bridge/test_battle_encounter_builder.gd:13
	at 'build_encounter' in res://bridge/test_battle_encounter_builder.gd:56
	at '_load_skirmish' in res://presentation/test_battle_map_view.gd:23
	at '_ready' in res://presentation/tactical_map_view.gd:158
	at '_ready' in res://presentation/test_battle_map_view.gd:12
	at 'test_live_planning_bible_multi_knight_session' in res://tests/live_planning_scene_test.gd:93
]]>
			</error>
			<error message="ERROR: res://tests/live_planning_scene_test.gd:1057" type="ABORT">
<![CDATA[
Godot Runtime Error !
  'Invalid access to property or key 'type' on a base object of type 'Resource (AbilityModule)'.'
	at 'apply_effect_dict' in res://ui/class_library_schema.gd:1057
	at 'effects_from_dict_array' in res://ui/class_library_schema.gd:1081
	at 'apply_ability_dict' in res://ui/class_library_schema.gd:1311
	at 'apply_unit_dict' in res://ui/class_library_schema.gd:1424
	at 'apply_unit_overrides' in res://ui/class_library_schema.gd:1033
	at 'apply_saved_unit_overrides' in res://ui/class_library_schema.gd:1037
	at '_ensure_init' in res://core/factory/data_library.gd:280
	at 'get_unit' in res://core/factory/data_library.gd:39
	at '_collect_placements' in res://bridge/test_battle_encounter_builder.gd:13
	at 'build_encounter' in res://bridge/test_battle_encounter_builder.gd:56
	at '_load_skirmish' in res://presentation/test_battle_map_view.gd:23
	at '_ready' in res://presentation/tactical_map_view.gd:158
	at '_ready' in res://presentation/test_battle_map_view.gd:12
	at 'test_live_planning_bible_multi_knight_session' in res://tests/live_planning_scene_test.gd:93
]]>
			</error>
			<error message="ERROR: res://tests/live_planning_scene_test.gd:1057" type="ABORT">
<![CDATA[
Godot Runtime Error !
  'Invalid access to property or key 'type' on a base object of type 'Resource (AbilityModule)'.'
	at 'apply_effect_dict' in res://ui/class_library_schema.gd:1057
	at 'effects_from_dict_array' in res://ui/class_library_schema.gd:1081
	at 'apply_ability_dict' in res://ui/class_library_schema.gd:1311
	at 'apply_unit_dict' in res://ui/class_library_schema.gd:1424
	at 'apply_unit_overrides' in res://ui/class_library_schema.gd:1033
	at 'apply_saved_unit_overrides' in res://ui/class_library_schema.gd:1037
	at '_ensure_init' in res://core/factory/data_library.gd:280
	at 'get_unit' in res://core/factory/data_library.gd:39
	at '_collect_placements' in res://bridge/test_battle_encounter_builder.gd:13
	at 'build_encounter' in res://bridge/test_battle_encounter_builder.gd:56
	at '_load_skirmish' in res://presentation/test_battle_map_view.gd:23
	at '_ready' in res://presentation/tactical_map_view.gd:158
	at '_ready' in res://presentation/test_battle_map_view.gd:12
	at 'test_live_planning_bible_multi_knight_session' in res://tests/live_planning_scene_test.gd:93
]]>
			</error>
			<error message="ERROR: res://tests/live_planning_scene_test.gd:1057" type="ABORT">
<![CDATA[
Godot Runtime Error !
  'Invalid access to property or key 'type' on a base object of type 'Resource (AbilityModule)'.'
	at 'apply_effect_dict' in res://ui/class_library_schema.gd:1057
	at 'effects_from_dict_array' in res://ui/class_library_schema.gd:1081
	at 'apply_ability_dict' in res://ui/class_library_schema.gd:1311
	at 'apply_unit_dict' in res://ui/class_library_schema.gd:1424
	at 'apply_unit_overrides' in res://ui/class_library_schema.gd:1033
	at 'apply_saved_unit_overrides' in res://ui/class_library_schema.gd:1037
	at '_ensure_init' in res://core/factory/data_library.gd:280
	at 'get_unit' in res://core/factory/data_library.gd:39
	at '_collect_placements' in res://bridge/test_battle_encounter_builder.gd:13
	at 'build_encounter' in res://bridge/test_battle_encounter_builder.gd:56
	at '_load_skirmish' in res://presentation/test_battle_map_view.gd:23
	at '_ready' in res://presentation/tactical_map_view.gd:158
	at '_ready' in res://presentation/test_battle_map_view.gd:12
	at 'test_live_planning_bible_multi_knight_session' in res://tests/live_planning_scene_test.gd:93
]]>
			</error>
			<error message="ERROR: res://tests/live_planning_scene_test.gd:1057" type="ABORT">
<![CDATA[
Godot Runtime Error !
  'Invalid access to property or key 'type' on a base object of type 'Resource (AbilityModule)'.'
	at 'apply_effect_dict' in res://ui/class_library_schema.gd:1057
	at 'effects_from_dict_array' in res://ui/class_library_schema.gd:1081
	at 'apply_ability_dict' in res://ui/class_library_schema.gd:1311
	at 'apply_unit_dict' in res://ui/class_library_schema.gd:1424
	at 'apply_unit_overrides' in res://ui/class_library_schema.gd:1033
	at 'apply_saved_unit_overrides' in res://ui/class_library_schema.gd:1037
	at '_ensure_init' in res://core/factory/data_library.gd:280
	at 'get_unit' in res://core/factory/data_library.gd:39
	at '_collect_placements' in res://bridge/test_battle_encounter_builder.gd:13
	at 'build_encounter' in res://bridge/test_battle_encounter_builder.gd:56
	at '_load_skirmish' in res://presentation/test_battle_map_view.gd:23
	at '_ready' in res://presentation/tactical_map_view.gd:158
	at '_ready' in res://presentation/test_battle_map_view.gd:12
	at 'test_live_planning_bible_multi_knight_session' in res://tests/live_planning_scene_test.gd:93
]]>
			</error>
			<error message="ERROR: res://tests/live_planning_scene_test.gd:1057" type="ABORT">
<![CDATA[
Godot Runtime Error !
  'Invalid access to property or key 'type' on a base object of type 'Resource (AbilityModule)'.'
	at 'apply_effect_dict' in res://ui/class_library_schema.gd:1057
	at 'effects_from_dict_array' in res://ui/class_library_schema.gd:1081
	at 'apply_ability_dict' in res://ui/class_library_schema.gd:1311
	at 'apply_unit_dict' in res://ui/class_library_schema.gd:1424
	at 'apply_unit_overrides' in res://ui/class_library_schema.gd:1033
	at 'apply_saved_unit_overrides' in res://ui/class_library_schema.gd:1037
	at '_ensure_init' in res://core/factory/data_library.gd:280
	at 'get_unit' in res://core/factory/data_library.gd:39
	at '_collect_placements' in res://bridge/test_battle_encounter_builder.gd:13
	at 'build_encounter' in res://bridge/test_battle_encounter_builder.gd:56
	at '_load_skirmish' in res://presentation/test_battle_map_view.gd:23
	at '_ready' in res://presentation/tactical_map_view.gd:158
	at '_ready' in res://presentation/test_battle_map_view.gd:12
	at 'test_live_planning_bible_multi_knight_session' in res://tests/live_planning_scene_test.gd:93
]]>
			</error>
			<error message="ERROR: res://tests/live_planning_scene_test.gd:1057" type="ABORT">
<![CDATA[
Godot Runtime Error !
  'Invalid access to property or key 'type' on a base object of type 'Resource (AbilityModule)'.'
	at 'apply_effect_dict' in res://ui/class_library_schema.gd:1057
	at 'effects_from_dict_array' in res://ui/class_library_schema.gd:1081
	at 'apply_ability_dict' in res://ui/class_library_schema.gd:1311
	at 'apply_unit_dict' in res://ui/class_library_schema.gd:1424
	at 'apply_unit_overrides' in res://ui/class_library_schema.gd:1033
	at 'apply_saved_unit_overrides' in res://ui/class_library_schema.gd:1037
	at '_ensure_init' in res://core/factory/data_library.gd:280
	at 'get_unit' in res://core/factory/data_library.gd:39
	at '_collect_placements' in res://bridge/test_battle_encounter_builder.gd:13
	at 'build_encounter' in res://bridge/test_battle_encounter_builder.gd:56
	at '_load_skirmish' in res://presentation/test_battle_map_view.gd:23
	at '_ready' in res://presentation/tactical_map_view.gd:158
	at '_ready' in res://presentation/test_battle_map_view.gd:12
	at 'test_live_planning_bible_multi_knight_session' in res://tests/live_planning_scene_test.gd:93
]]>
			</error>
			<error message="ERROR: res://tests/live_planning_scene_test.gd:1057" type="ABORT">
<![CDATA[
Godot Runtime Error !
  'Invalid access to property or key 'type' on a base object of type 'Resource (AbilityModule)'.'
	at 'apply_effect_dict' in res://ui/class_library_schema.gd:1057
	at 'effects_from_dict_array' in res://ui/class_library_schema.gd:1081
	at 'apply_ability_dict' in res://ui/class_library_schema.gd:1311
	at 'apply_unit_dict' in res://ui/class_library_schema.gd:1424
	at 'apply_unit_overrides' in res://ui/class_library_schema.gd:1033
	at 'apply_saved_unit_overrides' in res://ui/class_library_schema.gd:1037
	at '_ensure_init' in res://core/factory/data_library.gd:280
	at 'get_unit' in res://core/factory/data_library.gd:39
	at '_collect_placements' in res://bridge/test_battle_encounter_builder.gd:13
	at 'build_encounter' in res://bridge/test_battle_encounter_builder.gd:56
	at '_load_skirmish' in res://presentation/test_battle_map_view.gd:23
	at '_ready' in res://presentation/tactical_map_view.gd:158
	at '_ready' in res://presentation/test_battle_map_view.gd:12
	at 'test_live_planning_bible_multi_knight_session' in res://tests/live_planning_scene_test.gd:93
]]>
			</error>
			<error message="ERROR: res://tests/live_planning_scene_test.gd:1057" type="ABORT">
<![CDATA[
Godot Runtime Error !
  'Invalid access to property or key 'type' on a base object of type 'Resource (AbilityModule)'.'
	at 'apply_effect_dict' in res://ui/class_library_schema.gd:1057
	at 'effects_from_dict_array' in res://ui/class_library_schema.gd:1081
	at 'apply_ability_dict' in res://ui/class_library_schema.gd:1311
	at 'apply_unit_dict' in res://ui/class_library_schema.gd:1424
	at 'apply_unit_overrides' in res://ui/class_library_schema.gd:1033
	at 'apply_saved_unit_overrides' in res://ui/class_library_schema.gd:1037
	at '_ensure_init' in res://core/factory/data_library.gd:280
	at 'get_unit' in res://core/factory/data_library.gd:39
	at '_collect_placements' in res://bridge/test_battle_encounter_builder.gd:13
	at 'build_encounter' in res://bridge/test_battle_encounter_builder.gd:56
	at '_load_skirmish' in res://presentation/test_battle_map_view.gd:23
	at '_ready' in res://presentation/tactical_map_view.gd:158
	at '_ready' in res://presentation/test_battle_map_view.gd:12
	at 'test_live_planning_bible_multi_knight_session' in res://tests/live_planning_scene_test.gd:93
]]>
			</error>
			<error message="ERROR: res://tests/live_planning_scene_test.gd:1057" type="ABORT">
<![CDATA[
Godot Runtime Error !
  'Invalid access to property or key 'type' on a base object of type 'Resource (AbilityModule)'.'
	at 'apply_effect_dict' in res://ui/class_library_schema.gd:1057
	at 'effects_from_dict_array' in res://ui/class_library_schema.gd:1081
	at 'apply_ability_dict' in res://ui/class_library_schema.gd:1311
	at 'apply_unit_dict' in res://ui/class_library_schema.gd:1424
	at 'apply_unit_overrides' in res://ui/class_library_schema.gd:1033
	at 'apply_saved_unit_overrides' in res://ui/class_library_schema.gd:1037
	at '_ensure_init' in res://core/factory/data_library.gd:280
	at 'get_unit' in res://core/factory/data_library.gd:39
	at '_collect_placements' in res://bridge/test_battle_encounter_builder.gd:13
	at 'build_encounter' in res://bridge/test_battle_encounter_builder.gd:56
	at '_load_skirmish' in res://presentation/test_battle_map_view.gd:23
	at '_ready' in res://presentation/tactical_map_view.gd:158
	at '_ready' in res://presentation/test_battle_map_view.gd:12
	at 'test_live_planning_bible_multi_knight_session' in res://tests/live_planning_scene_test.gd:93
]]>
			</error>
			<error message="ERROR: res://tests/live_planning_scene_test.gd:1057" type="ABORT">
<![CDATA[
Godot Runtime Error !
  'Invalid access to property or key 'type' on a base object of type 'Resource (AbilityModule)'.'
	at 'apply_effect_dict' in res://ui/class_library_schema.gd:1057
	at 'effects_from_dict_array' in res://ui/class_library_schema.gd:1081
	at 'apply_ability_dict' in res://ui/class_library_schema.gd:1311
	at 'apply_unit_dict' in res://ui/class_library_schema.gd:1424
	at 'apply_unit_overrides' in res://ui/class_library_schema.gd:1033
	at 'apply_saved_unit_overrides' in res://ui/class_library_schema.gd:1037
	at '_ensure_init' in res://core/factory/data_library.gd:280
	at 'get_unit' in res://core/factory/data_library.gd:39
	at '_collect_placements' in res://bridge/test_battle_encounter_builder.gd:13
	at 'build_encounter' in res://bridge/test_battle_encounter_builder.gd:56
	at '_load_skirmish' in res://presentation/test_battle_map_view.gd:23
	at '_ready' in res://presentation/tactical_map_view.gd:158
	at '_ready' in res://presentation/test_battle_map_view.gd:12
	at 'test_live_planning_bible_multi_knight_session' in res://tests/live_planning_scene_test.gd:93
]]>
			</error>
			<error message="ERROR: res://tests/live_planning_scene_test.gd:1057" type="ABORT">
<![CDATA[
Godot Runtime Error !
  'Invalid access to property or key 'type' on a base object of type 'Resource (AbilityModule)'.'
	at 'apply_effect_dict' in res://ui/class_library_schema.gd:1057
	at 'effects_from_dict_array' in res://ui/class_library_schema.gd:1081
	at 'apply_ability_dict' in res://ui/class_library_schema.gd:1311
	at 'apply_unit_dict' in res://ui/class_library_schema.gd:1424
	at 'apply_unit_overrides' in res://ui/class_library_schema.gd:1033
	at 'apply_saved_unit_overrides' in res://ui/class_library_schema.gd:1037
	at '_ensure_init' in res://core/factory/data_library.gd:280
	at 'get_unit' in res://core/factory/data_library.gd:39
	at '_collect_placements' in res://bridge/test_battle_encounter_builder.gd:13
	at 'build_encounter' in res://bridge/test_battle_encounter_builder.gd:56
	at '_load_skirmish' in res://presentation/test_battle_map_view.gd:23
	at '_ready' in res://presentation/tactical_map_view.gd:158
	at '_ready' in res://presentation/test_battle_map_view.gd:12
	at 'test_live_planning_bible_multi_knight_session' in res://tests/live_planning_scene_test.gd:93
]]>
			</error>
			<error message="ERROR: res://tests/live_planning_scene_test.gd:1057" type="ABORT">
<![CDATA[
Godot Runtime Error !
  'Invalid access to property or key 'type' on a base object of type 'Resource (AbilityModule)'.'
	at 'apply_effect_dict' in res://ui/class_library_schema.gd:1057
	at 'effects_from_dict_array' in res://ui/class_library_schema.gd:1081
	at 'apply_ability_dict' in res://ui/class_library_schema.gd:1311
	at 'apply_unit_dict' in res://ui/class_library_schema.gd:1424
	at 'apply_unit_overrides' in res://ui/class_library_schema.gd:1033
	at 'apply_saved_unit_overrides' in res://ui/class_library_schema.gd:1037
	at '_ensure_init' in res://core/factory/data_library.gd:280
	at 'get_unit' in res://core/factory/data_library.gd:39
	at '_collect_placements' in res://bridge/test_battle_encounter_builder.gd:13
	at 'build_encounter' in res://bridge/test_battle_encounter_builder.gd:56
	at '_load_skirmish' in res://presentation/test_battle_map_view.gd:23
	at '_ready' in res://presentation/tactical_map_view.gd:158
	at '_ready' in res://presentation/test_battle_map_view.gd:12
	at 'test_live_planning_bible_multi_knight_session' in res://tests/live_planning_scene_test.gd:93
]]>
			</error>
			<error message="ERROR: res://tests/live_planning_scene_test.gd:1057" type="ABORT">
<![CDATA[
Godot Runtime Error !
  'Invalid access to property or key 'type' on a base object of type 'Resource (AbilityModule)'.'
	at 'apply_effect_dict' in res://ui/class_library_schema.gd:1057
	at 'effects_from_dict_array' in res://ui/class_library_schema.gd:1081
	at 'apply_ability_dict' in res://ui/class_library_schema.gd:1311
	at 'apply_unit_dict' in res://ui/class_library_schema.gd:1424
	at 'apply_unit_overrides' in res://ui/class_library_schema.gd:1033
	at 'apply_saved_unit_overrides' in res://ui/class_library_schema.gd:1037
	at '_ensure_init' in res://core/factory/data_library.gd:280
	at 'get_unit' in res://core/factory/data_library.gd:39
	at '_collect_placements' in res://bridge/test_battle_encounter_builder.gd:13
	at 'build_encounter' in res://bridge/test_battle_encounter_builder.gd:56
	at '_load_skirmish' in res://presentation/test_battle_map_view.gd:23
	at '_ready' in res://presentation/tactical_map_view.gd:158
	at '_ready' in res://presentation/test_battle_map_view.gd:12
	at 'test_live_planning_bible_multi_knight_session' in res://tests/live_planning_scene_test.gd:93
]]>
			</error>
			<error message="ERROR: res://tests/live_planning_scene_test.gd:1057" type="ABORT">
<![CDATA[
Godot Runtime Error !
  'Invalid access to property or key 'type' on a base object of type 'Resource (AbilityModule)'.'
	at 'apply_effect_dict' in res://ui/class_library_schema.gd:1057
	at 'effects_from_dict_array' in res://ui/class_library_schema.gd:1081
	at 'apply_ability_dict' in res://ui/class_library_schema.gd:1311
	at 'apply_unit_dict' in res://ui/class_library_schema.gd:1424
	at 'apply_unit_overrides' in res://ui/class_library_schema.gd:1033
	at 'apply_saved_unit_overrides' in res://ui/class_library_schema.gd:1037
	at '_ensure_init' in res://core/factory/data_library.gd:280
	at 'get_unit' in res://core/factory/data_library.gd:39
	at '_collect_placements' in res://bridge/test_battle_encounter_builder.gd:13
	at 'build_encounter' in res://bridge/test_battle_encounter_builder.gd:56
	at '_load_skirmish' in res://presentation/test_battle_map_view.gd:23
	at '_ready' in res://presentation/tactical_map_view.gd:158
	at '_ready' in res://presentation/test_battle_map_view.gd:12
	at 'test_live_planning_bible_multi_knight_session' in res://tests/live_planning_scene_test.gd:93
]]>
			</error>
			<error message="ERROR: res://tests/live_planning_scene_test.gd:1057" type="ABORT">
<![CDATA[
Godot Runtime Error !
  'Invalid access to property or key 'type' on a base object of type 'Resource (AbilityModule)'.'
	at 'apply_effect_dict' in res://ui/class_library_schema.gd:1057
	at 'effects_from_dict_array' in res://ui/class_library_schema.gd:1081
	at 'apply_ability_dict' in res://ui/class_library_schema.gd:1311
	at 'apply_unit_dict' in res://ui/class_library_schema.gd:1424
	at 'apply_unit_overrides' in res://ui/class_library_schema.gd:1033
	at 'apply_saved_unit_overrides' in res://ui/class_library_schema.gd:1037
	at '_ensure_init' in res://core/factory/data_library.gd:280
	at 'get_unit' in res://core/factory/data_library.gd:39
	at '_collect_placements' in res://bridge/test_battle_encounter_builder.gd:13
	at 'build_encounter' in res://bridge/test_battle_encounter_builder.gd:56
	at '_load_skirmish' in res://presentation/test_battle_map_view.gd:23
	at '_ready' in res://presentation/tactical_map_view.gd:158
	at '_ready' in res://presentation/test_battle_map_view.gd:12
	at 'test_live_planning_bible_multi_knight_session' in res://tests/live_planning_scene_test.gd:93
]]>
			</error>
			<error message="ERROR: res://tests/live_planning_scene_test.gd:1057" type="ABORT">
<![CDATA[
Godot Runtime Error !
  'Invalid access to property or key 'type' on a base object of type 'Resource (AbilityModule)'.'
	at 'apply_effect_dict' in res://ui/class_library_schema.gd:1057
	at 'effects_from_dict_array' in res://ui/class_library_schema.gd:1081
	at 'apply_ability_dict' in res://ui/class_library_schema.gd:1311
	at 'apply_unit_dict' in res://ui/class_library_schema.gd:1424
	at 'apply_unit_overrides' in res://ui/class_library_schema.gd:1033
	at 'apply_saved_unit_overrides' in res://ui/class_library_schema.gd:1037
	at '_ensure_init' in res://core/factory/data_library.gd:280
	at 'get_unit' in res://core/factory/data_library.gd:39
	at '_collect_placements' in res://bridge/test_battle_encounter_builder.gd:13
	at 'build_encounter' in res://bridge/test_battle_encounter_builder.gd:56
	at '_load_skirmish' in res://presentation/test_battle_map_view.gd:23
	at '_ready' in res://presentation/tactical_map_view.gd:158
	at '_ready' in res://presentation/test_battle_map_view.gd:12
	at 'test_live_planning_bible_multi_knight_session' in res://tests/live_planning_scene_test.gd:93
]]>
			</error>
			<error message="ERROR: res://tests/live_planning_scene_test.gd:1057" type="ABORT">
<![CDATA[
Godot Runtime Error !
  'Invalid access to property or key 'type' on a base object of type 'Resource (AbilityModule)'.'
	at 'apply_effect_dict' in res://ui/class_library_schema.gd:1057
	at 'effects_from_dict_array' in res://ui/class_library_schema.gd:1081
	at 'apply_ability_dict' in res://ui/class_library_schema.gd:1311
	at 'apply_unit_dict' in res://ui/class_library_schema.gd:1424
	at 'apply_unit_overrides' in res://ui/class_library_schema.gd:1033
	at 'apply_saved_unit_overrides' in res://ui/class_library_schema.gd:1037
	at '_ensure_init' in res://core/factory/data_library.gd:280
	at 'get_unit' in res://core/factory/data_library.gd:39
	at '_collect_placements' in res://bridge/test_battle_encounter_builder.gd:13
	at 'build_encounter' in res://bridge/test_battle_encounter_builder.gd:56
	at '_load_skirmish' in res://presentation/test_battle_map_view.gd:23
	at '_ready' in res://presentation/tactical_map_view.gd:158
	at '_ready' in res://presentation/test_battle_map_view.gd:12
	at 'test_live_planning_bible_multi_knight_session' in res://tests/live_planning_scene_test.gd:93
]]>
			</error>
			<error message="ERROR: res://tests/live_planning_scene_test.gd:1057" type="ABORT">
<![CDATA[
Godot Runtime Error !
  'Invalid access to property or key 'type' on a base object of type 'Resource (AbilityModule)'.'
	at 'apply_effect_dict' in res://ui/class_library_schema.gd:1057
	at 'effects_from_dict_array' in res://ui/class_library_schema.gd:1081
	at 'apply_ability_dict' in res://ui/class_library_schema.gd:1311
	at 'apply_unit_dict' in res://ui/class_library_schema.gd:1424
	at 'apply_unit_overrides' in res://ui/class_library_schema.gd:1033
	at 'apply_saved_unit_overrides' in res://ui/class_library_schema.gd:1037
	at '_ensure_init' in res://core/factory/data_library.gd:280
	at 'get_unit' in res://core/factory/data_library.gd:39
	at '_collect_placements' in res://bridge/test_battle_encounter_builder.gd:13
	at 'build_encounter' in res://bridge/test_battle_encounter_builder.gd:56
	at '_load_skirmish' in res://presentation/test_battle_map_view.gd:23
	at '_ready' in res://presentation/tactical_map_view.gd:158
	at '_ready' in res://presentation/test_battle_map_view.gd:12
	at 'test_live_planning_bible_multi_knight_session' in res://tests/live_planning_scene_test.gd:93
]]>
			</error>
			<error message="ERROR: res://tests/live_planning_scene_test.gd:1057" type="ABORT">
<![CDATA[
Godot Runtime Error !
  'Invalid access to property or key 'type' on a base object of type 'Resource (AbilityModule)'.'
	at 'apply_effect_dict' in res://ui/class_library_schema.gd:1057
	at 'effects_from_dict_array' in res://ui/class_library_schema.gd:1081
	at 'apply_ability_dict' in res://ui/class_library_schema.gd:1311
	at 'apply_unit_dict' in res://ui/class_library_schema.gd:1424
	at 'apply_unit_overrides' in res://ui/class_library_schema.gd:1033
	at 'apply_saved_unit_overrides' in res://ui/class_library_schema.gd:1037
	at '_ensure_init' in res://core/factory/data_library.gd:280
	at 'get_unit' in res://core/factory/data_library.gd:39
	at '_collect_placements' in res://bridge/test_battle_encounter_builder.gd:13
	at 'build_encounter' in res://bridge/test_battle_encounter_builder.gd:56
	at '_load_skirmish' in res://presentation/test_battle_map_view.gd:23
	at '_ready' in res://presentation/tactical_map_view.gd:158
	at '_ready' in res://presentation/test_battle_map_view.gd:12
	at 'test_live_planning_bible_multi_knight_session' in res://tests/live_planning_scene_test.gd:93
]]>
			</error>
			<error message="ERROR: res://tests/live_planning_scene_test.gd:1057" type="ABORT">
<![CDATA[
Godot Runtime Error !
  'Invalid access to property or key 'type' on a base object of type 'Resource (AbilityModule)'.'
	at 'apply_effect_dict' in res://ui/class_library_schema.gd:1057
	at 'effects_from_dict_array' in res://ui/class_library_schema.gd:1081
	at 'apply_ability_dict' in res://ui/class_library_schema.gd:1311
	at 'apply_unit_dict' in res://ui/class_library_schema.gd:1424
	at 'apply_unit_overrides' in res://ui/class_library_schema.gd:1033
	at 'apply_saved_unit_overrides' in res://ui/class_library_schema.gd:1037
	at '_ensure_init' in res://core/factory/data_library.gd:280
	at 'get_unit' in res://core/factory/data_library.gd:39
	at '_collect_placements' in res://bridge/test_battle_encounter_builder.gd:13
	at 'build_encounter' in res://bridge/test_battle_encounter_builder.gd:56
	at '_load_skirmish' in res://presentation/test_battle_map_view.gd:23
	at '_ready' in res://presentation/tactical_map_view.gd:158
	at '_ready' in res://presentation/test_battle_map_view.gd:12
	at 'test_live_planning_bible_multi_knight_session' in res://tests/live_planning_scene_test.gd:93
]]>
			</error>
			<error message="ERROR: res://tests/live_planning_scene_test.gd:1057" type="ABORT">
<![CDATA[
Godot Runtime Error !
  'Invalid access to property or key 'type' on a base object of type 'Resource (AbilityModule)'.'
	at 'apply_effect_dict' in res://ui/class_library_schema.gd:1057
	at 'effects_from_dict_array' in res://ui/class_library_schema.gd:1081
	at 'apply_ability_dict' in res://ui/class_library_schema.gd:1311
	at 'apply_unit_dict' in res://ui/class_library_schema.gd:1424
	at 'apply_unit_overrides' in res://ui/class_library_schema.gd:1033
	at 'apply_saved_unit_overrides' in res://ui/class_library_schema.gd:1037
	at '_ensure_init' in res://core/factory/data_library.gd:280
	at 'get_unit' in res://core/factory/data_library.gd:39
	at '_collect_placements' in res://bridge/test_battle_encounter_builder.gd:13
	at 'build_encounter' in res://bridge/test_battle_encounter_builder.gd:56
	at '_load_skirmish' in res://presentation/test_battle_map_view.gd:23
	at '_ready' in res://presentation/tactical_map_view.gd:158
	at '_ready' in res://presentation/test_battle_map_view.gd:12
	at 'test_live_planning_bible_multi_knight_session' in res://tests/live_planning_scene_test.gd:93
]]>
			</error>
			<error message="ERROR: res://tests/live_planning_scene_test.gd:1057" type="ABORT">
<![CDATA[
Godot Runtime Error !
  'Invalid access to property or key 'type' on a base object of type 'Resource (AbilityModule)'.'
	at 'apply_effect_dict' in res://ui/class_library_schema.gd:1057
	at 'effects_from_dict_array' in res://ui/class_library_schema.gd:1081
	at 'apply_ability_dict' in res://ui/class_library_schema.gd:1311
	at 'apply_unit_dict' in res://ui/class_library_schema.gd:1424
	at 'apply_unit_overrides' in res://ui/class_library_schema.gd:1033
	at 'apply_saved_unit_overrides' in res://ui/class_library_schema.gd:1037
	at '_ensure_init' in res://core/factory/data_library.gd:280
	at 'get_unit' in res://core/factory/data_library.gd:39
	at '_collect_placements' in res://bridge/test_battle_encounter_builder.gd:13
	at 'build_encounter' in res://bridge/test_battle_encounter_builder.gd:56
	at '_load_skirmish' in res://presentation/test_battle_map_view.gd:23
	at '_ready' in res://presentation/tactical_map_view.gd:158
	at '_ready' in res://presentation/test_battle_map_view.gd:12
	at 'test_live_planning_bible_multi_knight_session' in res://tests/live_planning_scene_test.gd:93
]]>
			</error>
			<error message="ERROR: res://tests/live_planning_scene_test.gd:1057" type="ABORT">
<![CDATA[
Godot Runtime Error !
  'Invalid access to property or key 'type' on a base object of type 'Resource (AbilityModule)'.'
	at 'apply_effect_dict' in res://ui/class_library_schema.gd:1057
	at 'effects_from_dict_array' in res://ui/class_library_schema.gd:1081
	at 'apply_ability_dict' in res://ui/class_library_schema.gd:1311
	at 'apply_unit_dict' in res://ui/class_library_schema.gd:1424
	at 'apply_unit_overrides' in res://ui/class_library_schema.gd:1033
	at 'apply_saved_unit_overrides' in res://ui/class_library_schema.gd:1037
	at '_ensure_init' in res://core/factory/data_library.gd:280
	at 'get_unit' in res://core/factory/data_library.gd:39
	at '_collect_placements' in res://bridge/test_battle_encounter_builder.gd:13
	at 'build_encounter' in res://bridge/test_battle_encounter_builder.gd:56
	at '_load_skirmish' in res://presentation/test_battle_map_view.gd:23
	at '_ready' in res://presentation/tactical_map_view.gd:158
	at '_ready' in res://presentation/test_battle_map_view.gd:12
	at 'test_live_planning_bible_multi_knight_session' in res://tests/live_planning_scene_test.gd:93
]]>
			</error>
			<error message="ERROR: res://tests/live_planning_scene_test.gd:1057" type="ABORT">
<![CDATA[
Godot Runtime Error !
  'Invalid access to property or key 'type' on a base object of type 'Resource (AbilityModule)'.'
	at 'apply_effect_dict' in res://ui/class_library_schema.gd:1057
	at 'effects_from_dict_array' in res://ui/class_library_schema.gd:1081
	at 'apply_ability_dict' in res://ui/class_library_schema.gd:1311
	at 'apply_unit_dict' in res://ui/class_library_schema.gd:1424
	at 'apply_unit_overrides' in res://ui/class_library_schema.gd:1033
	at 'apply_saved_unit_overrides' in res://ui/class_library_schema.gd:1037
	at '_ensure_init' in res://core/factory/data_library.gd:280
	at 'get_unit' in res://core/factory/data_library.gd:39
	at '_collect_placements' in res://bridge/test_battle_encounter_builder.gd:13
	at 'build_encounter' in res://bridge/test_battle_encounter_builder.gd:56
	at '_load_skirmish' in res://presentation/test_battle_map_view.gd:23
	at '_ready' in res://presentation/tactical_map_view.gd:158
	at '_ready' in res://presentation/test_battle_map_view.gd:12
	at 'test_live_planning_bible_multi_knight_session' in res://tests/live_planning_scene_test.gd:93
]]>
			</error>
			<error message="ERROR: res://tests/live_planning_scene_test.gd:1057" type="ABORT">
<![CDATA[
Godot Runtime Error !
  'Invalid access to property or key 'type' on a base object of type 'Resource (AbilityModule)'.'
	at 'apply_effect_dict' in res://ui/class_library_schema.gd:1057
	at 'effects_from_dict_array' in res://ui/class_library_schema.gd:1081
	at 'apply_ability_dict' in res://ui/class_library_schema.gd:1311
	at 'apply_unit_dict' in res://ui/class_library_schema.gd:1424
	at 'apply_unit_overrides' in res://ui/class_library_schema.gd:1033
	at 'apply_saved_unit_overrides' in res://ui/class_library_schema.gd:1037
	at '_ensure_init' in res://core/factory/data_library.gd:280
	at 'get_unit' in res://core/factory/data_library.gd:39
	at '_collect_placements' in res://bridge/test_battle_encounter_builder.gd:13
	at 'build_encounter' in res://bridge/test_battle_encounter_builder.gd:56
	at '_load_skirmish' in res://presentation/test_battle_map_view.gd:23
	at '_ready' in res://presentation/tactical_map_view.gd:158
	at '_ready' in res://presentation/test_battle_map_view.gd:12
	at 'test_live_planning_bible_multi_knight_session' in res://tests/live_planning_scene_test.gd:93
]]>
			</error>
			<error message="ERROR: res://tests/live_planning_scene_test.gd:1057" type="ABORT">
<![CDATA[
Godot Runtime Error !
  'Invalid access to property or key 'type' on a base object of type 'Resource (AbilityModule)'.'
	at 'apply_effect_dict' in res://ui/class_library_schema.gd:1057
	at 'effects_from_dict_array' in res://ui/class_library_schema.gd:1081
	at 'apply_ability_dict' in res://ui/class_library_schema.gd:1311
	at 'apply_unit_dict' in res://ui/class_library_schema.gd:1424
	at 'apply_unit_overrides' in res://ui/class_library_schema.gd:1033
	at 'apply_saved_unit_overrides' in res://ui/class_library_schema.gd:1037
	at '_ensure_init' in res://core/factory/data_library.gd:280
	at 'get_unit' in res://core/factory/data_library.gd:39
	at '_collect_placements' in res://bridge/test_battle_encounter_builder.gd:13
	at 'build_encounter' in res://bridge/test_battle_encounter_builder.gd:56
	at '_load_skirmish' in res://presentation/test_battle_map_view.gd:23
	at '_ready' in res://presentation/tactical_map_view.gd:158
	at '_ready' in res://presentation/test_battle_map_view.gd:12
	at 'test_live_planning_bible_multi_knight_session' in res://tests/live_planning_scene_test.gd:93
]]>
			</error>
			<error message="ERROR: res://tests/live_planning_scene_test.gd:1057" type="ABORT">
<![CDATA[
Godot Runtime Error !
  'Invalid access to property or key 'type' on a base object of type 'Resource (AbilityModule)'.'
	at 'apply_effect_dict' in res://ui/class_library_schema.gd:1057
	at 'effects_from_dict_array' in res://ui/class_library_schema.gd:1081
	at 'apply_ability_dict' in res://ui/class_library_schema.gd:1311
	at 'apply_unit_dict' in res://ui/class_library_schema.gd:1424
	at 'apply_unit_overrides' in res://ui/class_library_schema.gd:1033
	at 'apply_saved_unit_overrides' in res://ui/class_library_schema.gd:1037
	at '_ensure_init' in res://core/factory/data_library.gd:280
	at 'get_unit' in res://core/factory/data_library.gd:39
	at '_collect_placements' in res://bridge/test_battle_encounter_builder.gd:13
	at 'build_encounter' in res://bridge/test_battle_encounter_builder.gd:56
	at '_load_skirmish' in res://presentation/test_battle_map_view.gd:23
	at '_ready' in res://presentation/tactical_map_view.gd:158
	at '_ready' in res://presentation/test_battle_map_view.gd:12
	at 'test_live_planning_bible_multi_knight_session' in res://tests/live_planning_scene_test.gd:93
]]>
			</error>
			<error message="ERROR: res://tests/live_planning_scene_test.gd:1057" type="ABORT">
<![CDATA[
Godot Runtime Error !
  'Invalid access to property or key 'type' on a base object of type 'Resource (AbilityModule)'.'
	at 'apply_effect_dict' in res://ui/class_library_schema.gd:1057
	at 'effects_from_dict_array' in res://ui/class_library_schema.gd:1081
	at 'apply_ability_dict' in res://ui/class_library_schema.gd:1311
	at 'apply_unit_dict' in res://ui/class_library_schema.gd:1424
	at 'apply_unit_overrides' in res://ui/class_library_schema.gd:1033
	at 'apply_saved_unit_overrides' in res://ui/class_library_schema.gd:1037
	at '_ensure_init' in res://core/factory/data_library.gd:280
	at 'get_unit' in res://core/factory/data_library.gd:39
	at '_collect_placements' in res://bridge/test_battle_encounter_builder.gd:13
	at 'build_encounter' in res://bridge/test_battle_encounter_builder.gd:56
	at '_load_skirmish' in res://presentation/test_battle_map_view.gd:23
	at '_ready' in res://presentation/tactical_map_view.gd:158
	at '_ready' in res://presentation/test_battle_map_view.gd:12
	at 'test_live_planning_bible_multi_knight_session' in res://tests/live_planning_scene_test.gd:93
]]>
			</error>
			<error message="ERROR: res://tests/live_planning_scene_test.gd:1057" type="ABORT">
<![CDATA[
Godot Runtime Error !
  'Invalid access to property or key 'type' on a base object of type 'Resource (AbilityModule)'.'
	at 'apply_effect_dict' in res://ui/class_library_schema.gd:1057
	at 'effects_from_dict_array' in res://ui/class_library_schema.gd:1081
	at 'apply_ability_dict' in res://ui/class_library_schema.gd:1311
	at 'apply_unit_dict' in res://ui/class_library_schema.gd:1424
	at 'apply_unit_overrides' in res://ui/class_library_schema.gd:1033
	at 'apply_saved_unit_overrides' in res://ui/class_library_schema.gd:1037
	at '_ensure_init' in res://core/factory/data_library.gd:280
	at 'get_unit' in res://core/factory/data_library.gd:39
	at '_collect_placements' in res://bridge/test_battle_encounter_builder.gd:13
	at 'build_encounter' in res://bridge/test_battle_encounter_builder.gd:56
	at '_load_skirmish' in res://presentation/test_battle_map_view.gd:23
	at '_ready' in res://presentation/tactical_map_view.gd:158
	at '_ready' in res://presentation/test_battle_map_view.gd:12
	at 'test_live_planning_bible_multi_knight_session' in res://tests/live_planning_scene_test.gd:93
]]>
			</error>
			<error message="ERROR: res://tests/live_planning_scene_test.gd:1057" type="ABORT">
<![CDATA[
Godot Runtime Error !
  'Invalid access to property or key 'type' on a base object of type 'Resource (AbilityModule)'.'
	at 'apply_effect_dict' in res://ui/class_library_schema.gd:1057
	at 'effects_from_dict_array' in res://ui/class_library_schema.gd:1081
	at 'apply_ability_dict' in res://ui/class_library_schema.gd:1311
	at 'apply_unit_dict' in res://ui/class_library_schema.gd:1424
	at 'apply_unit_overrides' in res://ui/class_library_schema.gd:1033
	at 'apply_saved_unit_overrides' in res://ui/class_library_schema.gd:1037
	at '_ensure_init' in res://core/factory/data_library.gd:280
	at 'get_unit' in res://core/factory/data_library.gd:39
	at '_collect_placements' in res://bridge/test_battle_encounter_builder.gd:13
	at 'build_encounter' in res://bridge/test_battle_encounter_builder.gd:56
	at '_load_skirmish' in res://presentation/test_battle_map_view.gd:23
	at '_ready' in res://presentation/tactical_map_view.gd:158
	at '_ready' in res://presentation/test_battle_map_view.gd:12
	at 'test_live_planning_bible_multi_knight_session' in res://tests/live_planning_scene_test.gd:93
]]>
			</error>
			<error message="ERROR: res://tests/live_planning_scene_test.gd:1057" type="ABORT">
<![CDATA[
Godot Runtime Error !
  'Invalid access to property or key 'type' on a base object of type 'Resource (AbilityModule)'.'
	at 'apply_effect_dict' in res://ui/class_library_schema.gd:1057
	at 'effects_from_dict_array' in res://ui/class_library_schema.gd:1081
	at 'apply_ability_dict' in res://ui/class_library_schema.gd:1311
	at 'apply_unit_dict' in res://ui/class_library_schema.gd:1424
	at 'apply_unit_overrides' in res://ui/class_library_schema.gd:1033
	at 'apply_saved_unit_overrides' in res://ui/class_library_schema.gd:1037
	at '_ensure_init' in res://core/factory/data_library.gd:280
	at 'get_unit' in res://core/factory/data_library.gd:39
	at '_collect_placements' in res://bridge/test_battle_encounter_builder.gd:13
	at 'build_encounter' in res://bridge/test_battle_encounter_builder.gd:56
	at '_load_skirmish' in res://presentation/test_battle_map_view.gd:23
	at '_ready' in res://presentation/tactical_map_view.gd:158
	at '_ready' in res://presentation/test_battle_map_view.gd:12
	at 'test_live_planning_bible_multi_knight_session' in res://tests/live_planning_scene_test.gd:93
]]>
			</error>
			<error message="ERROR: res://tests/live_planning_scene_test.gd:1057" type="ABORT">
<![CDATA[
Godot Runtime Error !
  'Invalid access to property or key 'type' on a base object of type 'Resource (AbilityModule)'.'
	at 'apply_effect_dict' in res://ui/class_library_schema.gd:1057
	at 'effects_from_dict_array' in res://ui/class_library_schema.gd:1081
	at 'apply_ability_dict' in res://ui/class_library_schema.gd:1311
	at 'apply_unit_dict' in res://ui/class_library_schema.gd:1424
	at 'apply_unit_overrides' in res://ui/class_library_schema.gd:1033
	at 'apply_saved_unit_overrides' in res://ui/class_library_schema.gd:1037
	at '_ensure_init' in res://core/factory/data_library.gd:280
	at 'get_unit' in res://core/factory/data_library.gd:39
	at '_collect_placements' in res://bridge/test_battle_encounter_builder.gd:13
	at 'build_encounter' in res://bridge/test_battle_encounter_builder.gd:56
	at '_load_skirmish' in res://presentation/test_battle_map_view.gd:23
	at '_ready' in res://presentation/tactical_map_view.gd:158
	at '_ready' in res://presentation/test_battle_map_view.gd:12
	at 'test_live_planning_bible_multi_knight_session' in res://tests/live_planning_scene_test.gd:93
]]>
			</error>
			<error message="ERROR: res://tests/live_planning_scene_test.gd:1057" type="ABORT">
<![CDATA[
Godot Runtime Error !
  'Invalid access to property or key 'type' on a base object of type 'Resource (AbilityModule)'.'
	at 'apply_effect_dict' in res://ui/class_library_schema.gd:1057
	at 'effects_from_dict_array' in res://ui/class_library_schema.gd:1081
	at 'apply_ability_dict' in res://ui/class_library_schema.gd:1311
	at 'apply_unit_dict' in res://ui/class_library_schema.gd:1424
	at 'apply_unit_overrides' in res://ui/class_library_schema.gd:1033
	at 'apply_saved_unit_overrides' in res://ui/class_library_schema.gd:1037
	at '_ensure_init' in res://core/factory/data_library.gd:280
	at 'get_unit' in res://core/factory/data_library.gd:39
	at '_collect_placements' in res://bridge/test_battle_encounter_builder.gd:13
	at 'build_encounter' in res://bridge/test_battle_encounter_builder.gd:56
	at '_load_skirmish' in res://presentation/test_battle_map_view.gd:23
	at '_ready' in res://presentation/tactical_map_view.gd:158
	at '_ready' in res://presentation/test_battle_map_view.gd:12
	at 'test_live_planning_bible_multi_knight_session' in res://tests/live_planning_scene_test.gd:93
]]>
			</error>
			<error message="ERROR: res://tests/live_planning_scene_test.gd:1057" type="ABORT">
<![CDATA[
Godot Runtime Error !
  'Invalid access to property or key 'type' on a base object of type 'Resource (AbilityModule)'.'
	at 'apply_effect_dict' in res://ui/class_library_schema.gd:1057
	at 'effects_from_dict_array' in res://ui/class_library_schema.gd:1081
	at 'apply_ability_dict' in res://ui/class_library_schema.gd:1311
	at 'apply_unit_dict' in res://ui/class_library_schema.gd:1424
	at 'apply_unit_overrides' in res://ui/class_library_schema.gd:1033
	at 'apply_saved_unit_overrides' in res://ui/class_library_schema.gd:1037
	at '_ensure_init' in res://core/factory/data_library.gd:280
	at 'get_unit' in res://core/factory/data_library.gd:39
	at '_collect_placements' in res://bridge/test_battle_encounter_builder.gd:13
	at 'build_encounter' in res://bridge/test_battle_encounter_builder.gd:56
	at '_load_skirmish' in res://presentation/test_battle_map_view.gd:23
	at '_ready' in res://presentation/tactical_map_view.gd:158
	at '_ready' in res://presentation/test_battle_map_view.gd:12
	at 'test_live_planning_bible_multi_knight_session' in res://tests/live_planning_scene_test.gd:93
]]>
			</error>
			<error message="ERROR: res://tests/live_planning_scene_test.gd:1057" type="ABORT">
<![CDATA[
Godot Runtime Error !
  'Invalid access to property or key 'type' on a base object of type 'Resource (AbilityModule)'.'
	at 'apply_effect_dict' in res://ui/class_library_schema.gd:1057
	at 'effects_from_dict_array' in res://ui/class_library_schema.gd:1081
	at 'apply_ability_dict' in res://ui/class_library_schema.gd:1311
	at 'apply_unit_dict' in res://ui/class_library_schema.gd:1424
	at 'apply_unit_overrides' in res://ui/class_library_schema.gd:1033
	at 'apply_saved_unit_overrides' in res://ui/class_library_schema.gd:1037
	at '_ensure_init' in res://core/factory/data_library.gd:280
	at 'get_unit' in res://core/factory/data_library.gd:39
	at '_collect_placements' in res://bridge/test_battle_encounter_builder.gd:13
	at 'build_encounter' in res://bridge/test_battle_encounter_builder.gd:56
	at '_load_skirmish' in res://presentation/test_battle_map_view.gd:23
	at '_ready' in res://presentation/tactical_map_view.gd:158
	at '_ready' in res://presentation/test_battle_map_view.gd:12
	at 'test_live_planning_bible_multi_knight_session' in res://tests/live_planning_scene_test.gd:93
]]>
			</error>
			<error message="ERROR: res://tests/live_planning_scene_test.gd:1057" type="ABORT">
<![CDATA[
Godot Runtime Error !
  'Invalid access to property or key 'type' on a base object of type 'Resource (AbilityModule)'.'
	at 'apply_effect_dict' in res://ui/class_library_schema.gd:1057
	at 'effects_from_dict_array' in res://ui/class_library_schema.gd:1081
	at 'apply_ability_dict' in res://ui/class_library_schema.gd:1311
	at 'apply_unit_dict' in res://ui/class_library_schema.gd:1424
	at 'apply_unit_overrides' in res://ui/class_library_schema.gd:1033
	at 'apply_saved_unit_overrides' in res://ui/class_library_schema.gd:1037
	at '_ensure_init' in res://core/factory/data_library.gd:280
	at 'get_unit' in res://core/factory/data_library.gd:39
	at '_collect_placements' in res://bridge/test_battle_encounter_builder.gd:13
	at 'build_encounter' in res://bridge/test_battle_encounter_builder.gd:56
	at '_load_skirmish' in res://presentation/test_battle_map_view.gd:23
	at '_ready' in res://presentation/tactical_map_view.gd:158
	at '_ready' in res://presentation/test_battle_map_view.gd:12
	at 'test_live_planning_bible_multi_knight_session' in res://tests/live_planning_scene_test.gd:93
]]>
			</error>
			<error message="ERROR: res://tests/live_planning_scene_test.gd:1057" type="ABORT">
<![CDATA[
Godot Runtime Error !
  'Invalid access to property or key 'type' on a base object of type 'Resource (AbilityModule)'.'
	at 'apply_effect_dict' in res://ui/class_library_schema.gd:1057
	at 'effects_from_dict_array' in res://ui/class_library_schema.gd:1081
	at 'apply_ability_dict' in res://ui/class_library_schema.gd:1311
	at 'apply_unit_dict' in res://ui/class_library_schema.gd:1424
	at 'apply_unit_overrides' in res://ui/class_library_schema.gd:1033
	at 'apply_saved_unit_overrides' in res://ui/class_library_schema.gd:1037
	at '_ensure_init' in res://core/factory/data_library.gd:280
	at 'get_unit' in res://core/factory/data_library.gd:39
	at '_collect_placements' in res://bridge/test_battle_encounter_builder.gd:13
	at 'build_encounter' in res://bridge/test_battle_encounter_builder.gd:56
	at '_load_skirmish' in res://presentation/test_battle_map_view.gd:23
	at '_ready' in res://presentation/tactical_map_view.gd:158
	at '_ready' in res://presentation/test_battle_map_view.gd:12
	at 'test_live_planning_bible_multi_knight_session' in res://tests/live_planning_scene_test.gd:93
]]>
			</error>
			<error message="ERROR: res://tests/live_planning_scene_test.gd:1057" type="ABORT">
<![CDATA[
Godot Runtime Error !
  'Invalid access to property or key 'type' on a base object of type 'Resource (AbilityModule)'.'
	at 'apply_effect_dict' in res://ui/class_library_schema.gd:1057
	at 'effects_from_dict_array' in res://ui/class_library_schema.gd:1081
	at 'apply_ability_dict' in res://ui/class_library_schema.gd:1311
	at 'apply_unit_dict' in res://ui/class_library_schema.gd:1424
	at 'apply_unit_overrides' in res://ui/class_library_schema.gd:1033
	at 'apply_saved_unit_overrides' in res://ui/class_library_schema.gd:1037
	at '_ensure_init' in res://core/factory/data_library.gd:280
	at 'get_unit' in res://core/factory/data_library.gd:39
	at '_collect_placements' in res://bridge/test_battle_encounter_builder.gd:13
	at 'build_encounter' in res://bridge/test_battle_encounter_builder.gd:56
	at '_load_skirmish' in res://presentation/test_battle_map_view.gd:23
	at '_ready' in res://presentation/tactical_map_view.gd:158
	at '_ready' in res://presentation/test_battle_map_view.gd:12
	at 'test_live_planning_bible_multi_knight_session' in res://tests/live_planning_scene_test.gd:93
]]>
			</error>
			<error message="ERROR: res://tests/live_planning_scene_test.gd:1057" type="ABORT">
<![CDATA[
Godot Runtime Error !
  'Invalid access to property or key 'type' on a base object of type 'Resource (AbilityModule)'.'
	at 'apply_effect_dict' in res://ui/class_library_schema.gd:1057
	at 'effects_from_dict_array' in res://ui/class_library_schema.gd:1081
	at 'apply_ability_dict' in res://ui/class_library_schema.gd:1311
	at 'apply_unit_dict' in res://ui/class_library_schema.gd:1424
	at 'apply_unit_overrides' in res://ui/class_library_schema.gd:1033
	at 'apply_saved_unit_overrides' in res://ui/class_library_schema.gd:1037
	at '_ensure_init' in res://core/factory/data_library.gd:280
	at 'get_unit' in res://core/factory/data_library.gd:39
	at '_collect_placements' in res://bridge/test_battle_encounter_builder.gd:13
	at 'build_encounter' in res://bridge/test_battle_encounter_builder.gd:56
	at '_load_skirmish' in res://presentation/test_battle_map_view.gd:23
	at '_ready' in res://presentation/tactical_map_view.gd:158
	at '_ready' in res://presentation/test_battle_map_view.gd:12
	at 'test_live_planning_bible_multi_knight_session' in res://tests/live_planning_scene_test.gd:93
]]>
			</error>
			<error message="ERROR: res://tests/live_planning_scene_test.gd:1057" type="ABORT">
<![CDATA[
Godot Runtime Error !
  'Invalid access to property or key 'type' on a base object of type 'Resource (AbilityModule)'.'
	at 'apply_effect_dict' in res://ui/class_library_schema.gd:1057
	at 'effects_from_dict_array' in res://ui/class_library_schema.gd:1081
	at 'apply_ability_dict' in res://ui/class_library_schema.gd:1311
	at 'apply_unit_dict' in res://ui/class_library_schema.gd:1424
	at 'apply_unit_overrides' in res://ui/class_library_schema.gd:1033
	at 'apply_saved_unit_overrides' in res://ui/class_library_schema.gd:1037
	at '_ensure_init' in res://core/factory/data_library.gd:280
	at 'get_unit' in res://core/factory/data_library.gd:39
	at '_collect_placements' in res://bridge/test_battle_encounter_builder.gd:13
	at 'build_encounter' in res://bridge/test_battle_encounter_builder.gd:56
	at '_load_skirmish' in res://presentation/test_battle_map_view.gd:23
	at '_ready' in res://presentation/tactical_map_view.gd:158
	at '_ready' in res://presentation/test_battle_map_view.gd:12
	at 'test_live_planning_bible_multi_knight_session' in res://tests/live_planning_scene_test.gd:93
]]>
			</error>
			<error message="ERROR: res://tests/live_planning_scene_test.gd:1057" type="ABORT">
<![CDATA[
Godot Runtime Error !
  'Invalid access to property or key 'type' on a base object of type 'Resource (AbilityModule)'.'
	at 'apply_effect_dict' in res://ui/class_library_schema.gd:1057
	at 'effects_from_dict_array' in res://ui/class_library_schema.gd:1081
	at 'apply_ability_dict' in res://ui/class_library_schema.gd:1311
	at 'apply_unit_dict' in res://ui/class_library_schema.gd:1424
	at 'apply_unit_overrides' in res://ui/class_library_schema.gd:1033
	at 'apply_saved_unit_overrides' in res://ui/class_library_schema.gd:1037
	at '_ensure_init' in res://core/factory/data_library.gd:280
	at 'get_unit' in res://core/factory/data_library.gd:39
	at '_collect_placements' in res://bridge/test_battle_encounter_builder.gd:13
	at 'build_encounter' in res://bridge/test_battle_encounter_builder.gd:56
	at '_load_skirmish' in res://presentation/test_battle_map_view.gd:23
	at '_ready' in res://presentation/tactical_map_view.gd:158
	at '_ready' in res://presentation/test_battle_map_view.gd:12
	at 'test_live_planning_bible_multi_knight_session' in res://tests/live_planning_scene_test.gd:93
]]>
			</error>
			<error message="ERROR: res://tests/live_planning_scene_test.gd:1057" type="ABORT">
<![CDATA[
Godot Runtime Error !
  'Invalid access to property or key 'type' on a base object of type 'Resource (AbilityModule)'.'
	at 'apply_effect_dict' in res://ui/class_library_schema.gd:1057
	at 'effects_from_dict_array' in res://ui/class_library_schema.gd:1081
	at 'apply_ability_dict' in res://ui/class_library_schema.gd:1311
	at 'apply_unit_dict' in res://ui/class_library_schema.gd:1424
	at 'apply_unit_overrides' in res://ui/class_library_schema.gd:1033
	at 'apply_saved_unit_overrides' in res://ui/class_library_schema.gd:1037
	at '_ensure_init' in res://core/factory/data_library.gd:280
	at 'get_unit' in res://core/factory/data_library.gd:39
	at '_collect_placements' in res://bridge/test_battle_encounter_builder.gd:13
	at 'build_encounter' in res://bridge/test_battle_encounter_builder.gd:56
	at '_load_skirmish' in res://presentation/test_battle_map_view.gd:23
	at '_ready' in res://presentation/tactical_map_view.gd:158
	at '_ready' in res://presentation/test_battle_map_view.gd:12
	at 'test_live_planning_bible_multi_knight_session' in res://tests/live_planning_scene_test.gd:93
]]>
			</error>
			<error message="ERROR: res://tests/live_planning_scene_test.gd:1057" type="ABORT">
<![CDATA[
Godot Runtime Error !
  'Invalid access to property or key 'type' on a base object of type 'Resource (AbilityModule)'.'
	at 'apply_effect_dict' in res://ui/class_library_schema.gd:1057
	at 'effects_from_dict_array' in res://ui/class_library_schema.gd:1081
	at 'apply_ability_dict' in res://ui/class_library_schema.gd:1311
	at 'apply_unit_dict' in res://ui/class_library_schema.gd:1424
	at 'apply_unit_overrides' in res://ui/class_library_schema.gd:1033
	at 'apply_saved_unit_overrides' in res://ui/class_library_schema.gd:1037
	at '_ensure_init' in res://core/factory/data_library.gd:280
	at 'get_unit' in res://core/factory/data_library.gd:39
	at '_collect_placements' in res://bridge/test_battle_encounter_builder.gd:13
	at 'build_encounter' in res://bridge/test_battle_encounter_builder.gd:56
	at '_load_skirmish' in res://presentation/test_battle_map_view.gd:23
	at '_ready' in res://presentation/tactical_map_view.gd:158
	at '_ready' in res://presentation/test_battle_map_view.gd:12
	at 'test_live_planning_bible_multi_knight_session' in res://tests/live_planning_scene_test.gd:93
]]>
			</error>
			<error message="ERROR: res://tests/live_planning_scene_test.gd:1057" type="ABORT">
<![CDATA[
Godot Runtime Error !
  'Invalid access to property or key 'type' on a base object of type 'Resource (AbilityModule)'.'
	at 'apply_effect_dict' in res://ui/class_library_schema.gd:1057
	at 'effects_from_dict_array' in res://ui/class_library_schema.gd:1081
	at 'apply_ability_dict' in res://ui/class_library_schema.gd:1311
	at 'apply_unit_dict' in res://ui/class_library_schema.gd:1424
	at 'apply_unit_overrides' in res://ui/class_library_schema.gd:1033
	at 'apply_saved_unit_overrides' in res://ui/class_library_schema.gd:1037
	at '_ensure_init' in res://core/factory/data_library.gd:280
	at 'get_unit' in res://core/factory/data_library.gd:39
	at '_collect_placements' in res://bridge/test_battle_encounter_builder.gd:13
	at 'build_encounter' in res://bridge/test_battle_encounter_builder.gd:56
	at '_load_skirmish' in res://presentation/test_battle_map_view.gd:23
	at '_ready' in res://presentation/tactical_map_view.gd:158
	at '_ready' in res://presentation/test_battle_map_view.gd:12
	at 'test_live_planning_bible_multi_knight_session' in res://tests/live_planning_scene_test.gd:93
]]>
			</error>
			<error message="ERROR: res://tests/live_planning_scene_test.gd:1057" type="ABORT">
<![CDATA[
Godot Runtime Error !
  'Invalid access to property or key 'type' on a base object of type 'Resource (AbilityModule)'.'
	at 'apply_effect_dict' in res://ui/class_library_schema.gd:1057
	at 'effects_from_dict_array' in res://ui/class_library_schema.gd:1081
	at 'apply_ability_dict' in res://ui/class_library_schema.gd:1311
	at 'apply_unit_dict' in res://ui/class_library_schema.gd:1424
	at 'apply_unit_overrides' in res://ui/class_library_schema.gd:1033
	at 'apply_saved_unit_overrides' in res://ui/class_library_schema.gd:1037
	at '_ensure_init' in res://core/factory/data_library.gd:280
	at 'get_unit' in res://core/factory/data_library.gd:39
	at '_collect_placements' in res://bridge/test_battle_encounter_builder.gd:13
	at 'build_encounter' in res://bridge/test_battle_encounter_builder.gd:56
	at '_load_skirmish' in res://presentation/test_battle_map_view.gd:23
	at '_ready' in res://presentation/tactical_map_view.gd:158
	at '_ready' in res://presentation/test_battle_map_view.gd:12
	at 'test_live_planning_bible_multi_knight_session' in res://tests/live_planning_scene_test.gd:93
]]>
			</error>
			<error message="ERROR: res://tests/live_planning_scene_test.gd:1057" type="ABORT">
<![CDATA[
Godot Runtime Error !
  'Invalid access to property or key 'type' on a base object of type 'Resource (AbilityModule)'.'
	at 'apply_effect_dict' in res://ui/class_library_schema.gd:1057
	at 'effects_from_dict_array' in res://ui/class_library_schema.gd:1081
	at 'apply_ability_dict' in res://ui/class_library_schema.gd:1311
	at 'apply_unit_dict' in res://ui/class_library_schema.gd:1424
	at 'apply_unit_overrides' in res://ui/class_library_schema.gd:1033
	at 'apply_saved_unit_overrides' in res://ui/class_library_schema.gd:1037
	at '_ensure_init' in res://core/factory/data_library.gd:280
	at 'get_unit' in res://core/factory/data_library.gd:39
	at '_collect_placements' in res://bridge/test_battle_encounter_builder.gd:13
	at 'build_encounter' in res://bridge/test_battle_encounter_builder.gd:56
	at '_load_skirmish' in res://presentation/test_battle_map_view.gd:23
	at '_ready' in res://presentation/tactical_map_view.gd:158
	at '_ready' in res://presentation/test_battle_map_view.gd:12
	at 'test_live_planning_bible_multi_knight_session' in res://tests/live_planning_scene_test.gd:93
]]>
			</error>
			<error message="ERROR: res://tests/live_planning_scene_test.gd:1057" type="ABORT">
<![CDATA[
Godot Runtime Error !
  'Invalid access to property or key 'type' on a base object of type 'Resource (AbilityModule)'.'
	at 'apply_effect_dict' in res://ui/class_library_schema.gd:1057
	at 'effects_from_dict_array' in res://ui/class_library_schema.gd:1081
	at 'apply_ability_dict' in res://ui/class_library_schema.gd:1311
	at 'apply_unit_dict' in res://ui/class_library_schema.gd:1424
	at 'apply_unit_overrides' in res://ui/class_library_schema.gd:1033
	at 'apply_saved_unit_overrides' in res://ui/class_library_schema.gd:1037
	at '_ensure_init' in res://core/factory/data_library.gd:280
	at 'get_unit' in res://core/factory/data_library.gd:39
	at '_collect_placements' in res://bridge/test_battle_encounter_builder.gd:13
	at 'build_encounter' in res://bridge/test_battle_encounter_builder.gd:56
	at '_load_skirmish' in res://presentation/test_battle_map_view.gd:23
	at '_ready' in res://presentation/tactical_map_view.gd:158
	at '_ready' in res://presentation/test_battle_map_view.gd:12
	at 'test_live_planning_bible_multi_knight_session' in res://tests/live_planning_scene_test.gd:93
]]>
			</error>
			<error message="ERROR: res://tests/live_planning_scene_test.gd:1057" type="ABORT">
<![CDATA[
Godot Runtime Error !
  'Invalid access to property or key 'type' on a base object of type 'Resource (AbilityModule)'.'
	at 'apply_effect_dict' in res://ui/class_library_schema.gd:1057
	at 'effects_from_dict_array' in res://ui/class_library_schema.gd:1081
	at 'apply_ability_dict' in res://ui/class_library_schema.gd:1311
	at 'apply_unit_dict' in res://ui/class_library_schema.gd:1424
	at 'apply_unit_overrides' in res://ui/class_library_schema.gd:1033
	at 'apply_saved_unit_overrides' in res://ui/class_library_schema.gd:1037
	at '_ensure_init' in res://core/factory/data_library.gd:280
	at 'get_unit' in res://core/factory/data_library.gd:39
	at '_collect_placements' in res://bridge/test_battle_encounter_builder.gd:13
	at 'build_encounter' in res://bridge/test_battle_encounter_builder.gd:56
	at '_load_skirmish' in res://presentation/test_battle_map_view.gd:23
	at '_ready' in res://presentation/tactical_map_view.gd:158
	at '_ready' in res://presentation/test_battle_map_view.gd:12
	at 'test_live_planning_bible_multi_knight_session' in res://tests/live_planning_scene_test.gd:93
]]>
			</error>
			<error message="ERROR: res://tests/live_planning_scene_test.gd:1057" type="ABORT">
<![CDATA[
Godot Runtime Error !
  'Invalid access to property or key 'type' on a base object of type 'Resource (AbilityModule)'.'
	at 'apply_effect_dict' in res://ui/class_library_schema.gd:1057
	at 'effects_from_dict_array' in res://ui/class_library_schema.gd:1081
	at 'apply_ability_dict' in res://ui/class_library_schema.gd:1311
	at 'apply_unit_dict' in res://ui/class_library_schema.gd:1424
	at 'apply_unit_overrides' in res://ui/class_library_schema.gd:1033
	at 'apply_saved_unit_overrides' in res://ui/class_library_schema.gd:1037
	at '_ensure_init' in res://core/factory/data_library.gd:280
	at 'get_unit' in res://core/factory/data_library.gd:39
	at '_collect_placements' in res://bridge/test_battle_encounter_builder.gd:13
	at 'build_encounter' in res://bridge/test_battle_encounter_builder.gd:56
	at '_load_skirmish' in res://presentation/test_battle_map_view.gd:23
	at '_ready' in res://presentation/tactical_map_view.gd:158
	at '_ready' in res://presentation/test_battle_map_view.gd:12
	at 'test_live_planning_bible_multi_knight_session' in res://tests/live_planning_scene_test.gd:93
]]>
			</error>
			<error message="ERROR: res://tests/live_planning_scene_test.gd:1057" type="ABORT">
<![CDATA[
Godot Runtime Error !
  'Invalid access to property or key 'type' on a base object of type 'Resource (AbilityModule)'.'
	at 'apply_effect_dict' in res://ui/class_library_schema.gd:1057
	at 'effects_from_dict_array' in res://ui/class_library_schema.gd:1081
	at 'apply_ability_dict' in res://ui/class_library_schema.gd:1311
	at 'apply_unit_dict' in res://ui/class_library_schema.gd:1424
	at 'apply_unit_overrides' in res://ui/class_library_schema.gd:1033
	at 'apply_saved_unit_overrides' in res://ui/class_library_schema.gd:1037
	at '_ensure_init' in res://core/factory/data_library.gd:280
	at 'get_unit' in res://core/factory/data_library.gd:39
	at '_collect_placements' in res://bridge/test_battle_encounter_builder.gd:13
	at 'build_encounter' in res://bridge/test_battle_encounter_builder.gd:56
	at '_load_skirmish' in res://presentation/test_battle_map_view.gd:23
	at '_ready' in res://presentation/tactical_map_view.gd:158
	at '_ready' in res://presentation/test_battle_map_view.gd:12
	at 'test_live_planning_bible_multi_knight_session' in res://tests/live_planning_scene_test.gd:93
]]>
			</error>
			<error message="ERROR: res://tests/live_planning_scene_test.gd:1057" type="ABORT">
<![CDATA[
Godot Runtime Error !
  'Invalid access to property or key 'type' on a base object of type 'Resource (AbilityModule)'.'
	at 'apply_effect_dict' in res://ui/class_library_schema.gd:1057
	at 'effects_from_dict_array' in res://ui/class_library_schema.gd:1081
	at 'apply_ability_dict' in res://ui/class_library_schema.gd:1311
	at 'apply_unit_dict' in res://ui/class_library_schema.gd:1424
	at 'apply_unit_overrides' in res://ui/class_library_schema.gd:1033
	at 'apply_saved_unit_overrides' in res://ui/class_library_schema.gd:1037
	at '_ensure_init' in res://core/factory/data_library.gd:280
	at 'get_unit' in res://core/factory/data_library.gd:39
	at '_collect_placements' in res://bridge/test_battle_encounter_builder.gd:13
	at 'build_encounter' in res://bridge/test_battle_encounter_builder.gd:56
	at '_load_skirmish' in res://presentation/test_battle_map_view.gd:23
	at '_ready' in res://presentation/tactical_map_view.gd:158
	at '_ready' in res://presentation/test_battle_map_view.gd:12
	at 'test_live_planning_bible_multi_knight_session' in res://tests/live_planning_scene_test.gd:93
]]>
			</error>
			<error message="ERROR: res://tests/live_planning_scene_test.gd:1057" type="ABORT">
<![CDATA[
Godot Runtime Error !
  'Invalid access to property or key 'type' on a base object of type 'Resource (AbilityModule)'.'
	at 'apply_effect_dict' in res://ui/class_library_schema.gd:1057
	at 'effects_from_dict_array' in res://ui/class_library_schema.gd:1081
	at 'apply_ability_dict' in res://ui/class_library_schema.gd:1311
	at 'apply_unit_dict' in res://ui/class_library_schema.gd:1424
	at 'apply_unit_overrides' in res://ui/class_library_schema.gd:1033
	at 'apply_saved_unit_overrides' in res://ui/class_library_schema.gd:1037
	at '_ensure_init' in res://core/factory/data_library.gd:280
	at 'get_unit' in res://core/factory/data_library.gd:39
	at '_collect_placements' in res://bridge/test_battle_encounter_builder.gd:13
	at 'build_encounter' in res://bridge/test_battle_encounter_builder.gd:56
	at '_load_skirmish' in res://presentation/test_battle_map_view.gd:23
	at '_ready' in res://presentation/tactical_map_view.gd:158
	at '_ready' in res://presentation/test_battle_map_view.gd:12
	at 'test_live_planning_bible_multi_knight_session' in res://tests/live_planning_scene_test.gd:93
]]>
			</error>
			<error message="ERROR: res://tests/live_planning_scene_test.gd:1057" type="ABORT">
<![CDATA[
Godot Runtime Error !
  'Invalid access to property or key 'type' on a base object of type 'Resource (AbilityModule)'.'
	at 'apply_effect_dict' in res://ui/class_library_schema.gd:1057
	at 'effects_from_dict_array' in res://ui/class_library_schema.gd:1081
	at 'apply_ability_dict' in res://ui/class_library_schema.gd:1311
	at 'apply_unit_dict' in res://ui/class_library_schema.gd:1424
	at 'apply_unit_overrides' in res://ui/class_library_schema.gd:1033
	at 'apply_saved_unit_overrides' in res://ui/class_library_schema.gd:1037
	at '_ensure_init' in res://core/factory/data_library.gd:280
	at 'get_unit' in res://core/factory/data_library.gd:39
	at '_collect_placements' in res://bridge/test_battle_encounter_builder.gd:13
	at 'build_encounter' in res://bridge/test_battle_encounter_builder.gd:56
	at '_load_skirmish' in res://presentation/test_battle_map_view.gd:23
	at '_ready' in res://presentation/tactical_map_view.gd:158
	at '_ready' in res://presentation/test_battle_map_view.gd:12
	at 'test_live_planning_bible_multi_knight_session' in res://tests/live_planning_scene_test.gd:93
]]>
			</error>
			<error message="ERROR: res://tests/live_planning_scene_test.gd:1057" type="ABORT">
<![CDATA[
Godot Runtime Error !
  'Invalid access to property or key 'type' on a base object of type 'Resource (AbilityModule)'.'
	at 'apply_effect_dict' in res://ui/class_library_schema.gd:1057
	at 'effects_from_dict_array' in res://ui/class_library_schema.gd:1081
	at 'apply_ability_dict' in res://ui/class_library_schema.gd:1311
	at 'apply_unit_dict' in res://ui/class_library_schema.gd:1424
	at 'apply_unit_overrides' in res://ui/class_library_schema.gd:1033
	at 'apply_saved_unit_overrides' in res://ui/class_library_schema.gd:1037
	at '_ensure_init' in res://core/factory/data_library.gd:280
	at 'get_unit' in res://core/factory/data_library.gd:39
	at '_collect_placements' in res://bridge/test_battle_encounter_builder.gd:13
	at 'build_encounter' in res://bridge/test_battle_encounter_builder.gd:56
	at '_load_skirmish' in res://presentation/test_battle_map_view.gd:23
	at '_ready' in res://presentation/tactical_map_view.gd:158
	at '_ready' in res://presentation/test_battle_map_view.gd:12
	at 'test_live_planning_bible_multi_knight_session' in res://tests/live_planning_scene_test.gd:93
]]>
			</error>
			<error message="ERROR: res://tests/live_planning_scene_test.gd:1057" type="ABORT">
<![CDATA[
Godot Runtime Error !
  'Invalid access to property or key 'type' on a base object of type 'Resource (AbilityModule)'.'
	at 'apply_effect_dict' in res://ui/class_library_schema.gd:1057
	at 'effects_from_dict_array' in res://ui/class_library_schema.gd:1081
	at 'apply_ability_dict' in res://ui/class_library_schema.gd:1311
	at 'apply_unit_dict' in res://ui/class_library_schema.gd:1424
	at 'apply_unit_overrides' in res://ui/class_library_schema.gd:1033
	at 'apply_saved_unit_overrides' in res://ui/class_library_schema.gd:1037
	at '_ensure_init' in res://core/factory/data_library.gd:280
	at 'get_unit' in res://core/factory/data_library.gd:39
	at '_collect_placements' in res://bridge/test_battle_encounter_builder.gd:13
	at 'build_encounter' in res://bridge/test_battle_encounter_builder.gd:56
	at '_load_skirmish' in res://presentation/test_battle_map_view.gd:23
	at '_ready' in res://presentation/tactical_map_view.gd:158
	at '_ready' in res://presentation/test_battle_map_view.gd:12
	at 'test_live_planning_bible_multi_knight_session' in res://tests/live_planning_scene_test.gd:93
]]>
			</error>
			<error message="ERROR: res://tests/live_planning_scene_test.gd:1057" type="ABORT">
<![CDATA[
Godot Runtime Error !
  'Invalid access to property or key 'type' on a base object of type 'Resource (AbilityModule)'.'
	at 'apply_effect_dict' in res://ui/class_library_schema.gd:1057
	at 'effects_from_dict_array' in res://ui/class_library_schema.gd:1081
	at 'apply_ability_dict' in res://ui/class_library_schema.gd:1311
	at 'apply_unit_dict' in res://ui/class_library_schema.gd:1424
	at 'apply_unit_overrides' in res://ui/class_library_schema.gd:1033
	at 'apply_saved_unit_overrides' in res://ui/class_library_schema.gd:1037
	at '_ensure_init' in res://core/factory/data_library.gd:280
	at 'get_unit' in res://core/factory/data_library.gd:39
	at '_collect_placements' in res://bridge/test_battle_encounter_builder.gd:13
	at 'build_encounter' in res://bridge/test_battle_encounter_builder.gd:56
	at '_load_skirmish' in res://presentation/test_battle_map_view.gd:23
	at '_ready' in res://presentation/tactical_map_view.gd:158
	at '_ready' in res://presentation/test_battle_map_view.gd:12
	at 'test_live_planning_bible_multi_knight_session' in res://tests/live_planning_scene_test.gd:93
]]>
			</error>
			<error message="ERROR: res://tests/live_planning_scene_test.gd:1057" type="ABORT">
<![CDATA[
Godot Runtime Error !
  'Invalid access to property or key 'type' on a base object of type 'Resource (AbilityModule)'.'
	at 'apply_effect_dict' in res://ui/class_library_schema.gd:1057
	at 'effects_from_dict_array' in res://ui/class_library_schema.gd:1081
	at 'apply_ability_dict' in res://ui/class_library_schema.gd:1311
	at 'apply_unit_dict' in res://ui/class_library_schema.gd:1424
	at 'apply_unit_overrides' in res://ui/class_library_schema.gd:1033
	at 'apply_saved_unit_overrides' in res://ui/class_library_schema.gd:1037
	at '_ensure_init' in res://core/factory/data_library.gd:280
	at 'get_unit' in res://core/factory/data_library.gd:39
	at '_collect_placements' in res://bridge/test_battle_encounter_builder.gd:13
	at 'build_encounter' in res://bridge/test_battle_encounter_builder.gd:56
	at '_load_skirmish' in res://presentation/test_battle_map_view.gd:23
	at '_ready' in res://presentation/tactical_map_view.gd:158
	at '_ready' in res://presentation/test_battle_map_view.gd:12
	at 'test_live_planning_bible_multi_knight_session' in res://tests/live_planning_scene_test.gd:93
]]>
			</error>
			<error message="ERROR: res://tests/live_planning_scene_test.gd:1057" type="ABORT">
<![CDATA[
Godot Runtime Error !
  'Invalid access to property or key 'type' on a base object of type 'Resource (AbilityModule)'.'
	at 'apply_effect_dict' in res://ui/class_library_schema.gd:1057
	at 'effects_from_dict_array' in res://ui/class_library_schema.gd:1081
	at 'apply_ability_dict' in res://ui/class_library_schema.gd:1311
	at 'apply_unit_dict' in res://ui/class_library_schema.gd:1424
	at 'apply_unit_overrides' in res://ui/class_library_schema.gd:1033
	at 'apply_saved_unit_overrides' in res://ui/class_library_schema.gd:1037
	at '_ensure_init' in res://core/factory/data_library.gd:280
	at 'get_unit' in res://core/factory/data_library.gd:39
	at '_collect_placements' in res://bridge/test_battle_encounter_builder.gd:13
	at 'build_encounter' in res://bridge/test_battle_encounter_builder.gd:56
	at '_load_skirmish' in res://presentation/test_battle_map_view.gd:23
	at '_ready' in res://presentation/tactical_map_view.gd:158
	at '_ready' in res://presentation/test_battle_map_view.gd:12
	at 'test_live_planning_bible_multi_knight_session' in res://tests/live_planning_scene_test.gd:93
]]>
			</error>
			<error message="ERROR: res://tests/live_planning_scene_test.gd:1057" type="ABORT">
<![CDATA[
Godot Runtime Error !
  'Invalid access to property or key 'type' on a base object of type 'Resource (AbilityModule)'.'
	at 'apply_effect_dict' in res://ui/class_library_schema.gd:1057
	at 'effects_from_dict_array' in res://ui/class_library_schema.gd:1081
	at 'apply_ability_dict' in res://ui/class_library_schema.gd:1311
	at 'apply_unit_dict' in res://ui/class_library_schema.gd:1424
	at 'apply_unit_overrides' in res://ui/class_library_schema.gd:1033
	at 'apply_saved_unit_overrides' in res://ui/class_library_schema.gd:1037
	at '_ensure_init' in res://core/factory/data_library.gd:280
	at 'get_unit' in res://core/factory/data_library.gd:39
	at '_collect_placements' in res://bridge/test_battle_encounter_builder.gd:13
	at 'build_encounter' in res://bridge/test_battle_encounter_builder.gd:56
	at '_load_skirmish' in res://presentation/test_battle_map_view.gd:23
	at '_ready' in res://presentation/tactical_map_view.gd:158
	at '_ready' in res://presentation/test_battle_map_view.gd:12
	at 'test_live_planning_bible_multi_knight_session' in res://tests/live_planning_scene_test.gd:93
]]>
			</error>
			<error message="ERROR: res://tests/live_planning_scene_test.gd:1057" type="ABORT">
<![CDATA[
Godot Runtime Error !
  'Invalid access to property or key 'type' on a base object of type 'Resource (AbilityModule)'.'
	at 'apply_effect_dict' in res://ui/class_library_schema.gd:1057
	at 'effects_from_dict_array' in res://ui/class_library_schema.gd:1081
	at 'apply_ability_dict' in res://ui/class_library_schema.gd:1311
	at 'apply_unit_dict' in res://ui/class_library_schema.gd:1424
	at 'apply_unit_overrides' in res://ui/class_library_schema.gd:1033
	at 'apply_saved_unit_overrides' in res://ui/class_library_schema.gd:1037
	at '_ensure_init' in res://core/factory/data_library.gd:280
	at 'get_unit' in res://core/factory/data_library.gd:39
	at '_collect_placements' in res://bridge/test_battle_encounter_builder.gd:13
	at 'build_encounter' in res://bridge/test_battle_encounter_builder.gd:56
	at '_load_skirmish' in res://presentation/test_battle_map_view.gd:23
	at '_ready' in res://presentation/tactical_map_view.gd:158
	at '_ready' in res://presentation/test_battle_map_view.gd:12
	at 'test_live_planning_bible_multi_knight_session' in res://tests/live_planning_scene_test.gd:93
]]>
			</error>
			<error message="ERROR: res://tests/live_planning_scene_test.gd:1057" type="ABORT">
<![CDATA[
Godot Runtime Error !
  'Invalid access to property or key 'type' on a base object of type 'Resource (AbilityModule)'.'
	at 'apply_effect_dict' in res://ui/class_library_schema.gd:1057
	at 'effects_from_dict_array' in res://ui/class_library_schema.gd:1081
	at 'apply_ability_dict' in res://ui/class_library_schema.gd:1311
	at 'apply_unit_dict' in res://ui/class_library_schema.gd:1424
	at 'apply_unit_overrides' in res://ui/class_library_schema.gd:1033
	at 'apply_saved_unit_overrides' in res://ui/class_library_schema.gd:1037
	at '_ensure_init' in res://core/factory/data_library.gd:280
	at 'get_unit' in res://core/factory/data_library.gd:39
	at '_collect_placements' in res://bridge/test_battle_encounter_builder.gd:13
	at 'build_encounter' in res://bridge/test_battle_encounter_builder.gd:56
	at '_load_skirmish' in res://presentation/test_battle_map_view.gd:23
	at '_ready' in res://presentation/tactical_map_view.gd:158
	at '_ready' in res://presentation/test_battle_map_view.gd:12
	at 'test_live_planning_bible_multi_knight_session' in res://tests/live_planning_scene_test.gd:93
]]>
			</error>
			<error message="ERROR: res://tests/live_planning_scene_test.gd:1057" type="ABORT">
<![CDATA[
Godot Runtime Error !
  'Invalid access to property or key 'type' on a base object of type 'Resource (AbilityModule)'.'
	at 'apply_effect_dict' in res://ui/class_library_schema.gd:1057
	at 'effects_from_dict_array' in res://ui/class_library_schema.gd:1081
	at 'apply_ability_dict' in res://ui/class_library_schema.gd:1311
	at 'apply_unit_dict' in res://ui/class_library_schema.gd:1424
	at 'apply_unit_overrides' in res://ui/class_library_schema.gd:1033
	at 'apply_saved_unit_overrides' in res://ui/class_library_schema.gd:1037
	at '_ensure_init' in res://core/factory/data_library.gd:280
[...]
	at '_wait_ability_settle' in res://tests/live_planning_scene_test.gd:1979
]]>
			</failure>
			<failure message="FAILED: res://tests/live_planning_scene_test.gd:493" type="FAILURE">
<![CDATA[
Expecting: 'true' but is 'false'
	at '_journey_knight1_shield_bash' in res://tests/live_planning_scene_test.gd:493
	at '_probe_cell' in res://tests/live_planning_scene_test.gd:1312
	at '_wait_ability_settle' in res://tests/live_planning_scene_test.gd:1979
]]>
			</failure>
			<failure message="FAILED: res://tests/live_planning_scene_test.gd:1373" type="FAILURE">
<![CDATA[
k1/selection/pre_tap: icon must contain Ã¢Å¡â€Ã¯Â¸Â, got Ã°Å¸â€˜Å¸/Ã¢Å“Â¨
	at '_audit_surface' in res://tests/live_planning_scene_test.gd:1373
	at '_probe_cell' in res://tests/live_planning_scene_test.gd:1310
	at '_wait_ability_settle' in res://tests/live_planning_scene_test.gd:1979
]]>
			</failure>
			<failure message="FAILED: res://tests/live_planning_scene_test.gd:520" type="FAILURE">
<![CDATA[
k1/selection/post_commit: projected enemy must show bash push in preview
	at '_journey_knight1_shield_bash' in res://tests/live_planning_scene_test.gd:520
	at '_probe_cell' in res://tests/live_planning_scene_test.gd:1312
	at '_wait_ability_settle' in res://tests/live_planning_scene_test.gd:1979
]]>
			</failure>
			<failure message="FAILED: res://tests/live_planning_scene_test.gd:1373" type="FAILURE">
<![CDATA[
k2/phase4/enemy: icon must contain Ã¢Å¡â€Ã¯Â¸Â, got Ã¢Å“Â¨
	at '_audit_surface' in res://tests/live_planning_scene_test.gd:1373
	at '_probe_cell' in res://tests/live_planning_scene_test.gd:1310
	at '_wait_ability_settle' in res://tests/live_planning_scene_test.gd:1979
]]>
			</failure>
			<failure message="FAILED: res://tests/live_planning_scene_test.gd:1084" type="FAILURE">
<![CDATA[
k2/selection: hook must pull west
	at '_assert_k2_hook_committed' in res://tests/live_planning_scene_test.gd:1084
	at '_journey_knight2_chain_hook' in res://tests/live_planning_scene_test.gd:590
	at '_wait_ability_settle' in res://tests/live_planning_scene_test.gd:1979
]]>
			</failure>
			<failure message="FAILED: res://tests/live_planning_scene_test.gd:1084" type="FAILURE">
<![CDATA[
k2/drag: hook must pull west
	at '_assert_k2_hook_committed' in res://tests/live_planning_scene_test.gd:1084
	at '_journey_knight2_chain_hook' in res://tests/live_planning_scene_test.gd:596
	at '_wait_ability_settle' in res://tests/live_planning_scene_test.gd:1979
]]>
			</failure>
			<failure message="FAILED: res://tests/live_planning_scene_test.gd:604" type="FAILURE">
<![CDATA[
Expecting: 'true' but is 'false'
	at '_journey_knight2_chain_hook' in res://tests/live_planning_scene_test.gd:604
	at '_wait_ability_settle' in res://tests/live_planning_scene_test.gd:1979
]]>
			</failure>
			<failure message="FAILED: res://tests/live_planning_scene_test.gd:1337" type="FAILURE">
<![CDATA[
k3/hover/east: preview path must not be empty at (6, 4)
	at '_audit_surface' in res://tests/live_planning_scene_test.gd:1337
	at '_probe_cell' in res://tests/live_planning_scene_test.gd:1310
	at '_wait_ability_settle' in res://tests/live_planning_scene_test.gd:1979
]]>
			</failure>
			<failure message="FAILED: res://tests/live_planning_scene_test.gd:1895" type="FAILURE">
<![CDATA[
k3/hover/east: preview path expected [(5, 4), (6, 4)] got []; events=[0:(-999, -999):(-999, -999):[], 0:(5, 4):(1, 4):[(4, 4), (3, 4), (2, 4), (1, 4)]]; plan=[1:(5, 4):[]:-1]
	at '_assert_preview_path_equals' in res://tests/live_planning_scene_test.gd:1895
	at '_audit_surface' in res://tests/live_planning_scene_test.gd:1341
	at '_probe_cell' in res://tests/live_planning_scene_test.gd:1310
	at '_wait_ability_settle' in res://tests/live_planning_scene_test.gd:1979
]]>
			</failure>
			<failure message="FAILED: res://tests/live_planning_scene_test.gd:1358" type="FAILURE">
<![CDATA[
k3/hover/east: preview ghost missing at (6, 4); path=[] slots={ "pre": [], "action": [], "post": [], "invalid": "Invalid target or distance for this ability." } approach=n/a preview_board=<null>
	at '_audit_surface' in res://tests/live_planning_scene_test.gd:1358
	at '_preview_unit' in res://tests/live_planning_scene_test.gd:1995
]]>
			</failure>
			<failure message="FAILED: res://tests/live_planning_scene_test.gd:1337" type="FAILURE">
<![CDATA[
k3/hover/end: preview path must not be empty at (6, 3)
	at '_audit_surface' in res://tests/live_planning_scene_test.gd:1337
	at '_probe_cell' in res://tests/live_planning_scene_test.gd:1310
	at '_wait_ability_settle' in res://tests/live_planning_scene_test.gd:1979
]]>
			</failure>
			<failure message="FAILED: res://tests/live_planning_scene_test.gd:1953" type="FAILURE">
<![CDATA[
k3/hover/end: preview path empty (expected end (6, 3))
	at '_assert_preview_path_ends' in res://tests/live_planning_scene_test.gd:1953
	at '_audit_surface' in res://tests/live_planning_scene_test.gd:1345
	at '_probe_cell' in res://tests/live_planning_scene_test.gd:1310
	at '_wait_ability_settle' in res://tests/live_planning_scene_test.gd:1979
]]>
			</failure>
			<failure message="FAILED: res://tests/live_planning_scene_test.gd:1358" type="FAILURE">
<![CDATA[
k3/hover/end: preview ghost missing at (6, 3); path=[] slots={ "pre": [], "action": [], "post": [], "invalid": "Invalid target or distance for this ability." } approach=n/a preview_board=<null>
	at '_audit_surface' in res://tests/live_planning_scene_test.gd:1358
	at '_preview_unit' in res://tests/live_planning_scene_test.gd:1995
]]>
			</failure>
			<failure message="FAILED: res://tests/live_planning_scene_test.gd:1337" type="FAILURE">
<![CDATA[
k3/selection/pre_tap: preview path must not be empty at (6, 3)
	at '_audit_surface' in res://tests/live_planning_scene_test.gd:1337
	at '_probe_cell' in res://tests/live_planning_scene_test.gd:1310
	at '_wait_ability_settle' in res://tests/live_planning_scene_test.gd:1979
]]>
			</failure>
			<failure message="FAILED: res://tests/live_planning_scene_test.gd:1895" type="FAILURE">
<![CDATA[
k3/selection/pre_tap: preview path expected [(5, 4), (6, 4), (6, 3)] got []; events=[0:(-999, -999):(-999, -999):[], 0:(5, 4):(1, 4):[(4, 4), (3, 4), (2, 4), (1, 4)]]; plan=[1:(5, 4):[]:-1]
	at '_assert_preview_path_equals' in res://tests/live_planning_scene_test.gd:1895
	at '_audit_surface' in res://tests/live_planning_scene_test.gd:1341
	at '_probe_cell' in res://tests/live_planning_scene_test.gd:1310
	at '_wait_ability_settle' in res://tests/live_planning_scene_test.gd:1979
]]>
			</failure>
			<failure message="FAILED: res://tests/live_planning_scene_test.gd:1358" type="FAILURE">
<![CDATA[
k3/selection/pre_tap: preview ghost missing at (6, 3); path=[] slots={ "pre": [], "action": [], "post": [], "invalid": "Invalid target or distance for this ability." } approach=n/a preview_board=<null>
	at '_audit_surface' in res://tests/live_planning_scene_test.gd:1358
	at '_preview_unit' in res://tests/live_planning_scene_test.gd:1995
]]>
			</failure>
			<failure message="FAILED: res://tests/live_planning_scene_test.gd:2349" type="FAILURE">
<![CDATA[
k3/selection/release: commit must not run when preview slots are invalid
	at '_assert_commit_ratifies_preview' in res://tests/live_planning_scene_test.gd:2349
	at '_tap_cell' in res://tests/live_planning_scene_test.gd:899
]]>
			</failure>
			<failure message="FAILED: res://tests/live_planning_scene_test.gd:1107" type="FAILURE">
<![CDATA[
k3/selection: trample target
	at '_assert_k3_trample_committed' in res://tests/live_planning_scene_test.gd:1107
	at '_journey_knight3_trampling_advance' in res://tests/live_planning_scene_test.gd:664
	at '_wait_ability_settle' in res://tests/live_planning_scene_test.gd:1979
]]>
			</failure>
			<failure message="FAILED: res://tests/live_planning_scene_test.gd:1110" type="FAILURE">
<![CDATA[
k3/selection: trample spends AP
	at '_assert_k3_trample_committed' in res://tests/live_planning_scene_test.gd:1110
	at '_journey_knight3_trampling_advance' in res://tests/live_planning_scene_test.gd:664
	at '_wait_ability_settle' in res://tests/live_planning_scene_test.gd:1979
]]>
			</failure>
			<failure message="FAILED: res://tests/live_planning_scene_test.gd:1819" type="FAILURE">
<![CDATA[
k3: endpoint paint failed at step 1
	at '_drag_through_cells_with_route_checks' in res://tests/live_planning_scene_test.gd:1819
	at '_hop_drag_to_cell' in res://tests/live_planning_scene_test.gd:1284
]]>
			</failure>
			<failure message="FAILED: res://tests/live_planning_scene_test.gd:1895" type="FAILURE">
<![CDATA[
k3/preview_path_1: preview path expected [(5, 4), (6, 4)] got []; events=[0:(-999, -999):(-999, -999):[], 0:(5, 4):(1, 4):[(4, 4), (3, 4), (2, 4), (1, 4)]]; plan=[1:(5, 4):[]:-1]
	at '_assert_preview_path_equals' in res://tests/live_planning_scene_test.gd:1895
	at '_drag_through_cells_with_route_checks' in res://tests/live_planning_scene_test.gd:1823
]]>
			</failure>
			<failure message="FAILED: res://tests/live_planning_scene_test.gd:1819" type="FAILURE">
<![CDATA[
k3: endpoint paint failed at step 2
	at '_drag_through_cells_with_route_checks' in res://tests/live_planning_scene_test.gd:1819
	at '_hop_drag_to_cell' in res://tests/live_planning_scene_test.gd:1284
]]>
			</failure>
			<failure message="FAILED: res://tests/live_planning_scene_test.gd:1895" type="FAILURE">
<![CDATA[
k3/preview_path_2: preview path expected [(5, 4), (6, 4), (6, 3)] got []; events=[0:(-999, -999):(-999, -999):[], 0:(5, 4):(1, 4):[(4, 4), (3, 4), (2, 4), (1, 4)]]; plan=[1:(5, 4):[]:-1]
	at '_assert_preview_path_equals' in res://tests/live_planning_scene_test.gd:1895
	at '_drag_through_cells_with_route_checks' in res://tests/live_planning_scene_test.gd:1823
]]>
			</failure>
			<failure message="FAILED: res://tests/live_planning_scene_test.gd:2349" type="FAILURE">
<![CDATA[
k3/release: commit must not run when preview slots are invalid
	at '_assert_commit_ratifies_preview' in res://tests/live_planning_scene_test.gd:2349
	at '_drag_through_cells_with_route_checks' in res://tests/live_planning_scene_test.gd:1846
]]>
			</failure>
			<failure message="FAILED: res://tests/live_planning_scene_test.gd:1100" type="FAILURE">
<![CDATA[
k3/drag: trample waypoints
	at '_assert_k3_trample_committed' in res://tests/live_planning_scene_test.gd:1100
	at '_journey_knight3_trampling_advance' in res://tests/live_planning_scene_test.gd:670
	at '_drag_through_cells_with_route_checks' in res://tests/live_planning_scene_test.gd:1846
]]>
			</failure>
			<failure message="FAILED: res://tests/live_planning_scene_test.gd:1103" type="FAILURE">
<![CDATA[
k3/drag: trample end position
	at '_assert_k3_trample_committed' in res://tests/live_planning_scene_test.gd:1103
	at '_journey_knight3_trampling_advance' in res://tests/live_planning_scene_test.gd:670
	at '_drag_through_cells_with_route_checks' in res://tests/live_planning_scene_test.gd:1846
]]>
			</failure>
			<failure message="FAILED: res://tests/live_planning_scene_test.gd:1110" type="FAILURE">
<![CDATA[
k3/drag: trample spends AP
	at '_assert_k3_trample_committed' in res://tests/live_planning_scene_test.gd:1110
	at '_journey_knight3_trampling_advance' in res://tests/live_planning_scene_test.gd:670
	at '_drag_through_cells_with_route_checks' in res://tests/live_planning_scene_test.gd:1846
]]>
			</failure>
			<failure message="FAILED: res://tests/live_planning_scene_test.gd:2753" type="FAILURE">
<![CDATA[
k3/drag/post_commit/red: action-range gate expected false got true
	at '_assert_red_live' in res://tests/live_planning_scene_test.gd:2753
	at '_audit_surface' in res://tests/live_planning_scene_test.gd:1392
	at '_probe_cell' in res://tests/live_planning_scene_test.gd:1310
	at '_wait_ability_settle' in res://tests/live_planning_scene_test.gd:1979
]]>
			</failure>
			<failure message="FAILED: res://tests/live_planning_scene_test.gd:2756" type="FAILURE">
<![CDATA[
k3/drag/post_commit/red: overlay red expected false got true
	at '_assert_red_live' in res://tests/live_planning_scene_test.gd:2756
	at '_audit_surface' in res://tests/live_planning_scene_test.gd:1392
	at '_probe_cell' in res://tests/live_planning_scene_test.gd:1310
	at '_wait_ability_settle' in res://tests/live_planning_scene_test.gd:1979
]]>
			</failure>
			<failure message="FAILED: res://tests/live_planning_scene_test.gd:1895" type="FAILURE">
<![CDATA[
k3/post/hover_east: preview path expected [(5, 4), (6, 4), (6, 3), (7, 3)] got [(5, 4), (6, 4), (7, 4), (7, 3)]; events=[0:(5, 4):(7, 3):[(6, 4), (7, 4), (7, 3)]]; plan=[]
	at '_assert_preview_path_equals' in res://tests/live_planning_scene_test.gd:1895
	at '_audit_surface' in res://tests/live_planning_scene_test.gd:1341
	at '_probe_cell' in res://tests/live_planning_scene_test.gd:1310
	at '_wait_ability_settle' in res://tests/live_planning_scene_test.gd:1979
]]>
			</failure>
			<failure message="FAILED: res://tests/live_planning_scene_test.gd:1337" type="FAILURE">
<![CDATA[
k3/post/hover_dest: preview path must not be empty at (8, 2)
	at '_audit_surface' in res://tests/live_planning_scene_test.gd:1337
	at '_probe_cell' in res://tests/live_planning_scene_test.gd:1310
	at '_wait_ability_settle' in res://tests/live_planning_scene_test.gd:1979
]]>
			</failure>
			<failure message="FAILED: res://tests/live_planning_scene_test.gd:1953" type="FAILURE">
<![CDATA[
k3/post/hover_dest: preview path empty (expected end (8, 2))
	at '_assert_preview_path_ends' in res://tests/live_planning_scene_test.gd:1953
	at '_audit_surface' in res://tests/live_planning_scene_test.gd:1345
	at '_probe_cell' in res://tests/live_planning_scene_test.gd:1310
	at '_wait_ability_settle' in res://tests/live_planning_scene_test.gd:1979
]]>
			</failure>
			<failure message="FAILED: res://tests/live_planning_scene_test.gd:1358" type="FAILURE">
<![CDATA[
k3/post/hover_dest: preview ghost missing at (8, 2); path=[] slots={ "pre": [], "action": [], "post": [], "invalid": "No valid actions generated." } approach=n/a preview_board=<null>
	at '_audit_surface' in res://tests/live_planning_scene_test.gd:1358
	at '_preview_unit' in res://tests/live_planning_scene_test.gd:1995
]]>
			</failure>
			<failure message="FAILED: res://tests/live_planning_scene_test.gd:1373" type="FAILURE">
<![CDATA[
k3/post/hover_dest: icon must contain Ã°Å¸â€˜Å¸, got Ã¢Ë†â€¦
	at '_audit_surface' in res://tests/live_planning_scene_test.gd:1373
	at '_preview_unit' in res://tests/live_planning_scene_test.gd:1995
]]>
			</failure>
			<failure message="FAILED: res://tests/live_planning_scene_test.gd:1269" type="FAILURE">
<![CDATA[
k3/post/step_1: drag must be armed before hop to (7, 3)
	at '_hop_drag_to_cell' in res://tests/live_planning_scene_test.gd:1269
	at '_drag_through_cells_with_route_checks' in res://tests/live_planning_scene_test.gd:1787
]]>
			</failure>
			<failure message="FAILED: res://tests/live_planning_scene_test.gd:1879" type="FAILURE">
<![CDATA[
k3/post/drag_route_1: drag route expected [(6, 3), (7, 3)] got []
	at '_assert_drag_route_equals' in res://tests/live_planning_scene_test.gd:1879
	at '_drag_through_cells_with_route_checks' in res://tests/live_planning_scene_test.gd:1805
]]>
			</failure>
			<failure message="FAILED: res://tests/live_planning_scene_test.gd:1895" type="FAILURE">
<![CDATA[
k3/post/preview_path_1: preview path expected [(5, 4), (6, 4), (6, 3), (7, 3)] got []; events=[6:(-999, -999):(-999, -999):[]]; plan=[0:(6, 3):[(6, 4), (6, 3)]:-1]
	at '_assert_preview_path_equals' in res://tests/live_planning_scene_test.gd:1895
	at '_drag_through_cells_with_route_checks' in res://tests/live_planning_scene_test.gd:1811
]]>
			</failure>
			<failure message="FAILED: res://tests/live_planning_scene_test.gd:1814" type="FAILURE">
<![CDATA[
k3/post: post drag must show blue move tiles
	at '_drag_through_cells_with_route_checks' in res://tests/live_planning_scene_test.gd:1814
]]>
			</failure>
			<failure message="FAILED: res://tests/live_planning_scene_test.gd:1269" type="FAILURE">
<![CDATA[
k3/post/step_2: drag must be armed before hop to (8, 3)
	at '_hop_drag_to_cell' in res://tests/live_planning_scene_test.gd:1269
	at '_drag_through_cells_with_route_checks' in res://tests/live_planning_scene_test.gd:1787
]]>
			</failure>
			<failure message="FAILED: res://tests/live_planning_scene_test.gd:1879" type="FAILURE">
<![CDATA[
k3/post/drag_route_2: drag route expected [(6, 3), (7, 3), (8, 3)] got []
	at '_assert_drag_route_equals' in res://tests/live_planning_scene_test.gd:1879
	at '_drag_through_cells_with_route_checks' in res://tests/live_planning_scene_test.gd:1805
]]>
			</failure>
			<failure message="FAILED: res://tests/live_planning_scene_test.gd:1895" type="FAILURE">
<![CDATA[
k3/post/preview_path_2: preview path expected [(5, 4), (6, 4), (6, 3), (7, 3), (8, 3)] got []; events=[6:(-999, -999):(-999, -999):[]]; plan=[0:(6, 3):[(6, 4), (6, 3)]:-1]
	at '_assert_preview_path_equals' in res://tests/live_planning_scene_test.gd:1895
	at '_drag_through_cells_with_route_checks' in res://tests/live_planning_scene_test.gd:1811
]]>
			</failure>
			<failure message="FAILED: res://tests/live_planning_scene_test.gd:1814" type="FAILURE">
<![CDATA[
k3/post: post drag must show blue move tiles
	at '_drag_through_cells_with_route_checks' in res://tests/live_planning_scene_test.gd:1814
]]>
			</failure>
			<failure message="FAILED: res://tests/live_planning_scene_test.gd:1269" type="FAILURE">
<![CDATA[
k3/post/step_3: drag must be armed before hop to (8, 2)
	at '_hop_drag_to_cell' in res://tests/live_planning_scene_test.gd:1269
	at '_drag_through_cells_with_route_checks' in res://tests/live_planning_scene_test.gd:1787
]]>
			</failure>
			<failure message="FAILED: res://tests/live_planning_scene_test.gd:1879" type="FAILURE">
<![CDATA[
k3/post/drag_route_3: drag route expected [(6, 3), (7, 3), (8, 3), (8, 2)] got []
	at '_assert_drag_route_equals' in res://tests/live_planning_scene_test.gd:1879
	at '_drag_through_cells_with_route_checks' in res://tests/live_planning_scene_test.gd:1805
]]>
			</failure>
			<failure message="FAILED: res://tests/live_planning_scene_test.gd:1895" type="FAILURE">
<![CDATA[
k3/post/preview_path_3: preview path expected [(5, 4), (6, 4), (6, 3), (7, 3), (8, 3), (8, 2)] got []; events=[6:(-999, -999):(-999, -999):[]]; plan=[0:(6, 3):[(6, 4), (6, 3)]:-1]
	at '_assert_preview_path_equals' in res://tests/live_planning_scene_test.gd:1895
	at '_drag_through_cells_with_route_checks' in res://tests/live_planning_scene_test.gd:1811
]]>
			</failure>
			<failure message="FAILED: res://tests/live_planning_scene_test.gd:1814" type="FAILURE">
<![CDATA[
k3/post: post drag must show blue move tiles
	at '_drag_through_cells_with_route_checks' in res://tests/live_planning_scene_test.gd:1814
]]>
			</failure>
			<failure message="FAILED: res://tests/live_planning_scene_test.gd:2349" type="FAILURE">
<![CDATA[
k3/post/release: commit must not run when preview slots are invalid
	at '_assert_commit_ratifies_preview' in res://tests/live_planning_scene_test.gd:2349
	at '_drag_through_cells_with_route_checks' in res://tests/live_planning_scene_test.gd:1846
]]>
			</failure>
			<failure message="FAILED: res://tests/live_planning_scene_test.gd:1118" type="FAILURE">
<![CDATA[
k3/post: post-move missing
	at '_assert_k3_post_move_committed' in res://tests/live_planning_scene_test.gd:1118
	at '_journey_knight3_trampling_advance' in res://tests/live_planning_scene_test.gd:708
	at '_drag_through_cells_with_route_checks' in res://tests/live_planning_scene_test.gd:1846
]]>
			</failure>
			<failure message="FAILED: res://tests/live_planning_scene_test.gd:785" type="FAILURE">
<![CDATA[
Expecting:
 '(8, 2)'
 but was
 '(6, 3)'
	at '_journey_execute_all_plans' in res://tests/live_planning_scene_test.gd:785
	at 'test_live_planning_bible_multi_knight_session' in res://tests/live_planning_scene_test.gd:104
	at '_journey_knight4_run_economy' in res://tests/live_planning_scene_test.gd:760
	at '_k4_preview_snapshot' in res://tests/live_planning_scene_test.gd:1765
]]>
			</failure>
		</testcase>
	</testsuite>
</testsuites>
