<?xml version="1.0" encoding="UTF-8" ?>
<testsuites id="2026-08-18" name="report_1274" tests="3" failures="0" skipped="0" flaky="0" time="0.000">
	<testsuite id="0" name="live_archer_class_test" package="tests" timestamp="2026-08-19T02:46:28" hostname="localhost" tests="3" failures="0" errors="0" skipped="0" flaky="0" time="23.411">
		<testcase name="test_live_archer_every_skill" classname="live_archer_class_test" time="16.365">
		</testcase>
		<testcase name="test_live_second_archer_complex_turn_after_volley" classname="live_archer_class_test" time="4.273">
		</testcase>
		<testcase name="test_live_selection_after_committed_archer_actions" classname="live_archer_class_test" time="2.746">
		</testcase>
	</testsuite>
</testsuites>
