<?xml version="1.0" encoding="UTF-8" ?>
<testsuites id="2026-08-03" name="report_279" tests="2" failures="135" skipped="0" flaky="0" time="0.000">
	<testsuite id="0" name="live_planning_scene_test" package="tests" timestamp="2026-08-04T02:21:59" hostname="localhost" tests="2" failures="135" errors="23" skipped="0" flaky="0" time="13.056">
		<testcase name="test_live_planning_bible_multi_knight_session" classname="live_planning_scene_test" time="12.939">
			<error message="ERROR: res://tests/live_planning_scene_test.gd:189" type="ABORT">
<![CDATA[
Godot Runtime Error !
  'Invalid access to property or key 'modifiers' on a base object of type 'Resource (AbilityModule)'.'
	at 'build' in res://core/factory/classes/knight_factory.gd:189
	at '_ensure_init' in res://core/factory/data_library.gd:154
	at 'get_unit' in res://core/factory/data_library.gd:39
	at '_collect_placements' in res://bridge/test_battle_encounter_builder.gd:13
	at 'build_encounter' in res://bridge/test_battle_encounter_builder.gd:56
	at '_load_skirmish' in res://presentation/test_battle_map_view.gd:23
	at '_ready' in res://presentation/tactical_map_view.gd:158
	at '_ready' in res://presentation/test_battle_map_view.gd:12
	at 'test_live_planning_bible_multi_knight_session' in res://tests/live_planning_scene_test.gd:93
]]>
			</error>
			<error message="ERROR: res://tests/live_planning_scene_test.gd:31" type="ABORT">
<![CDATA[
Godot Runtime Error !
  'Invalid access to property or key 'modifiers' on a base object of type 'Resource (AbilityModule)'.'
	at 'build' in res://core/factory/classes/bruiser_factory.gd:31
	at '_ensure_init' in res://core/factory/data_library.gd:163
	at 'get_unit' in res://core/factory/data_library.gd:39
	at '_collect_placements' in res://bridge/test_battle_encounter_builder.gd:13
	at 'build_encounter' in res://bridge/test_battle_encounter_builder.gd:56
	at '_load_skirmish' in res://presentation/test_battle_map_view.gd:23
	at '_ready' in res://presentation/tactical_map_view.gd:158
	at '_ready' in res://presentation/test_battle_map_view.gd:12
	at 'test_live_planning_bible_multi_knight_session' in res://tests/live_planning_scene_test.gd:93
]]>
			</error>
			<error message="ERROR: res://tests/live_planning_scene_test.gd:276" type="ABORT">
<![CDATA[
Godot Runtime Error !
  'Invalid access to property or key 'id' on a base object of type 'Nil'.'
	at '_ensure_init' in res://core/factory/data_library.gd:276
	at 'get_unit' in res://core/factory/data_library.gd:39
	at '_collect_placements' in res://bridge/test_battle_encounter_builder.gd:13
	at 'build_encounter' in res://bridge/test_battle_encounter_builder.gd:56
	at '_load_skirmish' in res://presentation/test_battle_map_view.gd:23
	at '_ready' in res://presentation/tactical_map_view.gd:158
	at '_ready' in res://presentation/test_battle_map_view.gd:12
	at 'test_live_planning_bible_multi_knight_session' in res://tests/live_planning_scene_test.gd:93
]]>
			</error>
			<error message="ERROR: res://tests/live_planning_scene_test.gd:52" type="ABORT">
<![CDATA[
Godot Runtime Error !
  'Invalid access to property or key 'id' on a base object of type 'Nil'.'
	at 'get_player_class_ids' in res://core/factory/data_library.gd:52
	at '_refresh_class_options' in res://presentation/test_battle_debug_panel.gd:179
	at 'setup' in res://presentation/test_battle_debug_panel.gd:42
	at '_ready' in res://presentation/test_battle_map_view.gd:16
	at 'test_live_planning_bible_multi_knight_session' in res://tests/live_planning_scene_test.gd:93
]]>
			</error>
			<error message="ERROR: res://tests/live_planning_scene_test.gd:1027" type="ABORT">
<![CDATA[
Godot Runtime Error !
  'Invalid access to property or key 'position' on a base object of type 'Nil'.'
	at '_undo_until_unit_clear' in res://tests/live_planning_scene_test.gd:1027
	at '_wait_planning_move_tween' in res://tests/live_planning_scene_test.gd:992
]]>
			</error>
			<error message="ERROR: res://tests/live_planning_scene_test.gd:455" type="ABORT">
<![CDATA[
Godot Runtime Error !
  'Invalid access to property or key 'ability' on a base object of type 'Nil'.'
	at '_journey_knight1_shield_bash' in res://tests/live_planning_scene_test.gd:455
	at '_select_unit_live' in res://tests/live_planning_scene_test.gd:815
	at '_reposition_mouse_to_unit' in res://tests/live_planning_scene_test.gd:1200
]]>
			</error>
			<error message="ERROR: res://tests/live_planning_scene_test.gd:800" type="ABORT">
<![CDATA[
Godot Runtime Error !
  'Invalid access to property or key 'active_abilities' on a base object of type 'Nil'.'
	at '_select_ability_for_unit' in res://tests/live_planning_scene_test.gd:800
	at '_journey_knight2_chain_hook' in res://tests/live_planning_scene_test.gd:554
	at '_select_unit_live' in res://tests/live_planning_scene_test.gd:815
	at '_reposition_mouse_to_unit' in res://tests/live_planning_scene_test.gd:1200
]]>
			</error>
			<error message="ERROR: res://tests/live_planning_scene_test.gd:1077" type="ABORT">
<![CDATA[
Godot Runtime Error !
  'Invalid access to property or key 'ability' on a base object of type 'Nil'.'
	at '_assert_k2_hook_committed' in res://tests/live_planning_scene_test.gd:1077
	at '_journey_knight2_chain_hook' in res://tests/live_planning_scene_test.gd:590
	at '_wait_ability_settle' in res://tests/live_planning_scene_test.gd:1979
]]>
			</error>
			<error message="ERROR: res://tests/live_planning_scene_test.gd:1027" type="ABORT">
<![CDATA[
Godot Runtime Error !
  'Invalid access to property or key 'position' on a base object of type 'Nil'.'
	at '_undo_until_unit_clear' in res://tests/live_planning_scene_test.gd:1027
	at '_wait_planning_move_tween' in res://tests/live_planning_scene_test.gd:992
]]>
			</error>
			<error message="ERROR: res://tests/live_planning_scene_test.gd:1077" type="ABORT">
<![CDATA[
Godot Runtime Error !
  'Invalid access to property or key 'ability' on a base object of type 'Nil'.'
	at '_assert_k2_hook_committed' in res://tests/live_planning_scene_test.gd:1077
	at '_journey_knight2_chain_hook' in res://tests/live_planning_scene_test.gd:596
	at '_wait_ability_settle' in res://tests/live_planning_scene_test.gd:1979
]]>
			</error>
			<error message="ERROR: res://tests/live_planning_scene_test.gd:601" type="ABORT">
<![CDATA[
Godot Runtime Error !
  'Invalid access to property or key 'ability' on a base object of type 'Nil'.'
	at '_journey_knight2_chain_hook' in res://tests/live_planning_scene_test.gd:601
	at '_wait_ability_settle' in res://tests/live_planning_scene_test.gd:1979
]]>
			</error>
			<error message="ERROR: res://tests/live_planning_scene_test.gd:800" type="ABORT">
<![CDATA[
Godot Runtime Error !
  'Invalid access to property or key 'active_abilities' on a base object of type 'Nil'.'
	at '_select_ability_for_unit' in res://tests/live_planning_scene_test.gd:800
	at '_journey_knight3_trampling_advance' in res://tests/live_planning_scene_test.gd:615
	at '_select_unit_live' in res://tests/live_planning_scene_test.gd:815
	at '_reposition_mouse_to_unit' in res://tests/live_planning_scene_test.gd:1200
]]>
			</error>
			<error message="ERROR: res://tests/live_planning_scene_test.gd:800" type="ABORT">
<![CDATA[
Godot Runtime Error !
  'Invalid access to property or key 'active_abilities' on a base object of type 'Nil'.'
	at '_select_ability_for_unit' in res://tests/live_planning_scene_test.gd:800
	at '_rearm_trample_awaiting' in res://tests/live_planning_scene_test.gd:821
	at '_journey_knight3_trampling_advance' in res://tests/live_planning_scene_test.gd:655
	at '_probe_cell' in res://tests/live_planning_scene_test.gd:1312
	at '_audit_surface' in res://tests/live_planning_scene_test.gd:1441
	at '_preview_unit' in res://tests/live_planning_scene_test.gd:1995
]]>
			</error>
			<error message="ERROR: res://tests/live_planning_scene_test.gd:1107" type="ABORT">
<![CDATA[
Godot Runtime Error !
  'Invalid access to property or key 'target_coord' on a base object of type 'Nil'.'
	at '_assert_k3_trample_committed' in res://tests/live_planning_scene_test.gd:1107
	at '_journey_knight3_trampling_advance' in res://tests/live_planning_scene_test.gd:664
	at '_wait_ability_settle' in res://tests/live_planning_scene_test.gd:1979
]]>
			</error>
			<error message="ERROR: res://tests/live_planning_scene_test.gd:1027" type="ABORT">
<![CDATA[
Godot Runtime Error !
  'Invalid access to property or key 'position' on a base object of type 'Nil'.'
	at '_undo_until_unit_clear' in res://tests/live_planning_scene_test.gd:1027
	at '_wait_planning_move_tween' in res://tests/live_planning_scene_test.gd:992
]]>
			</error>
			<error message="ERROR: res://tests/live_planning_scene_test.gd:800" type="ABORT">
<![CDATA[
Godot Runtime Error !
  'Invalid access to property or key 'active_abilities' on a base object of type 'Nil'.'
	at '_select_ability_for_unit' in res://tests/live_planning_scene_test.gd:800
	at '_rearm_trample_awaiting' in res://tests/live_planning_scene_test.gd:821
	at '_journey_knight3_trampling_advance' in res://tests/live_planning_scene_test.gd:668
	at '_undo_until_unit_clear' in res://tests/live_planning_scene_test.gd:1027
	at '_wait_planning_move_tween' in res://tests/live_planning_scene_test.gd:992
]]>
			</error>
			<error message="ERROR: res://tests/live_planning_scene_test.gd:1100" type="ABORT">
<![CDATA[
Godot Runtime Error !
  'Invalid access to property or key 'waypoints' on a base object of type 'Nil'.'
	at '_assert_k3_trample_committed' in res://tests/live_planning_scene_test.gd:1100
	at '_journey_knight3_trampling_advance' in res://tests/live_planning_scene_test.gd:670
	at '_drag_through_cells_with_route_checks' in res://tests/live_planning_scene_test.gd:1846
]]>
			</error>
			<error message="ERROR: res://tests/live_planning_scene_test.gd:800" type="ABORT">
<![CDATA[
Godot Runtime Error !
  'Invalid access to property or key 'active_abilities' on a base object of type 'Nil'.'
	at '_select_ability_for_unit' in res://tests/live_planning_scene_test.gd:800
	at '_journey_knight4_run_economy' in res://tests/live_planning_scene_test.gd:726
	at '_select_unit_live' in res://tests/live_planning_scene_test.gd:815
	at '_reposition_mouse_to_unit' in res://tests/live_planning_scene_test.gd:1200
]]>
			</error>
			<error message="ERROR: res://tests/live_planning_scene_test.gd:1161" type="ABORT">
<![CDATA[
Godot Runtime Error !
  'Invalid access to property or key 'position' on a base object of type 'Nil'.'
	at '_assert_k4_run_committed' in res://tests/live_planning_scene_test.gd:1161
	at '_journey_knight4_run_economy' in res://tests/live_planning_scene_test.gd:739
	at '_wait_ability_settle' in res://tests/live_planning_scene_test.gd:1979
]]>
			</error>
			<error message="ERROR: res://tests/live_planning_scene_test.gd:1027" type="ABORT">
<![CDATA[
Godot Runtime Error !
  'Invalid access to property or key 'position' on a base object of type 'Nil'.'
	at '_undo_until_unit_clear' in res://tests/live_planning_scene_test.gd:1027
	at '_wait_planning_move_tween' in res://tests/live_planning_scene_test.gd:992
]]>
			</error>
			<error message="ERROR: res://tests/live_planning_scene_test.gd:1161" type="ABORT">
<![CDATA[
Godot Runtime Error !
  'Invalid access to property or key 'position' on a base object of type 'Nil'.'
	at '_assert_k4_run_committed' in res://tests/live_planning_scene_test.gd:1161
	at '_journey_knight4_run_economy' in res://tests/live_planning_scene_test.gd:745
	at '_paint_k4_detour_and_run_route' in res://tests/live_planning_scene_test.gd:1669
]]>
			</error>
			<error message="ERROR: res://tests/live_planning_scene_test.gd:800" type="ABORT">
<![CDATA[
Godot Runtime Error !
  'Invalid access to property or key 'active_abilities' on a base object of type 'Nil'.'
	at '_select_ability_for_unit' in res://tests/live_planning_scene_test.gd:800
	at '_journey_knight4_run_economy' in res://tests/live_planning_scene_test.gd:749
	at '_paint_k4_detour_and_run_route' in res://tests/live_planning_scene_test.gd:1669
]]>
			</error>
			<error message="ERROR: res://tests/live_planning_scene_test.gd:768" type="ABORT">
<![CDATA[
Godot Runtime Error !
  'Invalid access to property or key 'position' on a base object of type 'Nil'.'
	at '_journey_execute_all_plans' in res://tests/live_planning_scene_test.gd:768
	at 'test_live_planning_bible_multi_knight_session' in res://tests/live_planning_scene_test.gd:104
	at '_journey_knight4_run_economy' in res://tests/live_planning_scene_test.gd:760
	at '_k4_preview_snapshot' in res://tests/live_planning_scene_test.gd:1765
]]>
			</error>
			<failure message="FAILED: res://tests/live_planning_scene_test.gd:352" type="FAILURE">
<![CDATA[
Expecting to be greater than:
 0 but was -1
	at '_boot_multi_knight_session' in res://tests/live_planning_scene_test.gd:352
]]>
			</failure>
			<failure message="FAILED: res://tests/live_planning_scene_test.gd:353" type="FAILURE">
<![CDATA[
Expecting to be greater than:
 0 but was -1
	at '_boot_multi_knight_session' in res://tests/live_planning_scene_test.gd:353
]]>
			</failure>
			<failure message="FAILED: res://tests/live_planning_scene_test.gd:354" type="FAILURE">
<![CDATA[
Expecting to be greater than:
 0 but was -1
	at '_boot_multi_knight_session' in res://tests/live_planning_scene_test.gd:354
]]>
			</failure>
			<failure message="FAILED: res://tests/live_planning_scene_test.gd:355" type="FAILURE">
<![CDATA[
Expecting to be greater than:
 0 but was -1
	at '_boot_multi_knight_session' in res://tests/live_planning_scene_test.gd:355
]]>
			</failure>
			<failure message="FAILED: res://tests/live_planning_scene_test.gd:356" type="FAILURE">
<![CDATA[
Expecting to be greater than:
 0 but was -1
	at '_boot_multi_knight_session' in res://tests/live_planning_scene_test.gd:356
]]>
			</failure>
			<failure message="FAILED: res://tests/live_planning_scene_test.gd:357" type="FAILURE">
<![CDATA[
Expecting to be greater than:
 0 but was -1
	at '_boot_multi_knight_session' in res://tests/live_planning_scene_test.gd:357
]]>
			</failure>
			<failure message="FAILED: res://tests/live_planning_scene_test.gd:1269" type="FAILURE">
<![CDATA[
undo_smoke/step_1: drag must be armed before hop to (5, 5)
	at '_hop_drag_to_cell' in res://tests/live_planning_scene_test.gd:1269
	at '_drag_through_cells' in res://tests/live_planning_scene_test.gd:1571
]]>
			</failure>
			<failure message="FAILED: res://tests/live_planning_scene_test.gd:438" type="FAILURE">
<![CDATA[
undo_smoke: drag commit must write pre-move
	at '_journey_undo_sprite_smoke' in res://tests/live_planning_scene_test.gd:438
	at '_wait_ability_settle' in res://tests/live_planning_scene_test.gd:1979
]]>
			</failure>
			<failure message="FAILED: res://tests/live_planning_scene_test.gd:920" type="FAILURE">
<![CDATA[
undo_smoke/after_commit: sprite must stand on 5,5, got actor grid -999,-999; route trace=[]; plan=[]; preview_path=[]; drag_route=[]; click_slots=
	at '_assert_actor_on_cell' in res://tests/live_planning_scene_test.gd:920
	at '_journey_undo_sprite_smoke' in res://tests/live_planning_scene_test.gd:442
	at '_wait_planning_move_tween' in res://tests/live_planning_scene_test.gd:992
]]>
			</failure>
			<failure message="FAILED: res://tests/live_planning_scene_test.gd:1024" type="FAILURE">
<![CDATA[
undo_until_clear: missing unit -1 on board
	at '_undo_until_unit_clear' in res://tests/live_planning_scene_test.gd:1024
	at '_wait_planning_move_tween' in res://tests/live_planning_scene_test.gd:992
]]>
			</failure>
			<failure message="FAILED: res://tests/live_planning_scene_test.gd:799" type="FAILURE">
<![CDATA[
Expecting: not to be '<null>'
	at '_select_ability_for_unit' in res://tests/live_planning_scene_test.gd:799
	at '_journey_knight2_chain_hook' in res://tests/live_planning_scene_test.gd:554
	at '_select_unit_live' in res://tests/live_planning_scene_test.gd:815
	at '_reposition_mouse_to_unit' in res://tests/live_planning_scene_test.gd:1200
]]>
			</failure>
			<failure message="FAILED: res://tests/live_planning_scene_test.gd:555" type="FAILURE">
<![CDATA[
Expecting: not to be '<null>'
	at '_journey_knight2_chain_hook' in res://tests/live_planning_scene_test.gd:555
	at '_select_unit_live' in res://tests/live_planning_scene_test.gd:815
	at '_reposition_mouse_to_unit' in res://tests/live_planning_scene_test.gd:1200
]]>
			</failure>
			<failure message="FAILED: res://tests/live_planning_scene_test.gd:2753" type="FAILURE">
<![CDATA[
k2/phase1/stand/red: action-range gate expected true got false
	at '_assert_red_live' in res://tests/live_planning_scene_test.gd:2753
	at '_audit_surface' in res://tests/live_planning_scene_test.gd:1392
	at '_probe_cell' in res://tests/live_planning_scene_test.gd:1310
	at '_wait_ability_settle' in res://tests/live_planning_scene_test.gd:1979
]]>
			</failure>
			<failure message="FAILED: res://tests/live_planning_scene_test.gd:2756" type="FAILURE">
<![CDATA[
k2/phase1/stand/red: overlay red expected true got false
	at '_assert_red_live' in res://tests/live_planning_scene_test.gd:2756
	at '_audit_surface' in res://tests/live_planning_scene_test.gd:1392
	at '_probe_cell' in res://tests/live_planning_scene_test.gd:1310
	at '_wait_ability_settle' in res://tests/live_planning_scene_test.gd:1979
]]>
			</failure>
			<failure message="FAILED: res://tests/live_planning_scene_test.gd:2790" type="FAILURE">
<![CDATA[
k2/phase1/stand/red_cell: AbilitySystem range expected true for (4, 3) at stand (1, 3)
	at '_assert_red_cell_live' in res://tests/live_planning_scene_test.gd:2790
	at '_audit_surface' in res://tests/live_planning_scene_test.gd:1395
	at '_probe_cell' in res://tests/live_planning_scene_test.gd:1310
	at '_wait_ability_settle' in res://tests/live_planning_scene_test.gd:1979
]]>
			</failure>
			<failure message="FAILED: res://tests/live_planning_scene_test.gd:2796" type="FAILURE">
<![CDATA[
k2/phase1/stand/red_cell: overlay missing red at (4, 3)
	at '_assert_red_cell_live' in res://tests/live_planning_scene_test.gd:2796
	at '_audit_surface' in res://tests/live_planning_scene_test.gd:1395
	at '_probe_cell' in res://tests/live_planning_scene_test.gd:1310
	at '_wait_ability_settle' in res://tests/live_planning_scene_test.gd:1979
]]>
			</failure>
			<failure message="FAILED: res://tests/live_planning_scene_test.gd:1404" type="FAILURE">
<![CDATA[
k2/phase1/stand: overlay blue expected true at (1, 3)
	at '_audit_surface' in res://tests/live_planning_scene_test.gd:1404
	at '_probe_cell' in res://tests/live_planning_scene_test.gd:1310
	at '_wait_ability_settle' in res://tests/live_planning_scene_test.gd:1979
]]>
			</failure>
			<failure message="FAILED: res://tests/live_planning_scene_test.gd:1953" type="FAILURE">
<![CDATA[
k2/phase2/walk: preview path empty (expected end (2, 3))
	at '_assert_preview_path_ends' in res://tests/live_planning_scene_test.gd:1953
	at '_audit_surface' in res://tests/live_planning_scene_test.gd:1345
	at '_probe_cell' in res://tests/live_planning_scene_test.gd:1310
	at '_wait_ability_settle' in res://tests/live_planning_scene_test.gd:1979
]]>
			</failure>
			<failure message="FAILED: res://tests/live_planning_scene_test.gd:1358" type="FAILURE">
<![CDATA[
k2/phase2/walk: preview ghost missing at (2, 3); path=[] slots={ "pre": [], "action": [], "post": [], "invalid": false } approach=n/a preview_board=<null>
	at '_audit_surface' in res://tests/live_planning_scene_test.gd:1358
	at '_preview_unit' in res://tests/live_planning_scene_test.gd:1995
]]>
			</failure>
			<failure message="FAILED: res://tests/live_planning_scene_test.gd:1404" type="FAILURE">
<![CDATA[
k2/phase2/walk: overlay blue expected true at (2, 3)
	at '_audit_surface' in res://tests/live_planning_scene_test.gd:1404
	at '_preview_unit' in res://tests/live_planning_scene_test.gd:1995
]]>
			</failure>
			<failure message="FAILED: res://tests/live_planning_scene_test.gd:1953" type="FAILURE">
<![CDATA[
k2/phase4/enemy: preview path empty (expected end (1, 3))
	at '_assert_preview_path_ends' in res://tests/live_planning_scene_test.gd:1953
	at '_audit_surface' in res://tests/live_planning_scene_test.gd:1345
	at '_probe_cell' in res://tests/live_planning_scene_test.gd:1310
	at '_wait_ability_settle' in res://tests/live_planning_scene_test.gd:1979
]]>
			</failure>
			<failure message="FAILED: res://tests/live_planning_scene_test.gd:1373" type="FAILURE">
<![CDATA[
k2/phase4/enemy: icon must contain Ã¢Å¡â€Ã¯Â¸Â, got 
	at '_audit_surface' in res://tests/live_planning_scene_test.gd:1373
	at '_probe_cell' in res://tests/live_planning_scene_test.gd:1310
	at '_wait_ability_settle' in res://tests/live_planning_scene_test.gd:1979
]]>
			</failure>
			<failure message="FAILED: res://tests/live_planning_scene_test.gd:2753" type="FAILURE">
<![CDATA[
k2/phase4/enemy/red: action-range gate expected true got false
	at '_assert_red_live' in res://tests/live_planning_scene_test.gd:2753
	at '_audit_surface' in res://tests/live_planning_scene_test.gd:1392
	at '_probe_cell' in res://tests/live_planning_scene_test.gd:1310
	at '_wait_ability_settle' in res://tests/live_planning_scene_test.gd:1979
]]>
			</failure>
			<failure message="FAILED: res://tests/live_planning_scene_test.gd:2756" type="FAILURE">
<![CDATA[
k2/phase4/enemy/red: overlay red expected true got false
	at '_assert_red_live' in res://tests/live_planning_scene_test.gd:2756
	at '_audit_surface' in res://tests/live_planning_scene_test.gd:1392
	at '_probe_cell' in res://tests/live_planning_scene_test.gd:1310
	at '_wait_ability_settle' in res://tests/live_planning_scene_test.gd:1979
]]>
			</failure>
			<failure message="FAILED: res://tests/live_planning_scene_test.gd:2790" type="FAILURE">
<![CDATA[
k2/phase4/enemy/red_cell: AbilitySystem range expected true for (4, 3) at stand (1, 3)
	at '_assert_red_cell_live' in res://tests/live_planning_scene_test.gd:2790
	at '_audit_surface' in res://tests/live_planning_scene_test.gd:1395
	at '_probe_cell' in res://tests/live_planning_scene_test.gd:1310
	at '_wait_ability_settle' in res://tests/live_planning_scene_test.gd:1979
]]>
			</failure>
			<failure message="FAILED: res://tests/live_planning_scene_test.gd:2796" type="FAILURE">
<![CDATA[
k2/phase4/enemy/red_cell: overlay missing red at (4, 3)
	at '_assert_red_cell_live' in res://tests/live_planning_scene_test.gd:2796
	at '_audit_surface' in res://tests/live_planning_scene_test.gd:1395
	at '_probe_cell' in res://tests/live_planning_scene_test.gd:1310
	at '_wait_ability_settle' in res://tests/live_planning_scene_test.gd:1979
]]>
			</failure>
			<failure message="FAILED: res://tests/live_planning_scene_test.gd:1404" type="FAILURE">
<![CDATA[
k2/phase4/enemy: overlay blue expected true at (4, 3)
	at '_audit_surface' in res://tests/live_planning_scene_test.gd:1404
	at '_probe_cell' in res://tests/live_planning_scene_test.gd:1310
	at '_wait_ability_settle' in res://tests/live_planning_scene_test.gd:1979
]]>
			</failure>
			<failure message="FAILED: res://tests/live_planning_scene_test.gd:1073" type="FAILURE">
<![CDATA[
k2/selection: hook must write action
	at '_assert_k2_hook_committed' in res://tests/live_planning_scene_test.gd:1073
	at '_journey_knight2_chain_hook' in res://tests/live_planning_scene_test.gd:590
	at '_wait_ability_settle' in res://tests/live_planning_scene_test.gd:1979
]]>
			</failure>
			<failure message="FAILED: res://tests/live_planning_scene_test.gd:1024" type="FAILURE">
<![CDATA[
undo_until_clear: missing unit -1 on board
	at '_undo_until_unit_clear' in res://tests/live_planning_scene_test.gd:1024
	at '_wait_planning_move_tween' in res://tests/live_planning_scene_test.gd:992
]]>
			</failure>
			<failure message="FAILED: res://tests/live_planning_scene_test.gd:1269" type="FAILURE">
<![CDATA[
k2/drag/step_1: drag must be armed before hop to (4, 3)
	at '_hop_drag_to_cell' in res://tests/live_planning_scene_test.gd:1269
	at '_drag_through_cells' in res://tests/live_planning_scene_test.gd:1571
]]>
			</failure>
			<failure message="FAILED: res://tests/live_planning_scene_test.gd:1073" type="FAILURE">
<![CDATA[
k2/drag: hook must write action
	at '_assert_k2_hook_committed' in res://tests/live_planning_scene_test.gd:1073
	at '_journey_knight2_chain_hook' in res://tests/live_planning_scene_test.gd:596
	at '_wait_ability_settle' in res://tests/live_planning_scene_test.gd:1979
]]>
			</failure>
			<failure message="FAILED: res://tests/live_planning_scene_test.gd:799" type="FAILURE">
<![CDATA[
Expecting: not to be '<null>'
	at '_select_ability_for_unit' in res://tests/live_planning_scene_test.gd:799
	at '_journey_knight3_trampling_advance' in res://tests/live_planning_scene_test.gd:615
	at '_select_unit_live' in res://tests/live_planning_scene_test.gd:815
	at '_reposition_mouse_to_unit' in res://tests/live_planning_scene_test.gd:1200
]]>
			</failure>
			<failure message="FAILED: res://tests/live_planning_scene_test.gd:616" type="FAILURE">
<![CDATA[
Expecting: not to be '<null>'
	at '_journey_knight3_trampling_advance' in res://tests/live_planning_scene_test.gd:616
	at '_select_unit_live' in res://tests/live_planning_scene_test.gd:815
	at '_reposition_mouse_to_unit' in res://tests/live_planning_scene_test.gd:1200
]]>
			</failure>
			<failure message="FAILED: res://tests/live_planning_scene_test.gd:2753" type="FAILURE">
<![CDATA[
k3/phase1/stand/red: action-range gate expected true got false
	at '_assert_red_live' in res://tests/live_planning_scene_test.gd:2753
	at '_audit_surface' in res://tests/live_planning_scene_test.gd:1392
	at '_probe_cell' in res://tests/live_planning_scene_test.gd:1310
	at '_wait_ability_settle' in res://tests/live_planning_scene_test.gd:1979
]]>
			</failure>
			<failure message="FAILED: res://tests/live_planning_scene_test.gd:2756" type="FAILURE">
<![CDATA[
k3/phase1/stand/red: overlay red expected true got false
	at '_assert_red_live' in res://tests/live_planning_scene_test.gd:2756
	at '_audit_surface' in res://tests/live_planning_scene_test.gd:1392
	at '_probe_cell' in res://tests/live_planning_scene_test.gd:1310
	at '_wait_ability_settle' in res://tests/live_planning_scene_test.gd:1979
]]>
			</failure>
			<failure message="FAILED: res://tests/live_planning_scene_test.gd:1404" type="FAILURE">
<![CDATA[
k3/phase1/stand: overlay blue expected true at (5, 4)
	at '_audit_surface' in res://tests/live_planning_scene_test.gd:1404
	at '_probe_cell' in res://tests/live_planning_scene_test.gd:1310
	at '_wait_ability_settle' in res://tests/live_planning_scene_test.gd:1979
]]>
			</failure>
			<failure message="FAILED: res://tests/live_planning_scene_test.gd:626" type="FAILURE">
<![CDATA[
Expecting: 'true' but is 'false'
	at '_journey_knight3_trampling_advance' in res://tests/live_planning_scene_test.gd:626
	at '_wait_ability_settle' in res://tests/live_planning_scene_test.gd:1979
]]>
			</failure>
			<failure message="FAILED: res://tests/live_planning_scene_test.gd:627" type="FAILURE">
<![CDATA[
Expecting: not to be '<null>'
	at '_journey_knight3_trampling_advance' in res://tests/live_planning_scene_test.gd:627
	at '_wait_ability_settle' in res://tests/live_planning_scene_test.gd:1979
]]>
			</failure>
			<failure message="FAILED: res://tests/live_planning_scene_test.gd:2753" type="FAILURE">
<![CDATA[
k3/phase2/awaiting_armed/red: action-range gate expected true got false
	at '_assert_red_live' in res://tests/live_planning_scene_test.gd:2753
	at '_audit_surface' in res://tests/live_planning_scene_test.gd:1392
	at '_probe_cell' in res://tests/live_planning_scene_test.gd:1310
	at '_wait_ability_settle' in res://tests/live_planning_scene_test.gd:1979
]]>
			</failure>
			<failure message="FAILED: res://tests/live_planning_scene_test.gd:2756" type="FAILURE">
<![CDATA[
k3/phase2/awaiting_armed/red: overlay red expected true got false
	at '_assert_red_live' in res://tests/live_planning_scene_test.gd:2756
	at '_audit_surface' in res://tests/live_planning_scene_test.gd:1392
	at '_probe_cell' in res://tests/live_planning_scene_test.gd:1310
	at '_wait_ability_settle' in res://tests/live_planning_scene_test.gd:1979
]]>
			</failure>
			<failure message="FAILED: res://tests/live_planning_scene_test.gd:1337" type="FAILURE">
<![CDATA[
k3/hover/east: preview path must not be empty at (6, 4)
	at '_audit_surface' in res://tests/live_planning_scene_test.gd:1337
	at '_probe_cell' in res://tests/live_planning_scene_test.gd:1310
	at '_wait_ability_settle' in res://tests/live_planning_scene_test.gd:1979
]]>
			</failure>
			<failure message="FAILED: res://tests/live_planning_scene_test.gd:1895" type="FAILURE">
<![CDATA[
k3/hover/east: preview path expected [(5, 4), (6, 4)] got []; events=[]; plan=[]
	at '_assert_preview_path_equals' in res://tests/live_planning_scene_test.gd:1895
	at '_audit_surface' in res://tests/live_planning_scene_test.gd:1341
	at '_probe_cell' in res://tests/live_planning_scene_test.gd:1310
	at '_wait_ability_settle' in res://tests/live_planning_scene_test.gd:1979
]]>
			</failure>
			<failure message="FAILED: res://tests/live_planning_scene_test.gd:1358" type="FAILURE">
<![CDATA[
k3/hover/east: preview ghost missing at (6, 4); path=[] slots={ "pre": [], "action": [], "post": [], "invalid": false } approach=n/a preview_board=<null>
	at '_audit_surface' in res://tests/live_planning_scene_test.gd:1358
	at '_preview_unit' in res://tests/live_planning_scene_test.gd:1995
]]>
			</failure>
			<failure message="FAILED: res://tests/live_planning_scene_test.gd:2753" type="FAILURE">
<![CDATA[
k3/hover/east/red: action-range gate expected true got false
	at '_assert_red_live' in res://tests/live_planning_scene_test.gd:2753
	at '_audit_surface' in res://tests/live_planning_scene_test.gd:1392
	at '_preview_unit' in res://tests/live_planning_scene_test.gd:1995
]]>
			</failure>
			<failure message="FAILED: res://tests/live_planning_scene_test.gd:2756" type="FAILURE">
<![CDATA[
k3/hover/east/red: overlay red expected true got false
	at '_assert_red_live' in res://tests/live_planning_scene_test.gd:2756
	at '_audit_surface' in res://tests/live_planning_scene_test.gd:1392
	at '_preview_unit' in res://tests/live_planning_scene_test.gd:1995
]]>
			</failure>
			<failure message="FAILED: res://tests/live_planning_scene_test.gd:1337" type="FAILURE">
<![CDATA[
k3/hover/end: preview path must not be empty at (6, 3)
	at '_audit_surface' in res://tests/live_planning_scene_test.gd:1337
	at '_probe_cell' in res://tests/live_planning_scene_test.gd:1310
	at '_wait_ability_settle' in res://tests/live_planning_scene_test.gd:1979
]]>
			</failure>
			<failure message="FAILED: res://tests/live_planning_scene_test.gd:1953" type="FAILURE">
<![CDATA[
k3/hover/end: preview path empty (expected end (6, 3))
	at '_assert_preview_path_ends' in res://tests/live_planning_scene_test.gd:1953
	at '_audit_surface' in res://tests/live_planning_scene_test.gd:1345
	at '_probe_cell' in res://tests/live_planning_scene_test.gd:1310
	at '_wait_ability_settle' in res://tests/live_planning_scene_test.gd:1979
]]>
			</failure>
			<failure message="FAILED: res://tests/live_planning_scene_test.gd:1358" type="FAILURE">
<![CDATA[
k3/hover/end: preview ghost missing at (6, 3); path=[] slots={ "pre": [], "action": [], "post": [], "invalid": false } approach=n/a preview_board=<null>
	at '_audit_surface' in res://tests/live_planning_scene_test.gd:1358
	at '_preview_unit' in res://tests/live_planning_scene_test.gd:1995
]]>
			</failure>
			<failure message="FAILED: res://tests/live_planning_scene_test.gd:2753" type="FAILURE">
<![CDATA[
k3/hover/end/red: action-range gate expected true got false
	at '_assert_red_live' in res://tests/live_planning_scene_test.gd:2753
	at '_audit_surface' in res://tests/live_planning_scene_test.gd:1392
	at '_preview_unit' in res://tests/live_planning_scene_test.gd:1995
]]>
			</failure>
			<failure message="FAILED: res://tests/live_planning_scene_test.gd:2756" type="FAILURE">
<![CDATA[
k3/hover/end/red: overlay red expected true got false
	at '_assert_red_live' in res://tests/live_planning_scene_test.gd:2756
	at '_audit_surface' in res://tests/live_planning_scene_test.gd:1392
	at '_preview_unit' in res://tests/live_planning_scene_test.gd:1995
]]>
			</failure>
			<failure message="FAILED: res://tests/live_planning_scene_test.gd:799" type="FAILURE">
<![CDATA[
Expecting: not to be '<null>'
	at '_select_ability_for_unit' in res://tests/live_planning_scene_test.gd:799
	at '_rearm_trample_awaiting' in res://tests/live_planning_scene_test.gd:821
	at '_journey_knight3_trampling_advance' in res://tests/live_planning_scene_test.gd:655
	at '_probe_cell' in res://tests/live_planning_scene_test.gd:1312
	at '_audit_surface' in res://tests/live_planning_scene_test.gd:1441
	at '_preview_unit' in res://tests/live_planning_scene_test.gd:1995
]]>
			</failure>
			<failure message="FAILED: res://tests/live_planning_scene_test.gd:824" type="FAILURE">
<![CDATA[
k3: trample must re-arm awaiting at stand
	at '_rearm_trample_awaiting' in res://tests/live_planning_scene_test.gd:824
	at '_wait_ability_settle' in res://tests/live_planning_scene_test.gd:1979
]]>
			</failure>
			<failure message="FAILED: res://tests/live_planning_scene_test.gd:827" type="FAILURE">
<![CDATA[
k3: awaiting action missing after re-arm
	at '_rearm_trample_awaiting' in res://tests/live_planning_scene_test.gd:827
	at '_wait_ability_settle' in res://tests/live_planning_scene_test.gd:1979
]]>
			</failure>
			<failure message="FAILED: res://tests/live_planning_scene_test.gd:1337" type="FAILURE">
<![CDATA[
k3/selection/pre_tap: preview path must not be empty at (6, 3)
	at '_audit_surface' in res://tests/live_planning_scene_test.gd:1337
	at '_probe_cell' in res://tests/live_planning_scene_test.gd:1310
	at '_wait_ability_settle' in res://tests/live_planning_scene_test.gd:1979
]]>
			</failure>
			<failure message="FAILED: res://tests/live_planning_scene_test.gd:1895" type="FAILURE">
<![CDATA[
k3/selection/pre_tap: preview path expected [(5, 4), (6, 4), (6, 3)] got []; events=[]; plan=[]
	at '_assert_preview_path_equals' in res://tests/live_planning_scene_test.gd:1895
	at '_audit_surface' in res://tests/live_planning_scene_test.gd:1341
	at '_probe_cell' in res://tests/live_planning_scene_test.gd:1310
	at '_wait_ability_settle' in res://tests/live_planning_scene_test.gd:1979
]]>
			</failure>
			<failure message="FAILED: res://tests/live_planning_scene_test.gd:1358" type="FAILURE">
<![CDATA[
k3/selection/pre_tap: preview ghost missing at (6, 3); path=[] slots={ "pre": [], "action": [], "post": [], "invalid": false } approach=n/a preview_board=<null>
	at '_audit_surface' in res://tests/live_planning_scene_test.gd:1358
	at '_preview_unit' in res://tests/live_planning_scene_test.gd:1995
]]>
			</failure>
			<failure message="FAILED: res://tests/live_planning_scene_test.gd:1092" type="FAILURE">
<![CDATA[
k3/selection: trample action missing
	at '_assert_k3_trample_committed' in res://tests/live_planning_scene_test.gd:1092
	at '_journey_knight3_trampling_advance' in res://tests/live_planning_scene_test.gd:664
	at '_wait_ability_settle' in res://tests/live_planning_scene_test.gd:1979
]]>
			</failure>
			<failure message="FAILED: res://tests/live_planning_scene_test.gd:1096" type="FAILURE">
<![CDATA[
k3/selection: trample projected unit missing
	at '_assert_k3_trample_committed' in res://tests/live_planning_scene_test.gd:1096
	at '_journey_knight3_trampling_advance' in res://tests/live_planning_scene_test.gd:664
	at '_wait_ability_settle' in res://tests/live_planning_scene_test.gd:1979
]]>
			</failure>
			<failure message="FAILED: res://tests/live_planning_scene_test.gd:1024" type="FAILURE">
<![CDATA[
undo_until_clear: missing unit -1 on board
	at '_undo_until_unit_clear' in res://tests/live_planning_scene_test.gd:1024
	at '_wait_planning_move_tween' in res://tests/live_planning_scene_test.gd:992
]]>
			</failure>
			<failure message="FAILED: res://tests/live_planning_scene_test.gd:799" type="FAILURE">
<![CDATA[
Expecting: not to be '<null>'
	at '_select_ability_for_unit' in res://tests/live_planning_scene_test.gd:799
	at '_rearm_trample_awaiting' in res://tests/live_planning_scene_test.gd:821
	at '_journey_knight3_trampling_advance' in res://tests/live_planning_scene_test.gd:668
	at '_undo_until_unit_clear' in res://tests/live_planning_scene_test.gd:1027
	at '_wait_planning_move_tween' in res://tests/live_planning_scene_test.gd:992
]]>
			</failure>
			<failure message="FAILED: res://tests/live_planning_scene_test.gd:824" type="FAILURE">
<![CDATA[
k3: trample must re-arm awaiting at stand
	at '_rearm_trample_awaiting' in res://tests/live_planning_scene_test.gd:824
	at '_wait_ability_settle' in res://tests/live_planning_scene_test.gd:1979
]]>
			</failure>
			<failure message="FAILED: res://tests/live_planning_scene_test.gd:827" type="FAILURE">
<![CDATA[
k3: awaiting action missing after re-arm
	at '_rearm_trample_awaiting' in res://tests/live_planning_scene_test.gd:827
	at '_wait_ability_settle' in res://tests/live_planning_scene_test.gd:1979
]]>
			</failure>
			<failure message="FAILED: res://tests/live_planning_scene_test.gd:1269" type="FAILURE">
<![CDATA[
k3/step_1: drag must be armed before hop to (6, 4)
	at '_hop_drag_to_cell' in res://tests/live_planning_scene_test.gd:1269
	at '_drag_through_cells_with_route_checks' in res://tests/live_planning_scene_test.gd:1787
]]>
			</failure>
			<failure message="FAILED: res://tests/live_planning_scene_test.gd:1879" type="FAILURE">
<![CDATA[
k3/drag_route_1: drag route expected [(5, 4), (6, 4)] got []
	at '_assert_drag_route_equals' in res://tests/live_planning_scene_test.gd:1879
	at '_drag_through_cells_with_route_checks' in res://tests/live_planning_scene_test.gd:1818
]]>
			</failure>
			<failure message="FAILED: res://tests/live_planning_scene_test.gd:1819" type="FAILURE">
<![CDATA[
k3: endpoint paint failed at step 1
	at '_drag_through_cells_with_route_checks' in res://tests/live_planning_scene_test.gd:1819
]]>
			</failure>
			<failure message="FAILED: res://tests/live_planning_scene_test.gd:1895" type="FAILURE">
<![CDATA[
k3/preview_path_1: preview path expected [(5, 4), (6, 4)] got []; events=[]; plan=[]
	at '_assert_preview_path_equals' in res://tests/live_planning_scene_test.gd:1895
	at '_drag_through_cells_with_route_checks' in res://tests/live_planning_scene_test.gd:1823
]]>
			</failure>
			<failure message="FAILED: res://tests/live_planning_scene_test.gd:1269" type="FAILURE">
<![CDATA[
k3/step_2: drag must be armed before hop to (6, 3)
	at '_hop_drag_to_cell' in res://tests/live_planning_scene_test.gd:1269
	at '_drag_through_cells_with_route_checks' in res://tests/live_planning_scene_test.gd:1787
]]>
			</failure>
			<failure message="FAILED: res://tests/live_planning_scene_test.gd:1879" type="FAILURE">
<![CDATA[
k3/drag_route_2: drag route expected [(5, 4), (6, 4), (6, 3)] got []
	at '_assert_drag_route_equals' in res://tests/live_planning_scene_test.gd:1879
	at '_drag_through_cells_with_route_checks' in res://tests/live_planning_scene_test.gd:1818
]]>
			</failure>
			<failure message="FAILED: res://tests/live_planning_scene_test.gd:1819" type="FAILURE">
<![CDATA[
k3: endpoint paint failed at step 2
	at '_drag_through_cells_with_route_checks' in res://tests/live_planning_scene_test.gd:1819
]]>
			</failure>
			<failure message="FAILED: res://tests/live_planning_scene_test.gd:1895" type="FAILURE">
<![CDATA[
k3/preview_path_2: preview path expected [(5, 4), (6, 4), (6, 3)] got []; events=[]; plan=[]
	at '_assert_preview_path_equals' in res://tests/live_planning_scene_test.gd:1895
	at '_drag_through_cells_with_route_checks' in res://tests/live_planning_scene_test.gd:1823
]]>
			</failure>
			<failure message="FAILED: res://tests/live_planning_scene_test.gd:1092" type="FAILURE">
<![CDATA[
k3/drag: trample action missing
	at '_assert_k3_trample_committed' in res://tests/live_planning_scene_test.gd:1092
	at '_journey_knight3_trampling_advance' in res://tests/live_planning_scene_test.gd:670
	at '_drag_through_cells_with_route_checks' in res://tests/live_planning_scene_test.gd:1846
]]>
			</failure>
			<failure message="FAILED: res://tests/live_planning_scene_test.gd:1096" type="FAILURE">
<![CDATA[
k3/drag: trample projected unit missing
	at '_assert_k3_trample_committed' in res://tests/live_planning_scene_test.gd:1096
	at '_journey_knight3_trampling_advance' in res://tests/live_planning_scene_test.gd:670
	at '_drag_through_cells_with_route_checks' in res://tests/live_planning_scene_test.gd:1846
]]>
			</failure>
			<failure message="FAILED: res://tests/live_planning_scene_test.gd:1404" type="FAILURE">
<![CDATA[
k3/post/stand: overlay blue expected true at (6, 3)
	at '_audit_surface' in res://tests/live_planning_scene_test.gd:1404
	at '_probe_cell' in res://tests/live_planning_scene_test.gd:1310
	at '_wait_ability_settle' in res://tests/live_planning_scene_test.gd:1979
]]>
			</failure>
			<failure message="FAILED: res://tests/live_planning_scene_test.gd:1337" type="FAILURE">
<![CDATA[
k3/post/hover_east: preview path must not be empty at (7, 3)
	at '_audit_surface' in res://tests/live_planning_scene_test.gd:1337
	at '_probe_cell' in res://tests/live_planning_scene_test.gd:1310
	at '_wait_ability_settle' in res://tests/live_planning_scene_test.gd:1979
]]>
			</failure>
			<failure message="FAILED: res://tests/live_planning_scene_test.gd:1895" type="FAILURE">
<![CDATA[
k3/post/hover_east: preview path expected [(5, 4), (6, 4), (6, 3), (7, 3)] got []; events=[]; plan=[]
	at '_assert_preview_path_equals' in res://tests/live_planning_scene_test.gd:1895
	at '_audit_surface' in res://tests/live_planning_scene_test.gd:1341
	at '_probe_cell' in res://tests/live_planning_scene_test.gd:1310
	at '_wait_ability_settle' in res://tests/live_planning_scene_test.gd:1979
]]>
			</failure>
			<failure message="FAILED: res://tests/live_planning_scene_test.gd:1358" type="FAILURE">
<![CDATA[
k3/post/hover_east: preview ghost missing at (7, 3); path=[] slots={ "pre": [], "action": [], "post": [], "invalid": false } approach=n/a preview_board=<null>
	at '_audit_surface' in res://tests/live_planning_scene_test.gd:1358
	at '_preview_unit' in res://tests/live_planning_scene_test.gd:1995
]]>
			</failure>
			<failure message="FAILED: res://tests/live_planning_scene_test.gd:1373" type="FAILURE">
<![CDATA[
k3/post/hover_east: icon must contain Ã°Å¸â€˜Å¸, got 
	at '_audit_surface' in res://tests/live_planning_scene_test.gd:1373
	at '_preview_unit' in res://tests/live_planning_scene_test.gd:1995
]]>
			</failure>
			<failure message="FAILED: res://tests/live_planning_scene_test.gd:2700" type="FAILURE">
<![CDATA[
k3/post/hover_east/blue_has_(7, 3): blue move tile at (7, 3) expected true
	at '_assert_move_tile_at' in res://tests/live_planning_scene_test.gd:2700
	at '_audit_surface' in res://tests/live_planning_scene_test.gd:1408
	at '_preview_unit' in res://tests/live_planning_scene_test.gd:1995
]]>
			</failure>
			<failure message="FAILED: res://tests/live_planning_scene_test.gd:1337" type="FAILURE">
<![CDATA[
k3/post/hover_dest: preview path must not be empty at (8, 2)
	at '_audit_surface' in res://tests/live_planning_scene_test.gd:1337
	at '_probe_cell' in res://tests/live_planning_scene_test.gd:1310
	at '_wait_ability_settle' in res://tests/live_planning_scene_test.gd:1979
]]>
			</failure>
			<failure message="FAILED: res://tests/live_planning_scene_test.gd:1953" type="FAILURE">
<![CDATA[
k3/post/hover_dest: preview path empty (expected end (8, 2))
	at '_assert_preview_path_ends' in res://tests/live_planning_scene_test.gd:1953
	at '_audit_surface' in res://tests/live_planning_scene_test.gd:1345
	at '_probe_cell' in res://tests/live_planning_scene_test.gd:1310
	at '_wait_ability_settle' in res://tests/live_planning_scene_test.gd:1979
]]>
			</failure>
			<failure message="FAILED: res://tests/live_planning_scene_test.gd:1358" type="FAILURE">
<![CDATA[
k3/post/hover_dest: preview ghost missing at (8, 2); path=[] slots={ "pre": [], "action": [], "post": [], "invalid": false } approach=n/a preview_board=<null>
	at '_audit_surface' in res://tests/live_planning_scene_test.gd:1358
	at '_preview_unit' in res://tests/live_planning_scene_test.gd:1995
]]>
			</failure>
			<failure message="FAILED: res://tests/live_planning_scene_test.gd:1373" type="FAILURE">
<![CDATA[
k3/post/hover_dest: icon must contain Ã°Å¸â€˜Å¸, got 
	at '_audit_surface' in res://tests/live_planning_scene_test.gd:1373
	at '_preview_unit' in res://tests/live_planning_scene_test.gd:1995
]]>
			</failure>
			<failure message="FAILED: res://tests/live_planning_scene_test.gd:1404" type="FAILURE">
<![CDATA[
k3/post/hover_dest: overlay blue expected true at (8, 2)
	at '_audit_surface' in res://tests/live_planning_scene_test.gd:1404
	at '_preview_unit' in res://tests/live_planning_scene_test.gd:1995
]]>
			</failure>
			<failure message="FAILED: res://tests/live_planning_scene_test.gd:1269" type="FAILURE">
<![CDATA[
k3/post/step_1: drag must be armed before hop to (7, 3)
	at '_hop_drag_to_cell' in res://tests/live_planning_scene_test.gd:1269
	at '_drag_through_cells_with_route_checks' in res://tests/live_planning_scene_test.gd:1787
]]>
			</failure>
			<failure message="FAILED: res://tests/live_planning_scene_test.gd:1879" type="FAILURE">
<![CDATA[
k3/post/drag_route_1: drag route expected [(6, 3), (7, 3)] got []
	at '_assert_drag_route_equals' in res://tests/live_planning_scene_test.gd:1879
	at '_drag_through_cells_with_route_checks' in res://tests/live_planning_scene_test.gd:1805
]]>
			</failure>
			<failure message="FAILED: res://tests/live_planning_scene_test.gd:1895" type="FAILURE">
<![CDATA[
k3/post/preview_path_1: preview path expected [(5, 4), (6, 4), (6, 3), (7, 3)] got []; events=[]; plan=[]
	at '_assert_preview_path_equals' in res://tests/live_planning_scene_test.gd:1895
	at '_drag_through_cells_with_route_checks' in res://tests/live_planning_scene_test.gd:1811
]]>
			</failure>
			<failure message="FAILED: res://tests/live_planning_scene_test.gd:1814" type="FAILURE">
<![CDATA[
k3/post: post drag must show blue move tiles
	at '_drag_through_cells_with_route_checks' in res://tests/live_planning_scene_test.gd:1814
]]>
			</failure>
			<failure message="FAILED: res://tests/live_planning_scene_test.gd:1269" type="FAILURE">
<![CDATA[
k3/post/step_2: drag must be armed before hop to (8, 3)
	at '_hop_drag_to_cell' in res://tests/live_planning_scene_test.gd:1269
	at '_drag_through_cells_with_route_checks' in res://tests/live_planning_scene_test.gd:1787
]]>
			</failure>
			<failure message="FAILED: res://tests/live_planning_scene_test.gd:1879" type="FAILURE">
<![CDATA[
k3/post/drag_route_2: drag route expected [(6, 3), (7, 3), (8, 3)] got []
	at '_assert_drag_route_equals' in res://tests/live_planning_scene_test.gd:1879
	at '_drag_through_cells_with_route_checks' in res://tests/live_planning_scene_test.gd:1805
]]>
			</failure>
			<failure message="FAILED: res://tests/live_planning_scene_test.gd:1895" type="FAILURE">
<![CDATA[
k3/post/preview_path_2: preview path expected [(5, 4), (6, 4), (6, 3), (7, 3), (8, 3)] got []; events=[]; plan=[]
	at '_assert_preview_path_equals' in res://tests/live_planning_scene_test.gd:1895
	at '_drag_through_cells_with_route_checks' in res://tests/live_planning_scene_test.gd:1811
]]>
			</failure>
			<failure message="FAILED: res://tests/live_planning_scene_test.gd:1814" type="FAILURE">
<![CDATA[
k3/post: post drag must show blue move tiles
	at '_drag_through_cells_with_route_checks' in res://tests/live_planning_scene_test.gd:1814
]]>
			</failure>
			<failure message="FAILED: res://tests/live_planning_scene_test.gd:1269" type="FAILURE">
<![CDATA[
k3/post/step_3: drag must be armed before hop to (8, 2)
	at '_hop_drag_to_cell' in res://tests/live_planning_scene_test.gd:1269
	at '_drag_through_cells_with_route_checks' in res://tests/live_planning_scene_test.gd:1787
]]>
			</failure>
			<failure message="FAILED: res://tests/live_planning_scene_test.gd:1879" type="FAILURE">
<![CDATA[
k3/post/drag_route_3: drag route expected [(6, 3), (7, 3), (8, 3), (8, 2)] got []
	at '_assert_drag_route_equals' in res://tests/live_planning_scene_test.gd:1879
	at '_drag_through_cells_with_route_checks' in res://tests/live_planning_scene_test.gd:1805
]]>
			</failure>
			<failure message="FAILED: res://tests/live_planning_scene_test.gd:1895" type="FAILURE">
<![CDATA[
k3/post/preview_path_3: preview path expected [(5, 4), (6, 4), (6, 3), (7, 3), (8, 3), (8, 2)] got []; events=[]; plan=[]
	at '_assert_preview_path_equals' in res://tests/live_planning_scene_test.gd:1895
	at '_drag_through_cells_with_route_checks' in res://tests/live_planning_scene_test.gd:1811
]]>
			</failure>
			<failure message="FAILED: res://tests/live_planning_scene_test.gd:1814" type="FAILURE">
<![CDATA[
k3/post: post drag must show blue move tiles
	at '_drag_through_cells_with_route_checks' in res://tests/live_planning_scene_test.gd:1814
]]>
			</failure>
			<failure message="FAILED: res://tests/live_planning_scene_test.gd:1118" type="FAILURE">
<![CDATA[
k3/post: post-move missing
	at '_assert_k3_post_move_committed' in res://tests/live_planning_scene_test.gd:1118
	at '_journey_knight3_trampling_advance' in res://tests/live_planning_scene_test.gd:708
	at '_drag_through_cells_with_route_checks' in res://tests/live_planning_scene_test.gd:1846
]]>
			</failure>
			<failure message="FAILED: res://tests/live_planning_scene_test.gd:724" type="FAILURE">
<![CDATA[
Expecting: not to be '<null>'
	at '_journey_knight4_run_economy' in res://tests/live_planning_scene_test.gd:724
	at 'test_live_planning_bible_multi_knight_session' in res://tests/live_planning_scene_test.gd:103
	at '_journey_knight3_trampling_advance' in res://tests/live_planning_scene_test.gd:716
	at '_probe_cell' in res://tests/live_planning_scene_test.gd:1312
	at '_wait_ability_settle' in res://tests/live_planning_scene_test.gd:1979
]]>
			</failure>
			<failure message="FAILED: res://tests/live_planning_scene_test.gd:799" type="FAILURE">
<![CDATA[
Expecting: not to be '<null>'
	at '_select_ability_for_unit' in res://tests/live_planning_scene_test.gd:799
	at '_journey_knight4_run_economy' in res://tests/live_planning_scene_test.gd:726
	at '_select_unit_live' in res://tests/live_planning_scene_test.gd:815
	at '_reposition_mouse_to_unit' in res://tests/live_planning_scene_test.gd:1200
]]>
			</failure>
			<failure message="FAILED: res://tests/live_planning_scene_test.gd:727" type="FAILURE">
<![CDATA[
Expecting: not to be '<null>'
	at '_journey_knight4_run_economy' in res://tests/live_planning_scene_test.gd:727
	at '_select_unit_live' in res://tests/live_planning_scene_test.gd:815
	at '_reposition_mouse_to_unit' in res://tests/live_planning_scene_test.gd:1200
]]>
			</failure>
			<failure message="FAILED: res://tests/live_planning_scene_test.gd:2753" type="FAILURE">
<![CDATA[
k4/phase1/stand/red: action-range gate expected true got false
	at '_assert_red_live' in res://tests/live_planning_scene_test.gd:2753
	at '_audit_surface' in res://tests/live_planning_scene_test.gd:1392
	at '_probe_cell' in res://tests/live_planning_scene_test.gd:1310
	at '_wait_ability_settle' in res://tests/live_planning_scene_test.gd:1979
]]>
			</failure>
			<failure message="FAILED: res://tests/live_planning_scene_test.gd:2756" type="FAILURE">
<![CDATA[
k4/phase1/stand/red: overlay red expected true got false
	at '_assert_red_live' in res://tests/live_planning_scene_test.gd:2756
	at '_audit_surface' in res://tests/live_planning_scene_test.gd:1392
	at '_probe_cell' in res://tests/live_planning_scene_test.gd:1310
	at '_wait_ability_settle' in res://tests/live_planning_scene_test.gd:1979
]]>
			</failure>
			<failure message="FAILED: res://tests/live_planning_scene_test.gd:1404" type="FAILURE">
<![CDATA[
k4/phase1/stand: overlay blue expected true at (4, 1)
	at '_audit_surface' in res://tests/live_planning_scene_test.gd:1404
	at '_probe_cell' in res://tests/live_planning_scene_test.gd:1310
	at '_wait_ability_settle' in res://tests/live_planning_scene_test.gd:1979
]]>
			</failure>
			<failure message="FAILED: res://tests/live_planning_scene_test.gd:1895" type="FAILURE">
<![CDATA[
k4/selection/step_1/path: preview path expected [(4, 1), (5, 1)] got []; events=[]; plan=[]
	at '_assert_preview_path_equals' in res://tests/live_planning_scene_test.gd:1895
	at '_select_k4_detour_and_run_route' in res://tests/live_planning_scene_test.gd:1604
	at '_sweep_mouse_to_cell' in res://tests/live_planning_scene_test.gd:1249
]]>
			</failure>
			<failure message="FAILED: res://tests/live_planning_scene_test.gd:1895" type="FAILURE">
<![CDATA[
k4/selection/step_2/path: preview path expected [(4, 1), (5, 1), (5, 2)] got []; events=[]; plan=[]
	at '_assert_preview_path_equals' in res://tests/live_planning_scene_test.gd:1895
	at '_select_k4_detour_and_run_route' in res://tests/live_planning_scene_test.gd:1604
	at '_sweep_mouse_to_cell' in res://tests/live_planning_scene_test.gd:1249
]]>
			</failure>
			<failure message="FAILED: res://tests/live_planning_scene_test.gd:1895" type="FAILURE">
<![CDATA[
k4/selection/step_3/path: preview path expected [(4, 1), (5, 1), (5, 2), (4, 2)] got []; events=[]; plan=[]
	at '_assert_preview_path_equals' in res://tests/live_planning_scene_test.gd:1895
	at '_select_k4_detour_and_run_route' in res://tests/live_planning_scene_test.gd:1604
	at '_sweep_mouse_to_cell' in res://tests/live_planning_scene_test.gd:1249
]]>
			</failure>
			<failure message="FAILED: res://tests/live_planning_scene_test.gd:1701" type="FAILURE">
<![CDATA[
k4/selection/step_3/walk_loop: walk detour must keep skill AP at stand (4, 2)
	at '_assert_k4_walk_loop_preview' in res://tests/live_planning_scene_test.gd:1701
	at '_select_k4_detour_and_run_route' in res://tests/live_planning_scene_test.gd:1607
	at '_wait_ability_settle' in res://tests/live_planning_scene_test.gd:1979
]]>
			</failure>
			<failure message="FAILED: res://tests/live_planning_scene_test.gd:1704" type="FAILURE">
<![CDATA[
k4/selection/step_3/walk_loop: K4 walk loop requires Bowling selected
	at '_assert_k4_walk_loop_preview' in res://tests/live_planning_scene_test.gd:1704
	at '_select_k4_detour_and_run_route' in res://tests/live_planning_scene_test.gd:1607
	at '_wait_ability_settle' in res://tests/live_planning_scene_test.gd:1979
]]>
			</failure>
			<failure message="FAILED: res://tests/live_planning_scene_test.gd:1707" type="FAILURE">
<![CDATA[
k4/selection/step_3/walk_loop: walk detour must keep action-range gate on at stand (4, 2)
	at '_assert_k4_walk_loop_preview' in res://tests/live_planning_scene_test.gd:1707
	at '_select_k4_detour_and_run_route' in res://tests/live_planning_scene_test.gd:1607
	at '_wait_ability_settle' in res://tests/live_planning_scene_test.gd:1979
]]>
			</failure>
			<failure message="FAILED: res://tests/live_planning_scene_test.gd:2753" type="FAILURE">
<![CDATA[
k4/selection/step_3/walk_loop/red: action-range gate expected true got false
	at '_assert_red_live' in res://tests/live_planning_scene_test.gd:2753
	at '_assert_k4_walk_loop_preview' in res://tests/live_planning_scene_test.gd:1710
	at '_select_k4_detour_and_run_route' in res://tests/live_planning_scene_test.gd:1607
	at '_wait_ability_settle' in res://tests/live_planning_scene_test.gd:1979
]]>
			</failure>
			<failure message="FAILED: res://tests/live_planning_scene_test.gd:2756" type="FAILURE">
<![CDATA[
k4/selection/step_3/walk_loop/red: overlay red expected true got false
	at '_assert_red_live' in res://tests/live_planning_scene_test.gd:2756
	at '_assert_k4_walk_loop_preview' in res://tests/live_planning_scene_test.gd:1710
	at '_select_k4_detour_and_run_route' in res://tests/live_planning_scene_test.gd:1607
	at '_wait_ability_settle' in res://tests/live_planning_scene_test.gd:1979
]]>
			</failure>
			<failure message="FAILED: res://tests/live_planning_scene_test.gd:1895" type="FAILURE">
<![CDATA[
k4/selection/step_4/path: preview path expected [(4, 1), (5, 1), (5, 2), (4, 2), (3, 2)] got []; events=[]; plan=[]
	at '_assert_preview_path_equals' in res://tests/live_planning_scene_test.gd:1895
	at '_select_k4_detour_and_run_route' in res://tests/live_planning_scene_test.gd:1604
	at '_sweep_mouse_to_cell' in res://tests/live_planning_scene_test.gd:1249
]]>
			</failure>
			<failure message="FAILED: res://tests/live_planning_scene_test.gd:1720" type="FAILURE">
<![CDATA[
k4/selection/step_4/run_trigger: extension past detour must require Run
	at '_assert_k4_run_loop_preview' in res://tests/live_planning_scene_test.gd:1720
	at '_select_k4_detour_and_run_route' in res://tests/live_planning_scene_test.gd:1610
	at '_wait_ability_settle' in res://tests/live_planning_scene_test.gd:1979
]]>
			</failure>
			<failure message="FAILED: res://tests/live_planning_scene_test.gd:1723" type="FAILURE">
<![CDATA[
k4/selection/step_4/run_trigger: Run intent must show 0 display AP
	at '_assert_k4_run_loop_preview' in res://tests/live_planning_scene_test.gd:1723
	at '_select_k4_detour_and_run_route' in res://tests/live_planning_scene_test.gd:1610
	at '_wait_ability_settle' in res://tests/live_planning_scene_test.gd:1979
]]>
			</failure>
			<failure message="FAILED: res://tests/live_planning_scene_test.gd:1024" type="FAILURE">
<![CDATA[
undo_until_clear: missing unit -1 on board
	at '_undo_until_unit_clear' in res://tests/live_planning_scene_test.gd:1024
	at '_wait_planning_move_tween' in res://tests/live_planning_scene_test.gd:992
]]>
			</failure>
			<failure message="FAILED: res://tests/live_planning_scene_test.gd:1269" type="FAILURE">
<![CDATA[
k4/drag/step_1: drag must be armed before hop to (5, 1)
	at '_hop_drag_to_cell' in res://tests/live_planning_scene_test.gd:1269
	at '_paint_k4_detour_and_run_route' in res://tests/live_planning_scene_test.gd:1637
]]>
			</failure>
			<failure message="FAILED: res://tests/live_planning_scene_test.gd:1879" type="FAILURE">
<![CDATA[
k4/drag/drag_route_1: drag route expected [(4, 1), (5, 1)] got []
	at '_assert_drag_route_equals' in res://tests/live_planning_scene_test.gd:1879
	at '_paint_k4_detour_and_run_route' in res://tests/live_planning_scene_test.gd:1644
]]>
			</failure>
			<failure message="FAILED: res://tests/live_planning_scene_test.gd:1895" type="FAILURE">
<![CDATA[
k4/drag/preview_path_1: preview path expected [(4, 1), (5, 1)] got []; events=[]; plan=[]
	at '_assert_preview_path_equals' in res://tests/live_planning_scene_test.gd:1895
	at '_paint_k4_detour_and_run_route' in res://tests/live_planning_scene_test.gd:1645
]]>
			</failure>
			<failure message="FAILED: res://tests/live_planning_scene_test.gd:1269" type="FAILURE">
<![CDATA[
k4/drag/step_2: drag must be armed before hop to (5, 2)
	at '_hop_drag_to_cell' in res://tests/live_planning_scene_test.gd:1269
	at '_paint_k4_detour_and_run_route' in res://tests/live_planning_scene_test.gd:1637
]]>
			</failure>
			<failure message="FAILED: res://tests/live_planning_scene_test.gd:1879" type="FAILURE">
<![CDATA[
k4/drag/drag_route_2: drag route expected [(4, 1), (5, 1), (5, 2)] got []
	at '_assert_drag_route_equals' in res://tests/live_planning_scene_test.gd:1879
	at '_paint_k4_detour_and_run_route' in res://tests/live_planning_scene_test.gd:1644
]]>
			</failure>
			<failure message="FAILED: res://tests/live_planning_scene_test.gd:1895" type="FAILURE">
<![CDATA[
k4/drag/preview_path_2: preview path expected [(4, 1), (5, 1), (5, 2)] got []; events=[]; plan=[]
	at '_assert_preview_path_equals' in res://tests/live_planning_scene_test.gd:1895
	at '_paint_k4_detour_and_run_route' in res://tests/live_planning_scene_test.gd:1645
]]>
			</failure>
			<failure message="FAILED: res://tests/live_planning_scene_test.gd:1269" type="FAILURE">
<![CDATA[
k4/drag/step_3: drag must be armed before hop to (4, 2)
	at '_hop_drag_to_cell' in res://tests/live_planning_scene_test.gd:1269
	at '_paint_k4_detour_and_run_route' in res://tests/live_planning_scene_test.gd:1637
]]>
			</failure>
			<failure message="FAILED: res://tests/live_planning_scene_test.gd:1879" type="FAILURE">
<![CDATA[
k4/drag/drag_route_3: drag route expected [(4, 1), (5, 1), (5, 2), (4, 2)] got []
	at '_assert_drag_route_equals' in res://tests/live_planning_scene_test.gd:1879
	at '_paint_k4_detour_and_run_route' in res://tests/live_planning_scene_test.gd:1644
]]>
			</failure>
			<failure message="FAILED: res://tests/live_planning_scene_test.gd:1895" type="FAILURE">
<![CDATA[
k4/drag/preview_path_3: preview path expected [(4, 1), (5, 1), (5, 2), (4, 2)] got []; events=[]; plan=[]
	at '_assert_preview_path_equals' in res://tests/live_planning_scene_test.gd:1895
	at '_paint_k4_detour_and_run_route' in res://tests/live_planning_scene_test.gd:1645
]]>
			</failure>
			<failure message="FAILED: res://tests/live_planning_scene_test.gd:1701" type="FAILURE">
<![CDATA[
k4/drag/walk_loop_end: walk detour must keep skill AP at stand (4, 2)
	at '_assert_k4_walk_loop_preview' in res://tests/live_planning_scene_test.gd:1701
	at '_paint_k4_detour_and_run_route' in res://tests/live_planning_scene_test.gd:1652
	at '_wait_ability_settle' in res://tests/live_planning_scene_test.gd:1979
]]>
			</failure>
			<failure message="FAILED: res://tests/live_planning_scene_test.gd:1704" type="FAILURE">
<![CDATA[
k4/drag/walk_loop_end: K4 walk loop requires Bowling selected
	at '_assert_k4_walk_loop_preview' in res://tests/live_planning_scene_test.gd:1704
	at '_paint_k4_detour_and_run_route' in res://tests/live_planning_scene_test.gd:1652
	at '_wait_ability_settle' in res://tests/live_planning_scene_test.gd:1979
]]>
			</failure>
			<failure message="FAILED: res://tests/live_planning_scene_test.gd:1707" type="FAILURE">
<![CDATA[
k4/drag/walk_loop_end: walk detour must keep action-range gate on at stand (4, 2)
	at '_assert_k4_walk_loop_preview' in res://tests/live_planning_scene_test.gd:1707
	at '_paint_k4_detour_and_run_route' in res://tests/live_planning_scene_test.gd:1652
	at '_wait_ability_settle' in res://tests/live_planning_scene_test.gd:1979
]]>
			</failure>
			<failure message="FAILED: res://tests/live_planning_scene_test.gd:2753" type="FAILURE">
<![CDATA[
k4/drag/walk_loop_end/red: action-range gate expected true got false
	at '_assert_red_live' in res://tests/live_planning_scene_test.gd:2753
	at '_assert_k4_walk_loop_preview' in res://tests/live_planning_scene_test.gd:1710
	at '_paint_k4_detour_and_run_route' in res://tests/live_planning_scene_test.gd:1652
	at '_wait_ability_settle' in res://tests/live_planning_scene_test.gd:1979
]]>
			</failure>
			<failure message="FAILED: res://tests/live_planning_scene_test.gd:2756" type="FAILURE">
<![CDATA[
k4/drag/walk_loop_end/red: overlay red expected true got false
	at '_assert_red_live' in res://tests/live_planning_scene_test.gd:2756
	at '_assert_k4_walk_loop_preview' in res://tests/live_planning_scene_test.gd:1710
	at '_paint_k4_detour_and_run_route' in res://tests/live_planning_scene_test.gd:1652
	at '_wait_ability_settle' in res://tests/live_planning_scene_test.gd:1979
]]>
			</failure>
			<failure message="FAILED: res://tests/live_planning_scene_test.gd:1269" type="FAILURE">
<![CDATA[
k4/drag/step_4: drag must be armed before hop to (3, 2)
	at '_hop_drag_to_cell' in res://tests/live_planning_scene_test.gd:1269
	at '_paint_k4_detour_and_run_route' in res://tests/live_planning_scene_test.gd:1637
	at '_k4_preview_snapshot' in res://tests/live_planning_scene_test.gd:1765
]]>
			</failure>
			<failure message="FAILED: res://tests/live_planning_scene_test.gd:1879" type="FAILURE">
<![CDATA[
k4/drag/drag_route_4: drag route expected [(4, 1), (5, 1), (5, 2), (4, 2), (3, 2)] got []
	at '_assert_drag_route_equals' in res://tests/live_planning_scene_test.gd:1879
	at '_paint_k4_detour_and_run_route' in res://tests/live_planning_scene_test.gd:1644
	at '_k4_preview_snapshot' in res://tests/live_planning_scene_test.gd:1765
]]>
			</failure>
			<failure message="FAILED: res://tests/live_planning_scene_test.gd:1895" type="FAILURE">
<![CDATA[
k4/drag/preview_path_4: preview path expected [(4, 1), (5, 1), (5, 2), (4, 2), (3, 2)] got []; events=[]; plan=[]
	at '_assert_preview_path_equals' in res://tests/live_planning_scene_test.gd:1895
	at '_paint_k4_detour_and_run_route' in res://tests/live_planning_scene_test.gd:1645
	at '_k4_preview_snapshot' in res://tests/live_planning_scene_test.gd:1765
]]>
			</failure>
			<failure message="FAILED: res://tests/live_planning_scene_test.gd:1720" type="FAILURE">
<![CDATA[
k4/drag/run_trigger: extension past detour must require Run
	at '_assert_k4_run_loop_preview' in res://tests/live_planning_scene_test.gd:1720
	at '_paint_k4_detour_and_run_route' in res://tests/live_planning_scene_test.gd:1658
	at '_wait_ability_settle' in res://tests/live_planning_scene_test.gd:1979
]]>
			</failure>
			<failure message="FAILED: res://tests/live_planning_scene_test.gd:1723" type="FAILURE">
<![CDATA[
k4/drag/run_trigger: Run intent must show 0 display AP
	at '_assert_k4_run_loop_preview' in res://tests/live_planning_scene_test.gd:1723
	at '_paint_k4_detour_and_run_route' in res://tests/live_planning_scene_test.gd:1658
	at '_wait_ability_settle' in res://tests/live_planning_scene_test.gd:1979
]]>
			</failure>
			<failure message="FAILED: res://tests/live_planning_scene_test.gd:1879" type="FAILURE">
<![CDATA[
k4/drag/route: drag route expected [(4, 1), (5, 1), (5, 2), (4, 2), (3, 2)] got []
	at '_assert_drag_route_equals' in res://tests/live_planning_scene_test.gd:1879
	at '_paint_k4_detour_and_run_route' in res://tests/live_planning_scene_test.gd:1662
	at '_k4_preview_snapshot' in res://tests/live_planning_scene_test.gd:1765
]]>
			</failure>
			<failure message="FAILED: res://tests/live_planning_scene_test.gd:799" type="FAILURE">
<![CDATA[
Expecting: not to be '<null>'
	at '_select_ability_for_unit' in res://tests/live_planning_scene_test.gd:799
	at '_journey_knight4_run_economy' in res://tests/live_planning_scene_test.gd:749
	at '_paint_k4_detour_and_run_route' in res://tests/live_planning_scene_test.gd:1669
]]>
			</failure>
		</testcase>
	</testsuite>
</testsuites>
